<html>
<body>
<pre>
<h1>µVision Build Log</h1>
<h2>Tool Versions:</h2>
IDE-Version: £gVision V5.39.0.0
Copyright (C) 2023 ARM Ltd and ARM Germany GmbH. All rights reserved.
License Information: ¥Ã¸© ¼B, µL, LIC=----
 
Tool Versions:
Toolchain:       MDK-Lite  Version: 5.39.0.0
Toolchain Path:  C:\Keil_v5\ARM\ARMCLANG\Bin
C Compiler:      ArmClang.exe V6.21
Assembler:       Armasm.exe V6.21
Linker/Locator:  ArmLink.exe V6.21
Library Manager: ArmAr.exe V6.21
Hex Converter:   FromElf.exe V6.21
CPU DLL:         SARMCM3.DLL V5.39.0.0
Dialog DLL:      DCM.DLL V1.17.5.0
Target DLL:      STLink\ST-LINKIII-KEIL_SWO.dll V3.2.0.0
Dialog DLL:      TCM.DLL V1.56.4.0
 
<h2>Project:</h2>
C:\Users\yhjugy\Keil5\STM32F103C8T6\LED_Traffic_light_with_OLED\User\program.uvprojx
Project File Date:  03/07/2024

<h2>Output:</h2>
*** Using Compiler 'V6.21', folder: 'C:\Keil_v5\ARM\ARMCLANG\Bin'
Build target 'Target 1'
../Libraries/src/stm32f10x_adc.c(22): warning: In file included from...
../Libraries/inc\stm32f10x_adc.h(31): warning: In file included from...
../CMSIS\stm32f10x.h(481): warning: In file included from...
../CMSIS/core_cm3.h(1204): error: unknown type name 'inline'
 1204 | static __INLINE void __enable_irq()               { __ASM volatile ("cpsie i"); }
      |        ^
../CMSIS/core_cm3.h(751): note: expanded from macro '__INLINE'
  751 |   #define __INLINE         inline                                     /*!< inline keyword for GNU Compiler       */
      |                            ^
../CMSIS/core_cm3.h(1205): error: unknown type name 'inline'
 1205 | static __INLINE void __disable_irq()              { __ASM volatile ("cpsid i"); }
      |        ^
../CMSIS/core_cm3.h(751): note: expanded from macro '__INLINE'
  751 |   #define __INLINE         inline                                     /*!< inline keyword for GNU Compiler       */
      |                            ^
../CMSIS/core_cm3.h(1207): error: unknown type name 'inline'
 1207 | static __INLINE void __enable_fault_irq()         { __ASM volatile ("cpsie f"); }
      |        ^
../CMSIS/core_cm3.h(751): note: expanded from macro '__INLINE'
  751 |   #define __INLINE         inline                                     /*!< inline keyword for GNU Compiler       */
      |                            ^
../CMSIS/core_cm3.h(1208): error: unknown type name 'inline'
 1208 | static __INLINE void __disable_fault_irq()        { __ASM volatile ("cpsid f"); }
      |        ^
../CMSIS/core_cm3.h(751): note: expanded from macro '__INLINE'
  751 |   #define __INLINE         inline                                     /*!< inline keyword for GNU Compiler       */
      |                            ^
../CMSIS/core_cm3.h(1210): error: unknown type name 'inline'
 1210 | static __INLINE void __NOP()                      { __ASM volatile ("nop"); }
      |        ^
../CMSIS/core_cm3.h(751): note: expanded from macro '__INLINE'
  751 |   #define __INLINE         inline                                     /*!< inline keyword for GNU Compiler       */
      |                            ^
../CMSIS/core_cm3.h(1211): error: unknown type name 'inline'
 1211 | static __INLINE void __WFI()                      { __ASM volatile ("wfi"); }
      |        ^
../CMSIS/core_cm3.h(751): note: expanded from macro '__INLINE'
  751 |   #define __INLINE         inline                                     /*!< inline keyword for GNU Compiler       */
      |                            ^
../CMSIS/core_cm3.h(1212): error: unknown type name 'inline'
 1212 | static __INLINE void __WFE()                      { __ASM volatile ("wfe"); }
      |        ^
../CMSIS/core_cm3.h(751): note: expanded from macro '__INLINE'
  751 |   #define __INLINE         inline                                     /*!< inline keyword for GNU Compiler       */
      |                            ^
../CMSIS/core_cm3.h(1213): error: unknown type name 'inline'
 1213 | static __INLINE void __SEV()                      { __ASM volatile ("sev"); }
      |        ^
../CMSIS/core_cm3.h(751): note: expanded from macro '__INLINE'
  751 |   #define __INLINE         inline                                     /*!< inline keyword for GNU Compiler       */
      |                            ^
../CMSIS/core_cm3.h(1214): error: unknown type name 'inline'
 1214 | static __INLINE void __ISB()                      { __ASM volatile ("isb"); }
      |        ^
../CMSIS/core_cm3.h(751): note: expanded from macro '__INLINE'
  751 |   #define __INLINE         inline                                     /*!< inline keyword for GNU Compiler       */
      |                            ^
../CMSIS/core_cm3.h(1215): error: unknown type name 'inline'
 1215 | static __INLINE void __DSB()                      { __ASM volatile ("dsb"); }
      |        ^
../CMSIS/core_cm3.h(751): note: expanded from macro '__INLINE'
  751 |   #define __INLINE         inline                                     /*!< inline keyword for GNU Compiler       */
      |                            ^
../CMSIS/core_cm3.h(1216): error: unknown type name 'inline'
 1216 | static __INLINE void __DMB()                      { __ASM volatile ("dmb"); }
      |        ^
../CMSIS/core_cm3.h(751): note: expanded from macro '__INLINE'
  751 |   #define __INLINE         inline                                     /*!< inline keyword for GNU Compiler       */
      |                            ^
../CMSIS/core_cm3.h(1217): error: unknown type name 'inline'
 1217 | static __INLINE void __CLREX()                    { __ASM volatile ("clrex"); }
      |        ^
../CMSIS/core_cm3.h(751): note: expanded from macro '__INLINE'
  751 |   #define __INLINE         inline                                     /*!< inline keyword for GNU Compiler       */
      |                            ^
../CMSIS/core_cm3.h(1468): error: unknown type name 'inline'
 1468 | static __INLINE void NVIC_SetPriorityGrouping(uint32_t PriorityGroup)
      |        ^
../CMSIS/core_cm3.h(751): note: expanded from macro '__INLINE'
  751 |   #define __INLINE         inline                                     /*!< inline keyword for GNU Compiler       */
      |                            ^
../CMSIS/core_cm3.h(1489): error: unknown type name 'inline'
 1489 | static __INLINE uint32_t NVIC_GetPriorityGrouping(void)
      |        ^
../CMSIS/core_cm3.h(751): note: expanded from macro '__INLINE'
  751 |   #define __INLINE         inline                                     /*!< inline keyword for GNU Compiler       */
      |                            ^
../CMSIS/core_cm3.h(1489): error: expected ';' after top level declarator
 1489 | static __INLINE uint32_t NVIC_GetPriorityGrouping(void)
      |                         ^
      |                         ;
../CMSIS/core_cm3.h(1502): error: unknown type name 'inline'
 1502 | static __INLINE void NVIC_EnableIRQ(IRQn_Type IRQn)
      |        ^
../CMSIS/core_cm3.h(751): note: expanded from macro '__INLINE'
  751 |   #define __INLINE         inline                                     /*!< inline keyword for GNU Compiler       */
      |                            ^
../CMSIS/core_cm3.h(1515): error: unknown type name 'inline'
 1515 | static __INLINE void NVIC_DisableIRQ(IRQn_Type IRQn)
      |        ^
../CMSIS/core_cm3.h(751): note: expanded from macro '__INLINE'
  751 |   #define __INLINE         inline                                     /*!< inline keyword for GNU Compiler       */
      |                            ^
../CMSIS/core_cm3.h(1529): error: unknown type name 'inline'
 1529 | static __INLINE uint32_t NVIC_GetPendingIRQ(IRQn_Type IRQn)
      |        ^
../CMSIS/core_cm3.h(751): note: expanded from macro '__INLINE'
  751 |   #define __INLINE         inline                                     /*!< inline keyword for GNU Compiler       */
      |                            ^
../CMSIS/core_cm3.h(1529): error: expected ';' after top level declarator
 1529 | static __INLINE uint32_t NVIC_GetPendingIRQ(IRQn_Type IRQn)
      |                         ^
      |                         ;
fatal error: too many errors emitted, stopping now [-ferror-limit=]
20 errors generated.
compiling stm32f10x_adc.c...
../Libraries/src/stm32f10x_dbgmcu.c(22): warning: In file included from...
../Libraries/inc\stm32f10x_dbgmcu.h(31): warning: In file included from...
../CMSIS\stm32f10x.h(481): warning: In file included from...
../CMSIS/core_cm3.h(1204): error: unknown type name 'inline'
 1204 | static __INLINE void __enable_irq()               { __ASM volatile ("cpsie i"); }
      |        ^
../CMSIS/core_cm3.h(751): note: expanded from macro '__INLINE'
  751 |   #define __INLINE         inline                                     /*!< inline keyword for GNU Compiler       */
      |                            ^
../CMSIS/core_cm3.h(1205): error: unknown type name 'inline'
 1205 | static __INLINE void __disable_irq()              { __ASM volatile ("cpsid i"); }
      |        ^
../CMSIS/core_cm3.h(751): note: expanded from macro '__INLINE'
  751 |   #define __INLINE         inline                                     /*!< inline keyword for GNU Compiler       */
      |                            ^
../CMSIS/core_cm3.h(1207): error: unknown type name 'inline'
 1207 | static __INLINE void __enable_fault_irq()         { __ASM volatile ("cpsie f"); }
      |        ^
../CMSIS/core_cm3.h(751): note: expanded from macro '__INLINE'
  751 |   #define __INLINE         inline                                     /*!< inline keyword for GNU Compiler       */
      |                            ^
../CMSIS/core_cm3.h(1208): error: unknown type name 'inline'
 1208 | static __INLINE void __disable_fault_irq()        { __ASM volatile ("cpsid f"); }
      |        ^
../CMSIS/core_cm3.h(751): note: expanded from macro '__INLINE'
  751 |   #define __INLINE         inline                                     /*!< inline keyword for GNU Compiler       */
      |                            ^
../CMSIS/core_cm3.h(1210): error: unknown type name 'inline'
 1210 | static __INLINE void __NOP()                      { __ASM volatile ("nop"); }
      |        ^
../CMSIS/core_cm3.h(751): note: expanded from macro '__INLINE'
  751 |   #define __INLINE         inline                                     /*!< inline keyword for GNU Compiler       */
      |                            ^
../CMSIS/core_cm3.h(1211): error: unknown type name 'inline'
 1211 | static __INLINE void __WFI()                      { __ASM volatile ("wfi"); }
      |        ^
../CMSIS/core_cm3.h(751): note: expanded from macro '__INLINE'
  751 |   #define __INLINE         inline                                     /*!< inline keyword for GNU Compiler       */
      |                            ^
../CMSIS/core_cm3.h(1212): error: unknown type name 'inline'
 1212 | static __INLINE void __WFE()                      { __ASM volatile ("wfe"); }
      |        ^
../CMSIS/core_cm3.h(751): note: expanded from macro '__INLINE'
  751 |   #define __INLINE         inline                                     /*!< inline keyword for GNU Compiler       */
      |                            ^
../CMSIS/core_cm3.h(1213): error: unknown type name 'inline'
 1213 | static __INLINE void __SEV()                      { __ASM volatile ("sev"); }
      |        ^
../CMSIS/core_cm3.h(751): note: expanded from macro '__INLINE'
  751 |   #define __INLINE         inline                                     /*!< inline keyword for GNU Compiler       */
      |                            ^
../CMSIS/core_cm3.h(1214): error: unknown type name 'inline'
 1214 | static __INLINE void __ISB()                      { __ASM volatile ("isb"); }
      |        ^
../CMSIS/core_cm3.h(751): note: expanded from macro '__INLINE'
  751 |   #define __INLINE         inline                                     /*!< inline keyword for GNU Compiler       */
      |                            ^
../CMSIS/core_cm3.h(1215): error: unknown type name 'inline'
 1215 | static __INLINE void __DSB()                      { __ASM volatile ("dsb"); }
      |        ^
../CMSIS/core_cm3.h(751): note: expanded from macro '__INLINE'
  751 |   #define __INLINE         inline                                     /*!< inline keyword for GNU Compiler       */
      |                            ^
../CMSIS/core_cm3.h(1216): error: unknown type name 'inline'
 1216 | static __INLINE void __DMB()                      { __ASM volatile ("dmb"); }
      |        ^
../CMSIS/core_cm3.h(751): note: expanded from macro '__INLINE'
  751 |   #define __INLINE         inline                                     /*!< inline keyword for GNU Compiler       */
      |                            ^
../CMSIS/core_cm3.h(1217): error: unknown type name 'inline'
 1217 | static __INLINE void __CLREX()                    { __ASM volatile ("clrex"); }
      |        ^
../CMSIS/core_cm3.h(751): note: expanded from macro '__INLINE'
  751 |   #define __INLINE         inline                                     /*!< inline keyword for GNU Compiler       */
      |                            ^
../CMSIS/core_cm3.h(1468): error: unknown type name 'inline'
 1468 | static __INLINE void NVIC_SetPriorityGrouping(uint32_t PriorityGroup)
      |        ^
../CMSIS/core_cm3.h(751): note: expanded from macro '__INLINE'
  751 |   #define __INLINE         inline                                     /*!< inline keyword for GNU Compiler       */
      |                            ^
../CMSIS/core_cm3.h(1489): error: unknown type name 'inline'
 1489 | static __INLINE uint32_t NVIC_GetPriorityGrouping(void)
      |        ^
../CMSIS/core_cm3.h(751): note: expanded from macro '__INLINE'
  751 |   #define __INLINE         inline                                     /*!< inline keyword for GNU Compiler       */
      |                            ^
../CMSIS/core_cm3.h(1489): error: expected ';' after top level declarator
 1489 | static __INLINE uint32_t NVIC_GetPriorityGrouping(void)
      |                         ^
      |                         ;
../CMSIS/core_cm3.h(1502): error: unknown type name 'inline'
 1502 | static __INLINE void NVIC_EnableIRQ(IRQn_Type IRQn)
      |        ^
../CMSIS/core_cm3.h(751): note: expanded from macro '__INLINE'
  751 |   #define __INLINE         inline                                     /*!< inline keyword for GNU Compiler       */
      |                            ^
../CMSIS/core_cm3.h(1515): error: unknown type name 'inline'
 1515 | static __INLINE void NVIC_DisableIRQ(IRQn_Type IRQn)
      |        ^
../CMSIS/core_cm3.h(751): note: expanded from macro '__INLINE'
  751 |   #define __INLINE         inline                                     /*!< inline keyword for GNU Compiler       */
      |                            ^
../CMSIS/core_cm3.h(1529): error: unknown type name 'inline'
 1529 | static __INLINE uint32_t NVIC_GetPendingIRQ(IRQn_Type IRQn)
      |        ^
../CMSIS/core_cm3.h(751): note: expanded from macro '__INLINE'
  751 |   #define __INLINE         inline                                     /*!< inline keyword for GNU Compiler       */
      |                            ^
../CMSIS/core_cm3.h(1529): error: expected ';' after top level declarator
 1529 | static __INLINE uint32_t NVIC_GetPendingIRQ(IRQn_Type IRQn)
      |                         ^
      |                         ;
fatal error: too many errors emitted, stopping now [-ferror-limit=]
20 errors generated.
compiling stm32f10x_dbgmcu.c...
../CMSIS/system_stm32f10x.c(64): warning: In file included from...
../CMSIS/stm32f10x.h(481): warning: In file included from...
../CMSIS/core_cm3.h(1204): error: unknown type name 'inline'
 1204 | static __INLINE void __enable_irq()               { __ASM volatile ("cpsie i"); }
      |        ^
../CMSIS/core_cm3.h(751): note: expanded from macro '__INLINE'
  751 |   #define __INLINE         inline                                     /*!< inline keyword for GNU Compiler       */
      |                            ^
../CMSIS/core_cm3.h(1205): error: unknown type name 'inline'
 1205 | static __INLINE void __disable_irq()              { __ASM volatile ("cpsid i"); }
      |        ^
../CMSIS/core_cm3.h(751): note: expanded from macro '__INLINE'
  751 |   #define __INLINE         inline                                     /*!< inline keyword for GNU Compiler       */
      |                            ^
../CMSIS/core_cm3.h(1207): error: unknown type name 'inline'
 1207 | static __INLINE void __enable_fault_irq()         { __ASM volatile ("cpsie f"); }
      |        ^
../CMSIS/core_cm3.h(751): note: expanded from macro '__INLINE'
  751 |   #define __INLINE         inline                                     /*!< inline keyword for GNU Compiler       */
      |                            ^
../CMSIS/core_cm3.h(1208): error: unknown type name 'inline'
 1208 | static __INLINE void __disable_fault_irq()        { __ASM volatile ("cpsid f"); }
      |        ^
../CMSIS/core_cm3.h(751): note: expanded from macro '__INLINE'
  751 |   #define __INLINE         inline                                     /*!< inline keyword for GNU Compiler       */
      |                            ^
../CMSIS/core_cm3.h(1210): error: unknown type name 'inline'
 1210 | static __INLINE void __NOP()                      { __ASM volatile ("nop"); }
      |        ^
../CMSIS/core_cm3.h(751): note: expanded from macro '__INLINE'
  751 |   #define __INLINE         inline                                     /*!< inline keyword for GNU Compiler       */
      |                            ^
../CMSIS/core_cm3.h(1211): error: unknown type name 'inline'
 1211 | static __INLINE void __WFI()                      { __ASM volatile ("wfi"); }
      |        ^
../CMSIS/core_cm3.h(751): note: expanded from macro '__INLINE'
  751 |   #define __INLINE         inline                                     /*!< inline keyword for GNU Compiler       */
      |                            ^
../CMSIS/core_cm3.h(1212): error: unknown type name 'inline'
 1212 | static __INLINE void __WFE()                      { __ASM volatile ("wfe"); }
      |        ^
../CMSIS/core_cm3.h(751): note: expanded from macro '__INLINE'
  751 |   #define __INLINE         inline                                     /*!< inline keyword for GNU Compiler       */
      |                            ^
../CMSIS/core_cm3.h(1213): error: unknown type name 'inline'
 1213 | static __INLINE void __SEV()                      { __ASM volatile ("sev"); }
      |        ^
../CMSIS/core_cm3.h(751): note: expanded from macro '__INLINE'
  751 |   #define __INLINE         inline                                     /*!< inline keyword for GNU Compiler       */
      |                            ^
../CMSIS/core_cm3.h(1214): error: unknown type name 'inline'
 1214 | static __INLINE void __ISB()                      { __ASM volatile ("isb"); }
      |        ^
../CMSIS/core_cm3.h(751): note: expanded from macro '__INLINE'
  751 |   #define __INLINE         inline                                     /*!< inline keyword for GNU Compiler       */
      |                            ^
../CMSIS/core_cm3.h(1215): error: unknown type name 'inline'
 1215 | static __INLINE void __DSB()                      { __ASM volatile ("dsb"); }
      |        ^
../CMSIS/core_cm3.h(751): note: expanded from macro '__INLINE'
  751 |   #define __INLINE         inline                                     /*!< inline keyword for GNU Compiler       */
      |                            ^
../CMSIS/core_cm3.h(1216): error: unknown type name 'inline'
 1216 | static __INLINE void __DMB()                      { __ASM volatile ("dmb"); }
      |        ^
../CMSIS/core_cm3.h(751): note: expanded from macro '__INLINE'
  751 |   #define __INLINE         inline                                     /*!< inline keyword for GNU Compiler       */
      |                            ^
../CMSIS/core_cm3.h(1217): error: unknown type name 'inline'
 1217 | static __INLINE void __CLREX()                    { __ASM volatile ("clrex"); }
      |        ^
../CMSIS/core_cm3.h(751): note: expanded from macro '__INLINE'
  751 |   #define __INLINE         inline                                     /*!< inline keyword for GNU Compiler       */
      |                            ^
../CMSIS/core_cm3.h(1468): error: unknown type name 'inline'
 1468 | static __INLINE void NVIC_SetPriorityGrouping(uint32_t PriorityGroup)
      |        ^
../CMSIS/core_cm3.h(751): note: expanded from macro '__INLINE'
  751 |   #define __INLINE         inline                                     /*!< inline keyword for GNU Compiler       */
      |                            ^
../CMSIS/core_cm3.h(1489): error: unknown type name 'inline'
 1489 | static __INLINE uint32_t NVIC_GetPriorityGrouping(void)
      |        ^
../CMSIS/core_cm3.h(751): note: expanded from macro '__INLINE'
  751 |   #define __INLINE         inline                                     /*!< inline keyword for GNU Compiler       */
      |                            ^
../CMSIS/core_cm3.h(1489): error: expected ';' after top level declarator
 1489 | static __INLINE uint32_t NVIC_GetPriorityGrouping(void)
      |                         ^
      |                         ;
../CMSIS/core_cm3.h(1502): error: unknown type name 'inline'
 1502 | static __INLINE void NVIC_EnableIRQ(IRQn_Type IRQn)
      |        ^
../CMSIS/core_cm3.h(751): note: expanded from macro '__INLINE'
  751 |   #define __INLINE         inline                                     /*!< inline keyword for GNU Compiler       */
      |                            ^
../CMSIS/core_cm3.h(1515): error: unknown type name 'inline'
 1515 | static __INLINE void NVIC_DisableIRQ(IRQn_Type IRQn)
      |        ^
../CMSIS/core_cm3.h(751): note: expanded from macro '__INLINE'
  751 |   #define __INLINE         inline                                     /*!< inline keyword for GNU Compiler       */
      |                            ^
../CMSIS/core_cm3.h(1529): error: unknown type name 'inline'
 1529 | static __INLINE uint32_t NVIC_GetPendingIRQ(IRQn_Type IRQn)
      |        ^
../CMSIS/core_cm3.h(751): note: expanded from macro '__INLINE'
  751 |   #define __INLINE         inline                                     /*!< inline keyword for GNU Compiler       */
      |                            ^
../CMSIS/core_cm3.h(1529): error: expected ';' after top level declarator
 1529 | static __INLINE uint32_t NVIC_GetPendingIRQ(IRQn_Type IRQn)
      |                         ^
      |                         ;
fatal error: too many errors emitted, stopping now [-ferror-limit=]
20 errors generated.
compiling system_stm32f10x.c...
../Libraries/src/stm32f10x_exti.c(22): warning: In file included from...
../Libraries/inc\stm32f10x_exti.h(31): warning: In file included from...
../CMSIS\stm32f10x.h(481): warning: In file included from...
../CMSIS/core_cm3.h(1204): error: unknown type name 'inline'
 1204 | static __INLINE void __enable_irq()               { __ASM volatile ("cpsie i"); }
      |        ^
../CMSIS/core_cm3.h(751): note: expanded from macro '__INLINE'
  751 |   #define __INLINE         inline                                     /*!< inline keyword for GNU Compiler       */
      |                            ^
../CMSIS/core_cm3.h(1205): error: unknown type name 'inline'
 1205 | static __INLINE void __disable_irq()              { __ASM volatile ("cpsid i"); }
      |        ^
../CMSIS/core_cm3.h(751): note: expanded from macro '__INLINE'
  751 |   #define __INLINE         inline                                     /*!< inline keyword for GNU Compiler       */
      |                            ^
../CMSIS/core_cm3.h(1207): error: unknown type name 'inline'
 1207 | static __INLINE void __enable_fault_irq()         { __ASM volatile ("cpsie f"); }
      |        ^
../CMSIS/core_cm3.h(751): note: expanded from macro '__INLINE'
  751 |   #define __INLINE         inline                                     /*!< inline keyword for GNU Compiler       */
      |                            ^
../CMSIS/core_cm3.h(1208): error: unknown type name 'inline'
 1208 | static __INLINE void __disable_fault_irq()        { __ASM volatile ("cpsid f"); }
      |        ^
../CMSIS/core_cm3.h(751): note: expanded from macro '__INLINE'
  751 |   #define __INLINE         inline                                     /*!< inline keyword for GNU Compiler       */
      |                            ^
../CMSIS/core_cm3.h(1210): error: unknown type name 'inline'
 1210 | static __INLINE void __NOP()                      { __ASM volatile ("nop"); }
      |        ^
../CMSIS/core_cm3.h(751): note: expanded from macro '__INLINE'
  751 |   #define __INLINE         inline                                     /*!< inline keyword for GNU Compiler       */
      |                            ^
../CMSIS/core_cm3.h(1211): error: unknown type name 'inline'
 1211 | static __INLINE void __WFI()                      { __ASM volatile ("wfi"); }
      |        ^
../CMSIS/core_cm3.h(751): note: expanded from macro '__INLINE'
  751 |   #define __INLINE         inline                                     /*!< inline keyword for GNU Compiler       */
      |                            ^
../CMSIS/core_cm3.h(1212): error: unknown type name 'inline'
 1212 | static __INLINE void __WFE()                      { __ASM volatile ("wfe"); }
      |        ^
../CMSIS/core_cm3.h(751): note: expanded from macro '__INLINE'
  751 |   #define __INLINE         inline                                     /*!< inline keyword for GNU Compiler       */
      |                            ^
../CMSIS/core_cm3.h(1213): error: unknown type name 'inline'
 1213 | static __INLINE void __SEV()                      { __ASM volatile ("sev"); }
      |        ^
../CMSIS/core_cm3.h(751): note: expanded from macro '__INLINE'
  751 |   #define __INLINE         inline                                     /*!< inline keyword for GNU Compiler       */
      |                            ^
../CMSIS/core_cm3.h(1214): error: unknown type name 'inline'
 1214 | static __INLINE void __ISB()                      { __ASM volatile ("isb"); }
      |        ^
../CMSIS/core_cm3.h(751): note: expanded from macro '__INLINE'
  751 |   #define __INLINE         inline                                     /*!< inline keyword for GNU Compiler       */
      |                            ^
../CMSIS/core_cm3.h(1215): error: unknown type name 'inline'
 1215 | static __INLINE void __DSB()                      { __ASM volatile ("dsb"); }
      |        ^
../CMSIS/core_cm3.h(751): note: expanded from macro '__INLINE'
  751 |   #define __INLINE         inline                                     /*!< inline keyword for GNU Compiler       */
      |                            ^
../CMSIS/core_cm3.h(1216): error: unknown type name 'inline'
 1216 | static __INLINE void __DMB()                      { __ASM volatile ("dmb"); }
      |        ^
../CMSIS/core_cm3.h(751): note: expanded from macro '__INLINE'
  751 |   #define __INLINE         inline                                     /*!< inline keyword for GNU Compiler       */
      |                            ^
../CMSIS/core_cm3.h(1217): error: unknown type name 'inline'
 1217 | static __INLINE void __CLREX()                    { __ASM volatile ("clrex"); }
      |        ^
../CMSIS/core_cm3.h(751): note: expanded from macro '__INLINE'
  751 |   #define __INLINE         inline                                     /*!< inline keyword for GNU Compiler       */
      |                            ^
../CMSIS/core_cm3.h(1468): error: unknown type name 'inline'
 1468 | static __INLINE void NVIC_SetPriorityGrouping(uint32_t PriorityGroup)
      |        ^
../CMSIS/core_cm3.h(751): note: expanded from macro '__INLINE'
  751 |   #define __INLINE         inline                                     /*!< inline keyword for GNU Compiler       */
      |                            ^
../CMSIS/core_cm3.h(1489): error: unknown type name 'inline'
 1489 | static __INLINE uint32_t NVIC_GetPriorityGrouping(void)
      |        ^
../CMSIS/core_cm3.h(751): note: expanded from macro '__INLINE'
  751 |   #define __INLINE         inline                                     /*!< inline keyword for GNU Compiler       */
      |                            ^
../CMSIS/core_cm3.h(1489): error: expected ';' after top level declarator
 1489 | static __INLINE uint32_t NVIC_GetPriorityGrouping(void)
      |                         ^
      |                         ;
../CMSIS/core_cm3.h(1502): error: unknown type name 'inline'
 1502 | static __INLINE void NVIC_EnableIRQ(IRQn_Type IRQn)
      |        ^
../CMSIS/core_cm3.h(751): note: expanded from macro '__INLINE'
  751 |   #define __INLINE         inline                                     /*!< inline keyword for GNU Compiler       */
      |                            ^
../CMSIS/core_cm3.h(1515): error: unknown type name 'inline'
 1515 | static __INLINE void NVIC_DisableIRQ(IRQn_Type IRQn)
      |        ^
../CMSIS/core_cm3.h(751): note: expanded from macro '__INLINE'
  751 |   #define __INLINE         inline                                     /*!< inline keyword for GNU Compiler       */
      |                            ^
../CMSIS/core_cm3.h(1529): error: unknown type name 'inline'
 1529 | static __INLINE uint32_t NVIC_GetPendingIRQ(IRQn_Type IRQn)
      |        ^
../CMSIS/core_cm3.h(751): note: expanded from macro '__INLINE'
  751 |   #define __INLINE         inline                                     /*!< inline keyword for GNU Compiler       */
      |                            ^
../CMSIS/core_cm3.h(1529): error: expected ';' after top level declarator
 1529 | static __INLINE uint32_t NVIC_GetPendingIRQ(IRQn_Type IRQn)
      |                         ^
      |                         ;
fatal error: too many errors emitted, stopping now [-ferror-limit=]
20 errors generated.
compiling stm32f10x_exti.c...
../Libraries/src/stm32f10x_crc.c(22): warning: In file included from...
../Libraries/inc\stm32f10x_crc.h(31): warning: In file included from...
../CMSIS\stm32f10x.h(481): warning: In file included from...
../CMSIS/core_cm3.h(1204): error: unknown type name 'inline'
 1204 | static __INLINE void __enable_irq()               { __ASM volatile ("cpsie i"); }
      |        ^
../CMSIS/core_cm3.h(751): note: expanded from macro '__INLINE'
  751 |   #define __INLINE         inline                                     /*!< inline keyword for GNU Compiler       */
      |                            ^
../CMSIS/core_cm3.h(1205): error: unknown type name 'inline'
 1205 | static __INLINE void __disable_irq()              { __ASM volatile ("cpsid i"); }
      |        ^
../CMSIS/core_cm3.h(751): note: expanded from macro '__INLINE'
  751 |   #define __INLINE         inline                                     /*!< inline keyword for GNU Compiler       */
      |                            ^
../CMSIS/core_cm3.h(1207): error: unknown type name 'inline'
 1207 | static __INLINE void __enable_fault_irq()         { __ASM volatile ("cpsie f"); }
      |        ^
../CMSIS/core_cm3.h(751): note: expanded from macro '__INLINE'
  751 |   #define __INLINE         inline                                     /*!< inline keyword for GNU Compiler       */
      |                            ^
../CMSIS/core_cm3.h(1208): error: unknown type name 'inline'
 1208 | static __INLINE void __disable_fault_irq()        { __ASM volatile ("cpsid f"); }
      |        ^
../CMSIS/core_cm3.h(751): note: expanded from macro '__INLINE'
  751 |   #define __INLINE         inline                                     /*!< inline keyword for GNU Compiler       */
      |                            ^
../CMSIS/core_cm3.h(1210): error: unknown type name 'inline'
 1210 | static __INLINE void __NOP()                      { __ASM volatile ("nop"); }
      |        ^
../CMSIS/core_cm3.h(751): note: expanded from macro '__INLINE'
  751 |   #define __INLINE         inline                                     /*!< inline keyword for GNU Compiler       */
      |                            ^
../CMSIS/core_cm3.h(1211): error: unknown type name 'inline'
 1211 | static __INLINE void __WFI()                      { __ASM volatile ("wfi"); }
      |        ^
../CMSIS/core_cm3.h(751): note: expanded from macro '__INLINE'
  751 |   #define __INLINE         inline                                     /*!< inline keyword for GNU Compiler       */
      |                            ^
../CMSIS/core_cm3.h(1212): error: unknown type name 'inline'
 1212 | static __INLINE void __WFE()                      { __ASM volatile ("wfe"); }
      |        ^
../CMSIS/core_cm3.h(751): note: expanded from macro '__INLINE'
  751 |   #define __INLINE         inline                                     /*!< inline keyword for GNU Compiler       */
      |                            ^
../CMSIS/core_cm3.h(1213): error: unknown type name 'inline'
 1213 | static __INLINE void __SEV()                      { __ASM volatile ("sev"); }
      |        ^
../CMSIS/core_cm3.h(751): note: expanded from macro '__INLINE'
  751 |   #define __INLINE         inline                                     /*!< inline keyword for GNU Compiler       */
      |                            ^
../CMSIS/core_cm3.h(1214): error: unknown type name 'inline'
 1214 | static __INLINE void __ISB()                      { __ASM volatile ("isb"); }
      |        ^
../CMSIS/core_cm3.h(751): note: expanded from macro '__INLINE'
  751 |   #define __INLINE         inline                                     /*!< inline keyword for GNU Compiler       */
      |                            ^
../CMSIS/core_cm3.h(1215): error: unknown type name 'inline'
 1215 | static __INLINE void __DSB()                      { __ASM volatile ("dsb"); }
      |        ^
../CMSIS/core_cm3.h(751): note: expanded from macro '__INLINE'
  751 |   #define __INLINE         inline                                     /*!< inline keyword for GNU Compiler       */
      |                            ^
../CMSIS/core_cm3.h(1216): error: unknown type name 'inline'
 1216 | static __INLINE void __DMB()                      { __ASM volatile ("dmb"); }
      |        ^
../CMSIS/core_cm3.h(751): note: expanded from macro '__INLINE'
  751 |   #define __INLINE         inline                                     /*!< inline keyword for GNU Compiler       */
      |                            ^
../CMSIS/core_cm3.h(1217): error: unknown type name 'inline'
 1217 | static __INLINE void __CLREX()                    { __ASM volatile ("clrex"); }
      |        ^
../CMSIS/core_cm3.h(751): note: expanded from macro '__INLINE'
  751 |   #define __INLINE         inline                                     /*!< inline keyword for GNU Compiler       */
      |                            ^
../CMSIS/core_cm3.h(1468): error: unknown type name 'inline'
 1468 | static __INLINE void NVIC_SetPriorityGrouping(uint32_t PriorityGroup)
      |        ^
../CMSIS/core_cm3.h(751): note: expanded from macro '__INLINE'
  751 |   #define __INLINE         inline                                     /*!< inline keyword for GNU Compiler       */
      |                            ^
../CMSIS/core_cm3.h(1489): error: unknown type name 'inline'
 1489 | static __INLINE uint32_t NVIC_GetPriorityGrouping(void)
      |        ^
../CMSIS/core_cm3.h(751): note: expanded from macro '__INLINE'
  751 |   #define __INLINE         inline                                     /*!< inline keyword for GNU Compiler       */
      |                            ^
../CMSIS/core_cm3.h(1489): error: expected ';' after top level declarator
 1489 | static __INLINE uint32_t NVIC_GetPriorityGrouping(void)
      |                         ^
      |                         ;
../CMSIS/core_cm3.h(1502): error: unknown type name 'inline'
 1502 | static __INLINE void NVIC_EnableIRQ(IRQn_Type IRQn)
      |        ^
../CMSIS/core_cm3.h(751): note: expanded from macro '__INLINE'
  751 |   #define __INLINE         inline                                     /*!< inline keyword for GNU Compiler       */
      |                            ^
../CMSIS/core_cm3.h(1515): error: unknown type name 'inline'
 1515 | static __INLINE void NVIC_DisableIRQ(IRQn_Type IRQn)
      |        ^
../CMSIS/core_cm3.h(751): note: expanded from macro '__INLINE'
  751 |   #define __INLINE         inline                                     /*!< inline keyword for GNU Compiler       */
      |                            ^
../CMSIS/core_cm3.h(1529): error: unknown type name 'inline'
 1529 | static __INLINE uint32_t NVIC_GetPendingIRQ(IRQn_Type IRQn)
      |        ^
../CMSIS/core_cm3.h(751): note: expanded from macro '__INLINE'
  751 |   #define __INLINE         inline                                     /*!< inline keyword for GNU Compiler       */
      |                            ^
../CMSIS/core_cm3.h(1529): error: expected ';' after top level declarator
 1529 | static __INLINE uint32_t NVIC_GetPendingIRQ(IRQn_Type IRQn)
      |                         ^
      |                         ;
fatal error: too many errors emitted, stopping now [-ferror-limit=]
20 errors generated.
compiling stm32f10x_crc.c...
../Libraries/src/stm32f10x_dac.c(22): warning: In file included from...
../Libraries/inc\stm32f10x_dac.h(31): warning: In file included from...
../CMSIS\stm32f10x.h(481): warning: In file included from...
../CMSIS/core_cm3.h(1204): error: unknown type name 'inline'
 1204 | static __INLINE void __enable_irq()               { __ASM volatile ("cpsie i"); }
      |        ^
../CMSIS/core_cm3.h(751): note: expanded from macro '__INLINE'
  751 |   #define __INLINE         inline                                     /*!< inline keyword for GNU Compiler       */
      |                            ^
../CMSIS/core_cm3.h(1205): error: unknown type name 'inline'
 1205 | static __INLINE void __disable_irq()              { __ASM volatile ("cpsid i"); }
      |        ^
../CMSIS/core_cm3.h(751): note: expanded from macro '__INLINE'
  751 |   #define __INLINE         inline                                     /*!< inline keyword for GNU Compiler       */
      |                            ^
../CMSIS/core_cm3.h(1207): error: unknown type name 'inline'
 1207 | static __INLINE void __enable_fault_irq()         { __ASM volatile ("cpsie f"); }
      |        ^
../CMSIS/core_cm3.h(751): note: expanded from macro '__INLINE'
  751 |   #define __INLINE         inline                                     /*!< inline keyword for GNU Compiler       */
      |                            ^
../CMSIS/core_cm3.h(1208): error: unknown type name 'inline'
 1208 | static __INLINE void __disable_fault_irq()        { __ASM volatile ("cpsid f"); }
      |        ^
../CMSIS/core_cm3.h(751): note: expanded from macro '__INLINE'
  751 |   #define __INLINE         inline                                     /*!< inline keyword for GNU Compiler       */
      |                            ^
../CMSIS/core_cm3.h(1210): error: unknown type name 'inline'
 1210 | static __INLINE void __NOP()                      { __ASM volatile ("nop"); }
      |        ^
../CMSIS/core_cm3.h(751): note: expanded from macro '__INLINE'
  751 |   #define __INLINE         inline                                     /*!< inline keyword for GNU Compiler       */
      |                            ^
../CMSIS/core_cm3.h(1211): error: unknown type name 'inline'
 1211 | static __INLINE void __WFI()                      { __ASM volatile ("wfi"); }
      |        ^
../CMSIS/core_cm3.h(751): note: expanded from macro '__INLINE'
  751 |   #define __INLINE         inline                                     /*!< inline keyword for GNU Compiler       */
      |                            ^
../CMSIS/core_cm3.h(1212): error: unknown type name 'inline'
 1212 | static __INLINE void __WFE()                      { __ASM volatile ("wfe"); }
      |        ^
../CMSIS/core_cm3.h(751): note: expanded from macro '__INLINE'
  751 |   #define __INLINE         inline                                     /*!< inline keyword for GNU Compiler       */
      |                            ^
../CMSIS/core_cm3.h(1213): error: unknown type name 'inline'
 1213 | static __INLINE void __SEV()                      { __ASM volatile ("sev"); }
      |        ^
../CMSIS/core_cm3.h(751): note: expanded from macro '__INLINE'
  751 |   #define __INLINE         inline                                     /*!< inline keyword for GNU Compiler       */
      |                            ^
../CMSIS/core_cm3.h(1214): error: unknown type name 'inline'
 1214 | static __INLINE void __ISB()                      { __ASM volatile ("isb"); }
      |        ^
../CMSIS/core_cm3.h(751): note: expanded from macro '__INLINE'
  751 |   #define __INLINE         inline                                     /*!< inline keyword for GNU Compiler       */
      |                            ^
../CMSIS/core_cm3.h(1215): error: unknown type name 'inline'
 1215 | static __INLINE void __DSB()                      { __ASM volatile ("dsb"); }
      |        ^
../CMSIS/core_cm3.h(751): note: expanded from macro '__INLINE'
  751 |   #define __INLINE         inline                                     /*!< inline keyword for GNU Compiler       */
      |                            ^
../CMSIS/core_cm3.h(1216): error: unknown type name 'inline'
 1216 | static __INLINE void __DMB()                      { __ASM volatile ("dmb"); }
      |        ^
../CMSIS/core_cm3.h(751): note: expanded from macro '__INLINE'
  751 |   #define __INLINE         inline                                     /*!< inline keyword for GNU Compiler       */
      |                            ^
../CMSIS/core_cm3.h(1217): error: unknown type name 'inline'
 1217 | static __INLINE void __CLREX()                    { __ASM volatile ("clrex"); }
      |        ^
../CMSIS/core_cm3.h(751): note: expanded from macro '__INLINE'
  751 |   #define __INLINE         inline                                     /*!< inline keyword for GNU Compiler       */
      |                            ^
../CMSIS/core_cm3.h(1468): error: unknown type name 'inline'
 1468 | static __INLINE void NVIC_SetPriorityGrouping(uint32_t PriorityGroup)
      |        ^
../CMSIS/core_cm3.h(751): note: expanded from macro '__INLINE'
  751 |   #define __INLINE         inline                                     /*!< inline keyword for GNU Compiler       */
      |                            ^
../CMSIS/core_cm3.h(1489): error: unknown type name 'inline'
 1489 | static __INLINE uint32_t NVIC_GetPriorityGrouping(void)
      |        ^
../CMSIS/core_cm3.h(751): note: expanded from macro '__INLINE'
  751 |   #define __INLINE         inline                                     /*!< inline keyword for GNU Compiler       */
      |                            ^
../CMSIS/core_cm3.h(1489): error: expected ';' after top level declarator
 1489 | static __INLINE uint32_t NVIC_GetPriorityGrouping(void)
      |                         ^
      |                         ;
../CMSIS/core_cm3.h(1502): error: unknown type name 'inline'
 1502 | static __INLINE void NVIC_EnableIRQ(IRQn_Type IRQn)
      |        ^
../CMSIS/core_cm3.h(751): note: expanded from macro '__INLINE'
  751 |   #define __INLINE         inline                                     /*!< inline keyword for GNU Compiler       */
      |                            ^
../CMSIS/core_cm3.h(1515): error: unknown type name 'inline'
 1515 | static __INLINE void NVIC_DisableIRQ(IRQn_Type IRQn)
      |        ^
../CMSIS/core_cm3.h(751): note: expanded from macro '__INLINE'
  751 |   #define __INLINE         inline                                     /*!< inline keyword for GNU Compiler       */
      |                            ^
../CMSIS/core_cm3.h(1529): error: unknown type name 'inline'
 1529 | static __INLINE uint32_t NVIC_GetPendingIRQ(IRQn_Type IRQn)
      |        ^
../CMSIS/core_cm3.h(751): note: expanded from macro '__INLINE'
  751 |   #define __INLINE         inline                                     /*!< inline keyword for GNU Compiler       */
      |                            ^
../CMSIS/core_cm3.h(1529): error: expected ';' after top level declarator
 1529 | static __INLINE uint32_t NVIC_GetPendingIRQ(IRQn_Type IRQn)
      |                         ^
      |                         ;
fatal error: too many errors emitted, stopping now [-ferror-limit=]
20 errors generated.
compiling stm32f10x_dac.c...
../Libraries/src/stm32f10x_cec.c(22): warning: In file included from...
../Libraries/inc\stm32f10x_cec.h(31): warning: In file included from...
../CMSIS\stm32f10x.h(481): warning: In file included from...
../CMSIS/core_cm3.h(1204): error: unknown type name 'inline'
 1204 | static __INLINE void __enable_irq()               { __ASM volatile ("cpsie i"); }
      |        ^
../CMSIS/core_cm3.h(751): note: expanded from macro '__INLINE'
  751 |   #define __INLINE         inline                                     /*!< inline keyword for GNU Compiler       */
      |                            ^
../CMSIS/core_cm3.h(1205): error: unknown type name 'inline'
 1205 | static __INLINE void __disable_irq()              { __ASM volatile ("cpsid i"); }
      |        ^
../CMSIS/core_cm3.h(751): note: expanded from macro '__INLINE'
  751 |   #define __INLINE         inline                                     /*!< inline keyword for GNU Compiler       */
      |                            ^
../CMSIS/core_cm3.h(1207): error: unknown type name 'inline'
 1207 | static __INLINE void __enable_fault_irq()         { __ASM volatile ("cpsie f"); }
      |        ^
../CMSIS/core_cm3.h(751): note: expanded from macro '__INLINE'
  751 |   #define __INLINE         inline                                     /*!< inline keyword for GNU Compiler       */
      |                            ^
../CMSIS/core_cm3.h(1208): error: unknown type name 'inline'
 1208 | static __INLINE void __disable_fault_irq()        { __ASM volatile ("cpsid f"); }
      |        ^
../CMSIS/core_cm3.h(751): note: expanded from macro '__INLINE'
  751 |   #define __INLINE         inline                                     /*!< inline keyword for GNU Compiler       */
      |                            ^
../CMSIS/core_cm3.h(1210): error: unknown type name 'inline'
 1210 | static __INLINE void __NOP()                      { __ASM volatile ("nop"); }
      |        ^
../CMSIS/core_cm3.h(751): note: expanded from macro '__INLINE'
  751 |   #define __INLINE         inline                                     /*!< inline keyword for GNU Compiler       */
      |                            ^
../CMSIS/core_cm3.h(1211): error: unknown type name 'inline'
 1211 | static __INLINE void __WFI()                      { __ASM volatile ("wfi"); }
      |        ^
../CMSIS/core_cm3.h(751): note: expanded from macro '__INLINE'
  751 |   #define __INLINE         inline                                     /*!< inline keyword for GNU Compiler       */
      |                            ^
../CMSIS/core_cm3.h(1212): error: unknown type name 'inline'
 1212 | static __INLINE void __WFE()                      { __ASM volatile ("wfe"); }
      |        ^
../CMSIS/core_cm3.h(751): note: expanded from macro '__INLINE'
  751 |   #define __INLINE         inline                                     /*!< inline keyword for GNU Compiler       */
      |                            ^
../CMSIS/core_cm3.h(1213): error: unknown type name 'inline'
 1213 | static __INLINE void __SEV()                      { __ASM volatile ("sev"); }
      |        ^
../CMSIS/core_cm3.h(751): note: expanded from macro '__INLINE'
  751 |   #define __INLINE         inline                                     /*!< inline keyword for GNU Compiler       */
      |                            ^
../CMSIS/core_cm3.h(1214): error: unknown type name 'inline'
 1214 | static __INLINE void __ISB()                      { __ASM volatile ("isb"); }
      |        ^
../CMSIS/core_cm3.h(751): note: expanded from macro '__INLINE'
  751 |   #define __INLINE         inline                                     /*!< inline keyword for GNU Compiler       */
      |                            ^
../CMSIS/core_cm3.h(1215): error: unknown type name 'inline'
 1215 | static __INLINE void __DSB()                      { __ASM volatile ("dsb"); }
      |        ^
../CMSIS/core_cm3.h(751): note: expanded from macro '__INLINE'
  751 |   #define __INLINE         inline                                     /*!< inline keyword for GNU Compiler       */
      |                            ^
../CMSIS/core_cm3.h(1216): error: unknown type name 'inline'
 1216 | static __INLINE void __DMB()                      { __ASM volatile ("dmb"); }
      |        ^
../CMSIS/core_cm3.h(751): note: expanded from macro '__INLINE'
  751 |   #define __INLINE         inline                                     /*!< inline keyword for GNU Compiler       */
      |                            ^
../CMSIS/core_cm3.h(1217): error: unknown type name 'inline'
 1217 | static __INLINE void __CLREX()                    { __ASM volatile ("clrex"); }
      |        ^
../CMSIS/core_cm3.h(751): note: expanded from macro '__INLINE'
  751 |   #define __INLINE         inline                                     /*!< inline keyword for GNU Compiler       */
      |                            ^
../CMSIS/core_cm3.h(1468): error: unknown type name 'inline'
 1468 | static __INLINE void NVIC_SetPriorityGrouping(uint32_t PriorityGroup)
      |        ^
../CMSIS/core_cm3.h(751): note: expanded from macro '__INLINE'
  751 |   #define __INLINE         inline                                     /*!< inline keyword for GNU Compiler       */
      |                            ^
../CMSIS/core_cm3.h(1489): error: unknown type name 'inline'
 1489 | static __INLINE uint32_t NVIC_GetPriorityGrouping(void)
      |        ^
../CMSIS/core_cm3.h(751): note: expanded from macro '__INLINE'
  751 |   #define __INLINE         inline                                     /*!< inline keyword for GNU Compiler       */
      |                            ^
../CMSIS/core_cm3.h(1489): error: expected ';' after top level declarator
 1489 | static __INLINE uint32_t NVIC_GetPriorityGrouping(void)
      |                         ^
      |                         ;
../CMSIS/core_cm3.h(1502): error: unknown type name 'inline'
 1502 | static __INLINE void NVIC_EnableIRQ(IRQn_Type IRQn)
      |        ^
../CMSIS/core_cm3.h(751): note: expanded from macro '__INLINE'
  751 |   #define __INLINE         inline                                     /*!< inline keyword for GNU Compiler       */
      |                            ^
../CMSIS/core_cm3.h(1515): error: unknown type name 'inline'
 1515 | static __INLINE void NVIC_DisableIRQ(IRQn_Type IRQn)
      |        ^
../CMSIS/core_cm3.h(751): note: expanded from macro '__INLINE'
  751 |   #define __INLINE         inline                                     /*!< inline keyword for GNU Compiler       */
      |                            ^
../CMSIS/core_cm3.h(1529): error: unknown type name 'inline'
 1529 | static __INLINE uint32_t NVIC_GetPendingIRQ(IRQn_Type IRQn)
      |        ^
../CMSIS/core_cm3.h(751): note: expanded from macro '__INLINE'
  751 |   #define __INLINE         inline                                     /*!< inline keyword for GNU Compiler       */
      |                            ^
../CMSIS/core_cm3.h(1529): error: expected ';' after top level declarator
 1529 | static __INLINE uint32_t NVIC_GetPendingIRQ(IRQn_Type IRQn)
      |                         ^
      |                         ;
fatal error: too many errors emitted, stopping now [-ferror-limit=]
20 errors generated.
compiling stm32f10x_cec.c...
../Libraries/src/misc.c(23): warning: In file included from...
../Libraries/inc\misc.h(31): warning: In file included from...
../CMSIS\stm32f10x.h(481): warning: In file included from...
../CMSIS/core_cm3.h(1204): error: unknown type name 'inline'
 1204 | static __INLINE void __enable_irq()               { __ASM volatile ("cpsie i"); }
      |        ^
../CMSIS/core_cm3.h(751): note: expanded from macro '__INLINE'
  751 |   #define __INLINE         inline                                     /*!< inline keyword for GNU Compiler       */
      |                            ^
../CMSIS/core_cm3.h(1205): error: unknown type name 'inline'
 1205 | static __INLINE void __disable_irq()              { __ASM volatile ("cpsid i"); }
      |        ^
../CMSIS/core_cm3.h(751): note: expanded from macro '__INLINE'
  751 |   #define __INLINE         inline                                     /*!< inline keyword for GNU Compiler       */
      |                            ^
../CMSIS/core_cm3.h(1207): error: unknown type name 'inline'
 1207 | static __INLINE void __enable_fault_irq()         { __ASM volatile ("cpsie f"); }
      |        ^
../CMSIS/core_cm3.h(751): note: expanded from macro '__INLINE'
  751 |   #define __INLINE         inline                                     /*!< inline keyword for GNU Compiler       */
      |                            ^
../CMSIS/core_cm3.h(1208): error: unknown type name 'inline'
 1208 | static __INLINE void __disable_fault_irq()        { __ASM volatile ("cpsid f"); }
      |        ^
../CMSIS/core_cm3.h(751): note: expanded from macro '__INLINE'
  751 |   #define __INLINE         inline                                     /*!< inline keyword for GNU Compiler       */
      |                            ^
../CMSIS/core_cm3.h(1210): error: unknown type name 'inline'
 1210 | static __INLINE void __NOP()                      { __ASM volatile ("nop"); }
      |        ^
../CMSIS/core_cm3.h(751): note: expanded from macro '__INLINE'
  751 |   #define __INLINE         inline                                     /*!< inline keyword for GNU Compiler       */
      |                            ^
../CMSIS/core_cm3.h(1211): error: unknown type name 'inline'
 1211 | static __INLINE void __WFI()                      { __ASM volatile ("wfi"); }
      |        ^
../CMSIS/core_cm3.h(751): note: expanded from macro '__INLINE'
  751 |   #define __INLINE         inline                                     /*!< inline keyword for GNU Compiler       */
      |                            ^
../CMSIS/core_cm3.h(1212): error: unknown type name 'inline'
 1212 | static __INLINE void __WFE()                      { __ASM volatile ("wfe"); }
      |        ^
../CMSIS/core_cm3.h(751): note: expanded from macro '__INLINE'
  751 |   #define __INLINE         inline                                     /*!< inline keyword for GNU Compiler       */
      |                            ^
../CMSIS/core_cm3.h(1213): error: unknown type name 'inline'
 1213 | static __INLINE void __SEV()                      { __ASM volatile ("sev"); }
      |        ^
../CMSIS/core_cm3.h(751): note: expanded from macro '__INLINE'
  751 |   #define __INLINE         inline                                     /*!< inline keyword for GNU Compiler       */
      |                            ^
../CMSIS/core_cm3.h(1214): error: unknown type name 'inline'
 1214 | static __INLINE void __ISB()                      { __ASM volatile ("isb"); }
      |        ^
../CMSIS/core_cm3.h(751): note: expanded from macro '__INLINE'
  751 |   #define __INLINE         inline                                     /*!< inline keyword for GNU Compiler       */
      |                            ^
../CMSIS/core_cm3.h(1215): error: unknown type name 'inline'
 1215 | static __INLINE void __DSB()                      { __ASM volatile ("dsb"); }
      |        ^
../CMSIS/core_cm3.h(751): note: expanded from macro '__INLINE'
  751 |   #define __INLINE         inline                                     /*!< inline keyword for GNU Compiler       */
      |                            ^
../CMSIS/core_cm3.h(1216): error: unknown type name 'inline'
 1216 | static __INLINE void __DMB()                      { __ASM volatile ("dmb"); }
      |        ^
../CMSIS/core_cm3.h(751): note: expanded from macro '__INLINE'
  751 |   #define __INLINE         inline                                     /*!< inline keyword for GNU Compiler       */
      |                            ^
../CMSIS/core_cm3.h(1217): error: unknown type name 'inline'
 1217 | static __INLINE void __CLREX()                    { __ASM volatile ("clrex"); }
      |        ^
../CMSIS/core_cm3.h(751): note: expanded from macro '__INLINE'
  751 |   #define __INLINE         inline                                     /*!< inline keyword for GNU Compiler       */
      |                            ^
../CMSIS/core_cm3.h(1468): error: unknown type name 'inline'
 1468 | static __INLINE void NVIC_SetPriorityGrouping(uint32_t PriorityGroup)
      |        ^
../CMSIS/core_cm3.h(751): note: expanded from macro '__INLINE'
  751 |   #define __INLINE         inline                                     /*!< inline keyword for GNU Compiler       */
      |                            ^
../CMSIS/core_cm3.h(1489): error: unknown type name 'inline'
 1489 | static __INLINE uint32_t NVIC_GetPriorityGrouping(void)
      |        ^
../CMSIS/core_cm3.h(751): note: expanded from macro '__INLINE'
  751 |   #define __INLINE         inline                                     /*!< inline keyword for GNU Compiler       */
      |                            ^
../CMSIS/core_cm3.h(1489): error: expected ';' after top level declarator
 1489 | static __INLINE uint32_t NVIC_GetPriorityGrouping(void)
      |                         ^
      |                         ;
../CMSIS/core_cm3.h(1502): error: unknown type name 'inline'
 1502 | static __INLINE void NVIC_EnableIRQ(IRQn_Type IRQn)
      |        ^
../CMSIS/core_cm3.h(751): note: expanded from macro '__INLINE'
  751 |   #define __INLINE         inline                                     /*!< inline keyword for GNU Compiler       */
      |                            ^
../CMSIS/core_cm3.h(1515): error: unknown type name 'inline'
 1515 | static __INLINE void NVIC_DisableIRQ(IRQn_Type IRQn)
      |        ^
../CMSIS/core_cm3.h(751): note: expanded from macro '__INLINE'
  751 |   #define __INLINE         inline                                     /*!< inline keyword for GNU Compiler       */
      |                            ^
../CMSIS/core_cm3.h(1529): error: unknown type name 'inline'
 1529 | static __INLINE uint32_t NVIC_GetPendingIRQ(IRQn_Type IRQn)
      |        ^
../CMSIS/core_cm3.h(751): note: expanded from macro '__INLINE'
  751 |   #define __INLINE         inline                                     /*!< inline keyword for GNU Compiler       */
      |                            ^
../CMSIS/core_cm3.h(1529): error: expected ';' after top level declarator
 1529 | static __INLINE uint32_t NVIC_GetPendingIRQ(IRQn_Type IRQn)
      |                         ^
      |                         ;
fatal error: too many errors emitted, stopping now [-ferror-limit=]
20 errors generated.
compiling misc.c...
../Libraries/src/stm32f10x_bkp.c(22): warning: In file included from...
../Libraries/inc\stm32f10x_bkp.h(31): warning: In file included from...
../CMSIS\stm32f10x.h(481): warning: In file included from...
../CMSIS/core_cm3.h(1204): error: unknown type name 'inline'
 1204 | static __INLINE void __enable_irq()               { __ASM volatile ("cpsie i"); }
      |        ^
../CMSIS/core_cm3.h(751): note: expanded from macro '__INLINE'
  751 |   #define __INLINE         inline                                     /*!< inline keyword for GNU Compiler       */
      |                            ^
../CMSIS/core_cm3.h(1205): error: unknown type name 'inline'
 1205 | static __INLINE void __disable_irq()              { __ASM volatile ("cpsid i"); }
      |        ^
../CMSIS/core_cm3.h(751): note: expanded from macro '__INLINE'
  751 |   #define __INLINE         inline                                     /*!< inline keyword for GNU Compiler       */
      |                            ^
../CMSIS/core_cm3.h(1207): error: unknown type name 'inline'
 1207 | static __INLINE void __enable_fault_irq()         { __ASM volatile ("cpsie f"); }
      |        ^
../CMSIS/core_cm3.h(751): note: expanded from macro '__INLINE'
  751 |   #define __INLINE         inline                                     /*!< inline keyword for GNU Compiler       */
      |                            ^
../CMSIS/core_cm3.h(1208): error: unknown type name 'inline'
 1208 | static __INLINE void __disable_fault_irq()        { __ASM volatile ("cpsid f"); }
      |        ^
../CMSIS/core_cm3.h(751): note: expanded from macro '__INLINE'
  751 |   #define __INLINE         inline                                     /*!< inline keyword for GNU Compiler       */
      |                            ^
../CMSIS/core_cm3.h(1210): error: unknown type name 'inline'
 1210 | static __INLINE void __NOP()                      { __ASM volatile ("nop"); }
      |        ^
../CMSIS/core_cm3.h(751): note: expanded from macro '__INLINE'
  751 |   #define __INLINE         inline                                     /*!< inline keyword for GNU Compiler       */
      |                            ^
../CMSIS/core_cm3.h(1211): error: unknown type name 'inline'
 1211 | static __INLINE void __WFI()                      { __ASM volatile ("wfi"); }
      |        ^
../CMSIS/core_cm3.h(751): note: expanded from macro '__INLINE'
  751 |   #define __INLINE         inline                                     /*!< inline keyword for GNU Compiler       */
      |                            ^
../CMSIS/core_cm3.h(1212): error: unknown type name 'inline'
 1212 | static __INLINE void __WFE()                      { __ASM volatile ("wfe"); }
      |        ^
../CMSIS/core_cm3.h(751): note: expanded from macro '__INLINE'
  751 |   #define __INLINE         inline                                     /*!< inline keyword for GNU Compiler       */
      |                            ^
../CMSIS/core_cm3.h(1213): error: unknown type name 'inline'
 1213 | static __INLINE void __SEV()                      { __ASM volatile ("sev"); }
      |        ^
../CMSIS/core_cm3.h(751): note: expanded from macro '__INLINE'
  751 |   #define __INLINE         inline                                     /*!< inline keyword for GNU Compiler       */
      |                            ^
../CMSIS/core_cm3.h(1214): error: unknown type name 'inline'
 1214 | static __INLINE void __ISB()                      { __ASM volatile ("isb"); }
      |        ^
../CMSIS/core_cm3.h(751): note: expanded from macro '__INLINE'
  751 |   #define __INLINE         inline                                     /*!< inline keyword for GNU Compiler       */
      |                            ^
../CMSIS/core_cm3.h(1215): error: unknown type name 'inline'
 1215 | static __INLINE void __DSB()                      { __ASM volatile ("dsb"); }
      |        ^
../CMSIS/core_cm3.h(751): note: expanded from macro '__INLINE'
  751 |   #define __INLINE         inline                                     /*!< inline keyword for GNU Compiler       */
      |                            ^
../CMSIS/core_cm3.h(1216): error: unknown type name 'inline'
 1216 | static __INLINE void __DMB()                      { __ASM volatile ("dmb"); }
      |        ^
../CMSIS/core_cm3.h(751): note: expanded from macro '__INLINE'
  751 |   #define __INLINE         inline                                     /*!< inline keyword for GNU Compiler       */
      |                            ^
../CMSIS/core_cm3.h(1217): error: unknown type name 'inline'
 1217 | static __INLINE void __CLREX()                    { __ASM volatile ("clrex"); }
      |        ^
../CMSIS/core_cm3.h(751): note: expanded from macro '__INLINE'
  751 |   #define __INLINE         inline                                     /*!< inline keyword for GNU Compiler       */
      |                            ^
../CMSIS/core_cm3.h(1468): error: unknown type name 'inline'
 1468 | static __INLINE void NVIC_SetPriorityGrouping(uint32_t PriorityGroup)
      |        ^
../CMSIS/core_cm3.h(751): note: expanded from macro '__INLINE'
  751 |   #define __INLINE         inline                                     /*!< inline keyword for GNU Compiler       */
      |                            ^
../CMSIS/core_cm3.h(1489): error: unknown type name 'inline'
 1489 | static __INLINE uint32_t NVIC_GetPriorityGrouping(void)
      |        ^
../CMSIS/core_cm3.h(751): note: expanded from macro '__INLINE'
  751 |   #define __INLINE         inline                                     /*!< inline keyword for GNU Compiler       */
      |                            ^
../CMSIS/core_cm3.h(1489): error: expected ';' after top level declarator
 1489 | static __INLINE uint32_t NVIC_GetPriorityGrouping(void)
      |                         ^
      |                         ;
../CMSIS/core_cm3.h(1502): error: unknown type name 'inline'
 1502 | static __INLINE void NVIC_EnableIRQ(IRQn_Type IRQn)
      |        ^
../CMSIS/core_cm3.h(751): note: expanded from macro '__INLINE'
  751 |   #define __INLINE         inline                                     /*!< inline keyword for GNU Compiler       */
      |                            ^
../CMSIS/core_cm3.h(1515): error: unknown type name 'inline'
 1515 | static __INLINE void NVIC_DisableIRQ(IRQn_Type IRQn)
      |        ^
../CMSIS/core_cm3.h(751): note: expanded from macro '__INLINE'
  751 |   #define __INLINE         inline                                     /*!< inline keyword for GNU Compiler       */
      |                            ^
../CMSIS/core_cm3.h(1529): error: unknown type name 'inline'
 1529 | static __INLINE uint32_t NVIC_GetPendingIRQ(IRQn_Type IRQn)
      |        ^
../CMSIS/core_cm3.h(751): note: expanded from macro '__INLINE'
  751 |   #define __INLINE         inline                                     /*!< inline keyword for GNU Compiler       */
      |                            ^
../CMSIS/core_cm3.h(1529): error: expected ';' after top level declarator
 1529 | static __INLINE uint32_t NVIC_GetPendingIRQ(IRQn_Type IRQn)
      |                         ^
      |                         ;
fatal error: too many errors emitted, stopping now [-ferror-limit=]
20 errors generated.
compiling stm32f10x_bkp.c...
../Libraries/src/stm32f10x_dma.c(22): warning: In file included from...
../Libraries/inc\stm32f10x_dma.h(31): warning: In file included from...
../CMSIS\stm32f10x.h(481): warning: In file included from...
../CMSIS/core_cm3.h(1204): error: unknown type name 'inline'
 1204 | static __INLINE void __enable_irq()               { __ASM volatile ("cpsie i"); }
      |        ^
../CMSIS/core_cm3.h(751): note: expanded from macro '__INLINE'
  751 |   #define __INLINE         inline                                     /*!< inline keyword for GNU Compiler       */
      |                            ^
../CMSIS/core_cm3.h(1205): error: unknown type name 'inline'
 1205 | static __INLINE void __disable_irq()              { __ASM volatile ("cpsid i"); }
      |        ^
../CMSIS/core_cm3.h(751): note: expanded from macro '__INLINE'
  751 |   #define __INLINE         inline                                     /*!< inline keyword for GNU Compiler       */
      |                            ^
../CMSIS/core_cm3.h(1207): error: unknown type name 'inline'
 1207 | static __INLINE void __enable_fault_irq()         { __ASM volatile ("cpsie f"); }
      |        ^
../CMSIS/core_cm3.h(751): note: expanded from macro '__INLINE'
  751 |   #define __INLINE         inline                                     /*!< inline keyword for GNU Compiler       */
      |                            ^
../CMSIS/core_cm3.h(1208): error: unknown type name 'inline'
 1208 | static __INLINE void __disable_fault_irq()        { __ASM volatile ("cpsid f"); }
      |        ^
../CMSIS/core_cm3.h(751): note: expanded from macro '__INLINE'
  751 |   #define __INLINE         inline                                     /*!< inline keyword for GNU Compiler       */
      |                            ^
../CMSIS/core_cm3.h(1210): error: unknown type name 'inline'
 1210 | static __INLINE void __NOP()                      { __ASM volatile ("nop"); }
      |        ^
../CMSIS/core_cm3.h(751): note: expanded from macro '__INLINE'
  751 |   #define __INLINE         inline                                     /*!< inline keyword for GNU Compiler       */
      |                            ^
../CMSIS/core_cm3.h(1211): error: unknown type name 'inline'
 1211 | static __INLINE void __WFI()                      { __ASM volatile ("wfi"); }
      |        ^
../CMSIS/core_cm3.h(751): note: expanded from macro '__INLINE'
  751 |   #define __INLINE         inline                                     /*!< inline keyword for GNU Compiler       */
      |                            ^
../CMSIS/core_cm3.h(1212): error: unknown type name 'inline'
 1212 | static __INLINE void __WFE()                      { __ASM volatile ("wfe"); }
      |        ^
../CMSIS/core_cm3.h(751): note: expanded from macro '__INLINE'
  751 |   #define __INLINE         inline                                     /*!< inline keyword for GNU Compiler       */
      |                            ^
../CMSIS/core_cm3.h(1213): error: unknown type name 'inline'
 1213 | static __INLINE void __SEV()                      { __ASM volatile ("sev"); }
      |        ^
../CMSIS/core_cm3.h(751): note: expanded from macro '__INLINE'
  751 |   #define __INLINE         inline                                     /*!< inline keyword for GNU Compiler       */
      |                            ^
../CMSIS/core_cm3.h(1214): error: unknown type name 'inline'
 1214 | static __INLINE void __ISB()                      { __ASM volatile ("isb"); }
      |        ^
../CMSIS/core_cm3.h(751): note: expanded from macro '__INLINE'
  751 |   #define __INLINE         inline                                     /*!< inline keyword for GNU Compiler       */
      |                            ^
../CMSIS/core_cm3.h(1215): error: unknown type name 'inline'
 1215 | static __INLINE void __DSB()                      { __ASM volatile ("dsb"); }
      |        ^
../CMSIS/core_cm3.h(751): note: expanded from macro '__INLINE'
  751 |   #define __INLINE         inline                                     /*!< inline keyword for GNU Compiler       */
      |                            ^
../CMSIS/core_cm3.h(1216): error: unknown type name 'inline'
 1216 | static __INLINE void __DMB()                      { __ASM volatile ("dmb"); }
      |        ^
../CMSIS/core_cm3.h(751): note: expanded from macro '__INLINE'
  751 |   #define __INLINE         inline                                     /*!< inline keyword for GNU Compiler       */
      |                            ^
../CMSIS/core_cm3.h(1217): error: unknown type name 'inline'
 1217 | static __INLINE void __CLREX()                    { __ASM volatile ("clrex"); }
      |        ^
../CMSIS/core_cm3.h(751): note: expanded from macro '__INLINE'
  751 |   #define __INLINE         inline                                     /*!< inline keyword for GNU Compiler       */
      |                            ^
../CMSIS/core_cm3.h(1468): error: unknown type name 'inline'
 1468 | static __INLINE void NVIC_SetPriorityGrouping(uint32_t PriorityGroup)
      |        ^
../CMSIS/core_cm3.h(751): note: expanded from macro '__INLINE'
  751 |   #define __INLINE         inline                                     /*!< inline keyword for GNU Compiler       */
      |                            ^
../CMSIS/core_cm3.h(1489): error: unknown type name 'inline'
 1489 | static __INLINE uint32_t NVIC_GetPriorityGrouping(void)
      |        ^
../CMSIS/core_cm3.h(751): note: expanded from macro '__INLINE'
  751 |   #define __INLINE         inline                                     /*!< inline keyword for GNU Compiler       */
      |                            ^
../CMSIS/core_cm3.h(1489): error: expected ';' after top level declarator
 1489 | static __INLINE uint32_t NVIC_GetPriorityGrouping(void)
      |                         ^
      |                         ;
../CMSIS/core_cm3.h(1502): error: unknown type name 'inline'
 1502 | static __INLINE void NVIC_EnableIRQ(IRQn_Type IRQn)
      |        ^
../CMSIS/core_cm3.h(751): note: expanded from macro '__INLINE'
  751 |   #define __INLINE         inline                                     /*!< inline keyword for GNU Compiler       */
      |                            ^
../CMSIS/core_cm3.h(1515): error: unknown type name 'inline'
 1515 | static __INLINE void NVIC_DisableIRQ(IRQn_Type IRQn)
      |        ^
../CMSIS/core_cm3.h(751): note: expanded from macro '__INLINE'
  751 |   #define __INLINE         inline                                     /*!< inline keyword for GNU Compiler       */
      |                            ^
../CMSIS/core_cm3.h(1529): error: unknown type name 'inline'
 1529 | static __INLINE uint32_t NVIC_GetPendingIRQ(IRQn_Type IRQn)
      |        ^
../CMSIS/core_cm3.h(751): note: expanded from macro '__INLINE'
  751 |   #define __INLINE         inline                                     /*!< inline keyword for GNU Compiler       */
      |                            ^
../CMSIS/core_cm3.h(1529): error: expected ';' after top level declarator
 1529 | static __INLINE uint32_t NVIC_GetPendingIRQ(IRQn_Type IRQn)
      |                         ^
      |                         ;
fatal error: too many errors emitted, stopping now [-ferror-limit=]
20 errors generated.
compiling stm32f10x_dma.c...
../Libraries/src/stm32f10x_can.c(22): warning: In file included from...
../Libraries/inc\stm32f10x_can.h(31): warning: In file included from...
../CMSIS\stm32f10x.h(481): warning: In file included from...
../CMSIS/core_cm3.h(1204): error: unknown type name 'inline'
 1204 | static __INLINE void __enable_irq()               { __ASM volatile ("cpsie i"); }
      |        ^
../CMSIS/core_cm3.h(751): note: expanded from macro '__INLINE'
  751 |   #define __INLINE         inline                                     /*!< inline keyword for GNU Compiler       */
      |                            ^
../CMSIS/core_cm3.h(1205): error: unknown type name 'inline'
 1205 | static __INLINE void __disable_irq()              { __ASM volatile ("cpsid i"); }
      |        ^
../CMSIS/core_cm3.h(751): note: expanded from macro '__INLINE'
  751 |   #define __INLINE         inline                                     /*!< inline keyword for GNU Compiler       */
      |                            ^
../CMSIS/core_cm3.h(1207): error: unknown type name 'inline'
 1207 | static __INLINE void __enable_fault_irq()         { __ASM volatile ("cpsie f"); }
      |        ^
../CMSIS/core_cm3.h(751): note: expanded from macro '__INLINE'
  751 |   #define __INLINE         inline                                     /*!< inline keyword for GNU Compiler       */
      |                            ^
../CMSIS/core_cm3.h(1208): error: unknown type name 'inline'
 1208 | static __INLINE void __disable_fault_irq()        { __ASM volatile ("cpsid f"); }
      |        ^
../CMSIS/core_cm3.h(751): note: expanded from macro '__INLINE'
  751 |   #define __INLINE         inline                                     /*!< inline keyword for GNU Compiler       */
      |                            ^
../CMSIS/core_cm3.h(1210): error: unknown type name 'inline'
 1210 | static __INLINE void __NOP()                      { __ASM volatile ("nop"); }
      |        ^
../CMSIS/core_cm3.h(751): note: expanded from macro '__INLINE'
  751 |   #define __INLINE         inline                                     /*!< inline keyword for GNU Compiler       */
      |                            ^
../CMSIS/core_cm3.h(1211): error: unknown type name 'inline'
 1211 | static __INLINE void __WFI()                      { __ASM volatile ("wfi"); }
      |        ^
../CMSIS/core_cm3.h(751): note: expanded from macro '__INLINE'
  751 |   #define __INLINE         inline                                     /*!< inline keyword for GNU Compiler       */
      |                            ^
../CMSIS/core_cm3.h(1212): error: unknown type name 'inline'
 1212 | static __INLINE void __WFE()                      { __ASM volatile ("wfe"); }
      |        ^
../CMSIS/core_cm3.h(751): note: expanded from macro '__INLINE'
  751 |   #define __INLINE         inline                                     /*!< inline keyword for GNU Compiler       */
      |                            ^
../CMSIS/core_cm3.h(1213): error: unknown type name 'inline'
 1213 | static __INLINE void __SEV()                      { __ASM volatile ("sev"); }
      |        ^
../CMSIS/core_cm3.h(751): note: expanded from macro '__INLINE'
  751 |   #define __INLINE         inline                                     /*!< inline keyword for GNU Compiler       */
      |                            ^
../CMSIS/core_cm3.h(1214): error: unknown type name 'inline'
 1214 | static __INLINE void __ISB()                      { __ASM volatile ("isb"); }
      |        ^
../CMSIS/core_cm3.h(751): note: expanded from macro '__INLINE'
  751 |   #define __INLINE         inline                                     /*!< inline keyword for GNU Compiler       */
      |                            ^
../CMSIS/core_cm3.h(1215): error: unknown type name 'inline'
 1215 | static __INLINE void __DSB()                      { __ASM volatile ("dsb"); }
      |        ^
../CMSIS/core_cm3.h(751): note: expanded from macro '__INLINE'
  751 |   #define __INLINE         inline                                     /*!< inline keyword for GNU Compiler       */
      |                            ^
../CMSIS/core_cm3.h(1216): error: unknown type name 'inline'
 1216 | static __INLINE void __DMB()                      { __ASM volatile ("dmb"); }
      |        ^
../CMSIS/core_cm3.h(751): note: expanded from macro '__INLINE'
  751 |   #define __INLINE         inline                                     /*!< inline keyword for GNU Compiler       */
      |                            ^
../CMSIS/core_cm3.h(1217): error: unknown type name 'inline'
 1217 | static __INLINE void __CLREX()                    { __ASM volatile ("clrex"); }
      |        ^
../CMSIS/core_cm3.h(751): note: expanded from macro '__INLINE'
  751 |   #define __INLINE         inline                                     /*!< inline keyword for GNU Compiler       */
      |                            ^
../CMSIS/core_cm3.h(1468): error: unknown type name 'inline'
 1468 | static __INLINE void NVIC_SetPriorityGrouping(uint32_t PriorityGroup)
      |        ^
../CMSIS/core_cm3.h(751): note: expanded from macro '__INLINE'
  751 |   #define __INLINE         inline                                     /*!< inline keyword for GNU Compiler       */
      |                            ^
../CMSIS/core_cm3.h(1489): error: unknown type name 'inline'
 1489 | static __INLINE uint32_t NVIC_GetPriorityGrouping(void)
      |        ^
../CMSIS/core_cm3.h(751): note: expanded from macro '__INLINE'
  751 |   #define __INLINE         inline                                     /*!< inline keyword for GNU Compiler       */
      |                            ^
../CMSIS/core_cm3.h(1489): error: expected ';' after top level declarator
 1489 | static __INLINE uint32_t NVIC_GetPriorityGrouping(void)
      |                         ^
      |                         ;
../CMSIS/core_cm3.h(1502): error: unknown type name 'inline'
 1502 | static __INLINE void NVIC_EnableIRQ(IRQn_Type IRQn)
      |        ^
../CMSIS/core_cm3.h(751): note: expanded from macro '__INLINE'
  751 |   #define __INLINE         inline                                     /*!< inline keyword for GNU Compiler       */
      |                            ^
../CMSIS/core_cm3.h(1515): error: unknown type name 'inline'
 1515 | static __INLINE void NVIC_DisableIRQ(IRQn_Type IRQn)
      |        ^
../CMSIS/core_cm3.h(751): note: expanded from macro '__INLINE'
  751 |   #define __INLINE         inline                                     /*!< inline keyword for GNU Compiler       */
      |                            ^
../CMSIS/core_cm3.h(1529): error: unknown type name 'inline'
 1529 | static __INLINE uint32_t NVIC_GetPendingIRQ(IRQn_Type IRQn)
      |        ^
../CMSIS/core_cm3.h(751): note: expanded from macro '__INLINE'
  751 |   #define __INLINE         inline                                     /*!< inline keyword for GNU Compiler       */
      |                            ^
../CMSIS/core_cm3.h(1529): error: expected ';' after top level declarator
 1529 | static __INLINE uint32_t NVIC_GetPendingIRQ(IRQn_Type IRQn)
      |                         ^
      |                         ;
fatal error: too many errors emitted, stopping now [-ferror-limit=]
20 errors generated.
compiling stm32f10x_can.c...
../Libraries/src/stm32f10x_flash.c(22): warning: In file included from...
../Libraries/inc\stm32f10x_flash.h(31): warning: In file included from...
../CMSIS\stm32f10x.h(481): warning: In file included from...
../CMSIS/core_cm3.h(1204): error: unknown type name 'inline'
 1204 | static __INLINE void __enable_irq()               { __ASM volatile ("cpsie i"); }
      |        ^
../CMSIS/core_cm3.h(751): note: expanded from macro '__INLINE'
  751 |   #define __INLINE         inline                                     /*!< inline keyword for GNU Compiler       */
      |                            ^
../CMSIS/core_cm3.h(1205): error: unknown type name 'inline'
 1205 | static __INLINE void __disable_irq()              { __ASM volatile ("cpsid i"); }
      |        ^
../CMSIS/core_cm3.h(751): note: expanded from macro '__INLINE'
  751 |   #define __INLINE         inline                                     /*!< inline keyword for GNU Compiler       */
      |                            ^
../CMSIS/core_cm3.h(1207): error: unknown type name 'inline'
 1207 | static __INLINE void __enable_fault_irq()         { __ASM volatile ("cpsie f"); }
      |        ^
../CMSIS/core_cm3.h(751): note: expanded from macro '__INLINE'
  751 |   #define __INLINE         inline                                     /*!< inline keyword for GNU Compiler       */
      |                            ^
../CMSIS/core_cm3.h(1208): error: unknown type name 'inline'
 1208 | static __INLINE void __disable_fault_irq()        { __ASM volatile ("cpsid f"); }
      |        ^
../CMSIS/core_cm3.h(751): note: expanded from macro '__INLINE'
  751 |   #define __INLINE         inline                                     /*!< inline keyword for GNU Compiler       */
      |                            ^
../CMSIS/core_cm3.h(1210): error: unknown type name 'inline'
 1210 | static __INLINE void __NOP()                      { __ASM volatile ("nop"); }
      |        ^
../CMSIS/core_cm3.h(751): note: expanded from macro '__INLINE'
  751 |   #define __INLINE         inline                                     /*!< inline keyword for GNU Compiler       */
      |                            ^
../CMSIS/core_cm3.h(1211): error: unknown type name 'inline'
 1211 | static __INLINE void __WFI()                      { __ASM volatile ("wfi"); }
      |        ^
../CMSIS/core_cm3.h(751): note: expanded from macro '__INLINE'
  751 |   #define __INLINE         inline                                     /*!< inline keyword for GNU Compiler       */
      |                            ^
../CMSIS/core_cm3.h(1212): error: unknown type name 'inline'
 1212 | static __INLINE void __WFE()                      { __ASM volatile ("wfe"); }
      |        ^
../CMSIS/core_cm3.h(751): note: expanded from macro '__INLINE'
  751 |   #define __INLINE         inline                                     /*!< inline keyword for GNU Compiler       */
      |                            ^
../CMSIS/core_cm3.h(1213): error: unknown type name 'inline'
 1213 | static __INLINE void __SEV()                      { __ASM volatile ("sev"); }
      |        ^
../CMSIS/core_cm3.h(751): note: expanded from macro '__INLINE'
  751 |   #define __INLINE         inline                                     /*!< inline keyword for GNU Compiler       */
      |                            ^
../CMSIS/core_cm3.h(1214): error: unknown type name 'inline'
 1214 | static __INLINE void __ISB()                      { __ASM volatile ("isb"); }
      |        ^
../CMSIS/core_cm3.h(751): note: expanded from macro '__INLINE'
  751 |   #define __INLINE         inline                                     /*!< inline keyword for GNU Compiler       */
      |                            ^
../CMSIS/core_cm3.h(1215): error: unknown type name 'inline'
 1215 | static __INLINE void __DSB()                      { __ASM volatile ("dsb"); }
      |        ^
../CMSIS/core_cm3.h(751): note: expanded from macro '__INLINE'
  751 |   #define __INLINE         inline                                     /*!< inline keyword for GNU Compiler       */
      |                            ^
../CMSIS/core_cm3.h(1216): error: unknown type name 'inline'
 1216 | static __INLINE void __DMB()                      { __ASM volatile ("dmb"); }
      |        ^
../CMSIS/core_cm3.h(751): note: expanded from macro '__INLINE'
  751 |   #define __INLINE         inline                                     /*!< inline keyword for GNU Compiler       */
      |                            ^
../CMSIS/core_cm3.h(1217): error: unknown type name 'inline'
 1217 | static __INLINE void __CLREX()                    { __ASM volatile ("clrex"); }
      |        ^
../CMSIS/core_cm3.h(751): note: expanded from macro '__INLINE'
  751 |   #define __INLINE         inline                                     /*!< inline keyword for GNU Compiler       */
      |                            ^
../CMSIS/core_cm3.h(1468): error: unknown type name 'inline'
 1468 | static __INLINE void NVIC_SetPriorityGrouping(uint32_t PriorityGroup)
      |        ^
../CMSIS/core_cm3.h(751): note: expanded from macro '__INLINE'
  751 |   #define __INLINE         inline                                     /*!< inline keyword for GNU Compiler       */
      |                            ^
../CMSIS/core_cm3.h(1489): error: unknown type name 'inline'
 1489 | static __INLINE uint32_t NVIC_GetPriorityGrouping(void)
      |        ^
../CMSIS/core_cm3.h(751): note: expanded from macro '__INLINE'
  751 |   #define __INLINE         inline                                     /*!< inline keyword for GNU Compiler       */
      |                            ^
../CMSIS/core_cm3.h(1489): error: expected ';' after top level declarator
 1489 | static __INLINE uint32_t NVIC_GetPriorityGrouping(void)
      |                         ^
      |                         ;
../CMSIS/core_cm3.h(1502): error: unknown type name 'inline'
 1502 | static __INLINE void NVIC_EnableIRQ(IRQn_Type IRQn)
      |        ^
../CMSIS/core_cm3.h(751): note: expanded from macro '__INLINE'
  751 |   #define __INLINE         inline                                     /*!< inline keyword for GNU Compiler       */
      |                            ^
../CMSIS/core_cm3.h(1515): error: unknown type name 'inline'
 1515 | static __INLINE void NVIC_DisableIRQ(IRQn_Type IRQn)
      |        ^
../CMSIS/core_cm3.h(751): note: expanded from macro '__INLINE'
  751 |   #define __INLINE         inline                                     /*!< inline keyword for GNU Compiler       */
      |                            ^
../CMSIS/core_cm3.h(1529): error: unknown type name 'inline'
 1529 | static __INLINE uint32_t NVIC_GetPendingIRQ(IRQn_Type IRQn)
      |        ^
../CMSIS/core_cm3.h(751): note: expanded from macro '__INLINE'
  751 |   #define __INLINE         inline                                     /*!< inline keyword for GNU Compiler       */
      |                            ^
../CMSIS/core_cm3.h(1529): error: expected ';' after top level declarator
 1529 | static __INLINE uint32_t NVIC_GetPendingIRQ(IRQn_Type IRQn)
      |                         ^
      |                         ;
fatal error: too many errors emitted, stopping now [-ferror-limit=]
20 errors generated.
compiling stm32f10x_flash.c...
../Libraries/src/stm32f10x_fsmc.c(22): warning: In file included from...
../Libraries/inc\stm32f10x_fsmc.h(31): warning: In file included from...
../CMSIS\stm32f10x.h(481): warning: In file included from...
../CMSIS/core_cm3.h(1204): error: unknown type name 'inline'
 1204 | static __INLINE void __enable_irq()               { __ASM volatile ("cpsie i"); }
      |        ^
../CMSIS/core_cm3.h(751): note: expanded from macro '__INLINE'
  751 |   #define __INLINE         inline                                     /*!< inline keyword for GNU Compiler       */
      |                            ^
../CMSIS/core_cm3.h(1205): error: unknown type name 'inline'
 1205 | static __INLINE void __disable_irq()              { __ASM volatile ("cpsid i"); }
      |        ^
../CMSIS/core_cm3.h(751): note: expanded from macro '__INLINE'
  751 |   #define __INLINE         inline                                     /*!< inline keyword for GNU Compiler       */
      |                            ^
../CMSIS/core_cm3.h(1207): error: unknown type name 'inline'
 1207 | static __INLINE void __enable_fault_irq()         { __ASM volatile ("cpsie f"); }
      |        ^
../CMSIS/core_cm3.h(751): note: expanded from macro '__INLINE'
  751 |   #define __INLINE         inline                                     /*!< inline keyword for GNU Compiler       */
      |                            ^
../CMSIS/core_cm3.h(1208): error: unknown type name 'inline'
 1208 | static __INLINE void __disable_fault_irq()        { __ASM volatile ("cpsid f"); }
      |        ^
../CMSIS/core_cm3.h(751): note: expanded from macro '__INLINE'
  751 |   #define __INLINE         inline                                     /*!< inline keyword for GNU Compiler       */
      |                            ^
../CMSIS/core_cm3.h(1210): error: unknown type name 'inline'
 1210 | static __INLINE void __NOP()                      { __ASM volatile ("nop"); }
      |        ^
../CMSIS/core_cm3.h(751): note: expanded from macro '__INLINE'
  751 |   #define __INLINE         inline                                     /*!< inline keyword for GNU Compiler       */
      |                            ^
../CMSIS/core_cm3.h(1211): error: unknown type name 'inline'
 1211 | static __INLINE void __WFI()                      { __ASM volatile ("wfi"); }
      |        ^
../CMSIS/core_cm3.h(751): note: expanded from macro '__INLINE'
  751 |   #define __INLINE         inline                                     /*!< inline keyword for GNU Compiler       */
      |                            ^
../CMSIS/core_cm3.h(1212): error: unknown type name 'inline'
 1212 | static __INLINE void __WFE()                      { __ASM volatile ("wfe"); }
      |        ^
../CMSIS/core_cm3.h(751): note: expanded from macro '__INLINE'
  751 |   #define __INLINE         inline                                     /*!< inline keyword for GNU Compiler       */
      |                            ^
../CMSIS/core_cm3.h(1213): error: unknown type name 'inline'
 1213 | static __INLINE void __SEV()                      { __ASM volatile ("sev"); }
      |        ^
../CMSIS/core_cm3.h(751): note: expanded from macro '__INLINE'
  751 |   #define __INLINE         inline                                     /*!< inline keyword for GNU Compiler       */
      |                            ^
../CMSIS/core_cm3.h(1214): error: unknown type name 'inline'
 1214 | static __INLINE void __ISB()                      { __ASM volatile ("isb"); }
      |        ^
../CMSIS/core_cm3.h(751): note: expanded from macro '__INLINE'
  751 |   #define __INLINE         inline                                     /*!< inline keyword for GNU Compiler       */
      |                            ^
../CMSIS/core_cm3.h(1215): error: unknown type name 'inline'
 1215 | static __INLINE void __DSB()                      { __ASM volatile ("dsb"); }
      |        ^
../CMSIS/core_cm3.h(751): note: expanded from macro '__INLINE'
  751 |   #define __INLINE         inline                                     /*!< inline keyword for GNU Compiler       */
      |                            ^
../CMSIS/core_cm3.h(1216): error: unknown type name 'inline'
 1216 | static __INLINE void __DMB()                      { __ASM volatile ("dmb"); }
      |        ^
../CMSIS/core_cm3.h(751): note: expanded from macro '__INLINE'
  751 |   #define __INLINE         inline                                     /*!< inline keyword for GNU Compiler       */
      |                            ^
../CMSIS/core_cm3.h(1217): error: unknown type name 'inline'
 1217 | static __INLINE void __CLREX()                    { __ASM volatile ("clrex"); }
      |        ^
../CMSIS/core_cm3.h(751): note: expanded from macro '__INLINE'
  751 |   #define __INLINE         inline                                     /*!< inline keyword for GNU Compiler       */
      |                            ^
../CMSIS/core_cm3.h(1468): error: unknown type name 'inline'
 1468 | static __INLINE void NVIC_SetPriorityGrouping(uint32_t PriorityGroup)
      |        ^
../CMSIS/core_cm3.h(751): note: expanded from macro '__INLINE'
  751 |   #define __INLINE         inline                                     /*!< inline keyword for GNU Compiler       */
      |                            ^
../CMSIS/core_cm3.h(1489): error: unknown type name 'inline'
 1489 | static __INLINE uint32_t NVIC_GetPriorityGrouping(void)
      |        ^
../CMSIS/core_cm3.h(751): note: expanded from macro '__INLINE'
  751 |   #define __INLINE         inline                                     /*!< inline keyword for GNU Compiler       */
      |                            ^
../CMSIS/core_cm3.h(1489): error: expected ';' after top level declarator
 1489 | static __INLINE uint32_t NVIC_GetPriorityGrouping(void)
      |                         ^
      |                         ;
../CMSIS/core_cm3.h(1502): error: unknown type name 'inline'
 1502 | static __INLINE void NVIC_EnableIRQ(IRQn_Type IRQn)
      |        ^
../CMSIS/core_cm3.h(751): note: expanded from macro '__INLINE'
  751 |   #define __INLINE         inline                                     /*!< inline keyword for GNU Compiler       */
      |                            ^
../CMSIS/core_cm3.h(1515): error: unknown type name 'inline'
 1515 | static __INLINE void NVIC_DisableIRQ(IRQn_Type IRQn)
      |        ^
../CMSIS/core_cm3.h(751): note: expanded from macro '__INLINE'
  751 |   #define __INLINE         inline                                     /*!< inline keyword for GNU Compiler       */
      |                            ^
../CMSIS/core_cm3.h(1529): error: unknown type name 'inline'
 1529 | static __INLINE uint32_t NVIC_GetPendingIRQ(IRQn_Type IRQn)
      |        ^
../CMSIS/core_cm3.h(751): note: expanded from macro '__INLINE'
  751 |   #define __INLINE         inline                                     /*!< inline keyword for GNU Compiler       */
      |                            ^
../CMSIS/core_cm3.h(1529): error: expected ';' after top level declarator
 1529 | static __INLINE uint32_t NVIC_GetPendingIRQ(IRQn_Type IRQn)
      |                         ^
      |                         ;
fatal error: too many errors emitted, stopping now [-ferror-limit=]
20 errors generated.
compiling stm32f10x_fsmc.c...
../Libraries/src/stm32f10x_gpio.c(22): warning: In file included from...
../Libraries/inc\stm32f10x_gpio.h(31): warning: In file included from...
../CMSIS\stm32f10x.h(481): warning: In file included from...
../CMSIS/core_cm3.h(1204): error: unknown type name 'inline'
 1204 | static __INLINE void __enable_irq()               { __ASM volatile ("cpsie i"); }
      |        ^
../CMSIS/core_cm3.h(751): note: expanded from macro '__INLINE'
  751 |   #define __INLINE         inline                                     /*!< inline keyword for GNU Compiler       */
      |                            ^
../CMSIS/core_cm3.h(1205): error: unknown type name 'inline'
 1205 | static __INLINE void __disable_irq()              { __ASM volatile ("cpsid i"); }
      |        ^
../CMSIS/core_cm3.h(751): note: expanded from macro '__INLINE'
  751 |   #define __INLINE         inline                                     /*!< inline keyword for GNU Compiler       */
      |                            ^
../CMSIS/core_cm3.h(1207): error: unknown type name 'inline'
 1207 | static __INLINE void __enable_fault_irq()         { __ASM volatile ("cpsie f"); }
      |        ^
../CMSIS/core_cm3.h(751): note: expanded from macro '__INLINE'
  751 |   #define __INLINE         inline                                     /*!< inline keyword for GNU Compiler       */
      |                            ^
../CMSIS/core_cm3.h(1208): error: unknown type name 'inline'
 1208 | static __INLINE void __disable_fault_irq()        { __ASM volatile ("cpsid f"); }
      |        ^
../CMSIS/core_cm3.h(751): note: expanded from macro '__INLINE'
  751 |   #define __INLINE         inline                                     /*!< inline keyword for GNU Compiler       */
      |                            ^
../CMSIS/core_cm3.h(1210): error: unknown type name 'inline'
 1210 | static __INLINE void __NOP()                      { __ASM volatile ("nop"); }
      |        ^
../CMSIS/core_cm3.h(751): note: expanded from macro '__INLINE'
  751 |   #define __INLINE         inline                                     /*!< inline keyword for GNU Compiler       */
      |                            ^
../CMSIS/core_cm3.h(1211): error: unknown type name 'inline'
 1211 | static __INLINE void __WFI()                      { __ASM volatile ("wfi"); }
      |        ^
../CMSIS/core_cm3.h(751): note: expanded from macro '__INLINE'
  751 |   #define __INLINE         inline                                     /*!< inline keyword for GNU Compiler       */
      |                            ^
../CMSIS/core_cm3.h(1212): error: unknown type name 'inline'
 1212 | static __INLINE void __WFE()                      { __ASM volatile ("wfe"); }
      |        ^
../CMSIS/core_cm3.h(751): note: expanded from macro '__INLINE'
  751 |   #define __INLINE         inline                                     /*!< inline keyword for GNU Compiler       */
      |                            ^
../CMSIS/core_cm3.h(1213): error: unknown type name 'inline'
 1213 | static __INLINE void __SEV()                      { __ASM volatile ("sev"); }
      |        ^
../CMSIS/core_cm3.h(751): note: expanded from macro '__INLINE'
  751 |   #define __INLINE         inline                                     /*!< inline keyword for GNU Compiler       */
      |                            ^
../CMSIS/core_cm3.h(1214): error: unknown type name 'inline'
 1214 | static __INLINE void __ISB()                      { __ASM volatile ("isb"); }
      |        ^
../CMSIS/core_cm3.h(751): note: expanded from macro '__INLINE'
  751 |   #define __INLINE         inline                                     /*!< inline keyword for GNU Compiler       */
      |                            ^
../CMSIS/core_cm3.h(1215): error: unknown type name 'inline'
 1215 | static __INLINE void __DSB()                      { __ASM volatile ("dsb"); }
      |        ^
../CMSIS/core_cm3.h(751): note: expanded from macro '__INLINE'
  751 |   #define __INLINE         inline                                     /*!< inline keyword for GNU Compiler       */
      |                            ^
../CMSIS/core_cm3.h(1216): error: unknown type name 'inline'
 1216 | static __INLINE void __DMB()                      { __ASM volatile ("dmb"); }
      |        ^
../CMSIS/core_cm3.h(751): note: expanded from macro '__INLINE'
  751 |   #define __INLINE         inline                                     /*!< inline keyword for GNU Compiler       */
      |                            ^
../CMSIS/core_cm3.h(1217): error: unknown type name 'inline'
 1217 | static __INLINE void __CLREX()                    { __ASM volatile ("clrex"); }
      |        ^
../CMSIS/core_cm3.h(751): note: expanded from macro '__INLINE'
  751 |   #define __INLINE         inline                                     /*!< inline keyword for GNU Compiler       */
      |                            ^
../CMSIS/core_cm3.h(1468): error: unknown type name 'inline'
 1468 | static __INLINE void NVIC_SetPriorityGrouping(uint32_t PriorityGroup)
      |        ^
../CMSIS/core_cm3.h(751): note: expanded from macro '__INLINE'
  751 |   #define __INLINE         inline                                     /*!< inline keyword for GNU Compiler       */
      |                            ^
../CMSIS/core_cm3.h(1489): error: unknown type name 'inline'
 1489 | static __INLINE uint32_t NVIC_GetPriorityGrouping(void)
      |        ^
../CMSIS/core_cm3.h(751): note: expanded from macro '__INLINE'
  751 |   #define __INLINE         inline                                     /*!< inline keyword for GNU Compiler       */
      |                            ^
../CMSIS/core_cm3.h(1489): error: expected ';' after top level declarator
 1489 | static __INLINE uint32_t NVIC_GetPriorityGrouping(void)
      |                         ^
      |                         ;
../CMSIS/core_cm3.h(1502): error: unknown type name 'inline'
 1502 | static __INLINE void NVIC_EnableIRQ(IRQn_Type IRQn)
      |        ^
../CMSIS/core_cm3.h(751): note: expanded from macro '__INLINE'
  751 |   #define __INLINE         inline                                     /*!< inline keyword for GNU Compiler       */
      |                            ^
../CMSIS/core_cm3.h(1515): error: unknown type name 'inline'
 1515 | static __INLINE void NVIC_DisableIRQ(IRQn_Type IRQn)
      |        ^
../CMSIS/core_cm3.h(751): note: expanded from macro '__INLINE'
  751 |   #define __INLINE         inline                                     /*!< inline keyword for GNU Compiler       */
      |                            ^
../CMSIS/core_cm3.h(1529): error: unknown type name 'inline'
 1529 | static __INLINE uint32_t NVIC_GetPendingIRQ(IRQn_Type IRQn)
      |        ^
../CMSIS/core_cm3.h(751): note: expanded from macro '__INLINE'
  751 |   #define __INLINE         inline                                     /*!< inline keyword for GNU Compiler       */
      |                            ^
../CMSIS/core_cm3.h(1529): error: expected ';' after top level declarator
 1529 | static __INLINE uint32_t NVIC_GetPendingIRQ(IRQn_Type IRQn)
      |                         ^
      |                         ;
fatal error: too many errors emitted, stopping now [-ferror-limit=]
20 errors generated.
compiling stm32f10x_gpio.c...
../Libraries/src/stm32f10x_i2c.c(22): warning: In file included from...
../Libraries/inc\stm32f10x_i2c.h(31): warning: In file included from...
../CMSIS\stm32f10x.h(481): warning: In file included from...
../CMSIS/core_cm3.h(1204): error: unknown type name 'inline'
 1204 | static __INLINE void __enable_irq()               { __ASM volatile ("cpsie i"); }
      |        ^
../CMSIS/core_cm3.h(751): note: expanded from macro '__INLINE'
  751 |   #define __INLINE         inline                                     /*!< inline keyword for GNU Compiler       */
      |                            ^
../CMSIS/core_cm3.h(1205): error: unknown type name 'inline'
 1205 | static __INLINE void __disable_irq()              { __ASM volatile ("cpsid i"); }
      |        ^
../CMSIS/core_cm3.h(751): note: expanded from macro '__INLINE'
  751 |   #define __INLINE         inline                                     /*!< inline keyword for GNU Compiler       */
      |                            ^
../CMSIS/core_cm3.h(1207): error: unknown type name 'inline'
 1207 | static __INLINE void __enable_fault_irq()         { __ASM volatile ("cpsie f"); }
      |        ^
../CMSIS/core_cm3.h(751): note: expanded from macro '__INLINE'
  751 |   #define __INLINE         inline                                     /*!< inline keyword for GNU Compiler       */
      |                            ^
../CMSIS/core_cm3.h(1208): error: unknown type name 'inline'
 1208 | static __INLINE void __disable_fault_irq()        { __ASM volatile ("cpsid f"); }
      |        ^
../CMSIS/core_cm3.h(751): note: expanded from macro '__INLINE'
  751 |   #define __INLINE         inline                                     /*!< inline keyword for GNU Compiler       */
      |                            ^
../CMSIS/core_cm3.h(1210): error: unknown type name 'inline'
 1210 | static __INLINE void __NOP()                      { __ASM volatile ("nop"); }
      |        ^
../CMSIS/core_cm3.h(751): note: expanded from macro '__INLINE'
  751 |   #define __INLINE         inline                                     /*!< inline keyword for GNU Compiler       */
      |                            ^
../CMSIS/core_cm3.h(1211): error: unknown type name 'inline'
 1211 | static __INLINE void __WFI()                      { __ASM volatile ("wfi"); }
      |        ^
../CMSIS/core_cm3.h(751): note: expanded from macro '__INLINE'
  751 |   #define __INLINE         inline                                     /*!< inline keyword for GNU Compiler       */
      |                            ^
../CMSIS/core_cm3.h(1212): error: unknown type name 'inline'
 1212 | static __INLINE void __WFE()                      { __ASM volatile ("wfe"); }
      |        ^
../CMSIS/core_cm3.h(751): note: expanded from macro '__INLINE'
  751 |   #define __INLINE         inline                                     /*!< inline keyword for GNU Compiler       */
      |                            ^
../CMSIS/core_cm3.h(1213): error: unknown type name 'inline'
 1213 | static __INLINE void __SEV()                      { __ASM volatile ("sev"); }
      |        ^
../CMSIS/core_cm3.h(751): note: expanded from macro '__INLINE'
  751 |   #define __INLINE         inline                                     /*!< inline keyword for GNU Compiler       */
      |                            ^
../CMSIS/core_cm3.h(1214): error: unknown type name 'inline'
 1214 | static __INLINE void __ISB()                      { __ASM volatile ("isb"); }
      |        ^
../CMSIS/core_cm3.h(751): note: expanded from macro '__INLINE'
  751 |   #define __INLINE         inline                                     /*!< inline keyword for GNU Compiler       */
      |                            ^
../CMSIS/core_cm3.h(1215): error: unknown type name 'inline'
 1215 | static __INLINE void __DSB()                      { __ASM volatile ("dsb"); }
      |        ^
../CMSIS/core_cm3.h(751): note: expanded from macro '__INLINE'
  751 |   #define __INLINE         inline                                     /*!< inline keyword for GNU Compiler       */
      |                            ^
../CMSIS/core_cm3.h(1216): error: unknown type name 'inline'
 1216 | static __INLINE void __DMB()                      { __ASM volatile ("dmb"); }
      |        ^
../CMSIS/core_cm3.h(751): note: expanded from macro '__INLINE'
  751 |   #define __INLINE         inline                                     /*!< inline keyword for GNU Compiler       */
      |                            ^
../CMSIS/core_cm3.h(1217): error: unknown type name 'inline'
 1217 | static __INLINE void __CLREX()                    { __ASM volatile ("clrex"); }
      |        ^
../CMSIS/core_cm3.h(751): note: expanded from macro '__INLINE'
  751 |   #define __INLINE         inline                                     /*!< inline keyword for GNU Compiler       */
      |                            ^
../CMSIS/core_cm3.h(1468): error: unknown type name 'inline'
 1468 | static __INLINE void NVIC_SetPriorityGrouping(uint32_t PriorityGroup)
      |        ^
../CMSIS/core_cm3.h(751): note: expanded from macro '__INLINE'
  751 |   #define __INLINE         inline                                     /*!< inline keyword for GNU Compiler       */
      |                            ^
../CMSIS/core_cm3.h(1489): error: unknown type name 'inline'
 1489 | static __INLINE uint32_t NVIC_GetPriorityGrouping(void)
      |        ^
../CMSIS/core_cm3.h(751): note: expanded from macro '__INLINE'
  751 |   #define __INLINE         inline                                     /*!< inline keyword for GNU Compiler       */
      |                            ^
../CMSIS/core_cm3.h(1489): error: expected ';' after top level declarator
 1489 | static __INLINE uint32_t NVIC_GetPriorityGrouping(void)
      |                         ^
      |                         ;
../CMSIS/core_cm3.h(1502): error: unknown type name 'inline'
 1502 | static __INLINE void NVIC_EnableIRQ(IRQn_Type IRQn)
      |        ^
../CMSIS/core_cm3.h(751): note: expanded from macro '__INLINE'
  751 |   #define __INLINE         inline                                     /*!< inline keyword for GNU Compiler       */
      |                            ^
../CMSIS/core_cm3.h(1515): error: unknown type name 'inline'
 1515 | static __INLINE void NVIC_DisableIRQ(IRQn_Type IRQn)
      |        ^
../CMSIS/core_cm3.h(751): note: expanded from macro '__INLINE'
  751 |   #define __INLINE         inline                                     /*!< inline keyword for GNU Compiler       */
      |                            ^
../CMSIS/core_cm3.h(1529): error: unknown type name 'inline'
 1529 | static __INLINE uint32_t NVIC_GetPendingIRQ(IRQn_Type IRQn)
      |        ^
../CMSIS/core_cm3.h(751): note: expanded from macro '__INLINE'
  751 |   #define __INLINE         inline                                     /*!< inline keyword for GNU Compiler       */
      |                            ^
../CMSIS/core_cm3.h(1529): error: expected ';' after top level declarator
 1529 | static __INLINE uint32_t NVIC_GetPendingIRQ(IRQn_Type IRQn)
      |                         ^
      |                         ;
fatal error: too many errors emitted, stopping now [-ferror-limit=]
20 errors generated.
compiling stm32f10x_i2c.c...
../Libraries/src/stm32f10x_iwdg.c(22): warning: In file included from...
../Libraries/inc\stm32f10x_iwdg.h(31): warning: In file included from...
../CMSIS\stm32f10x.h(481): warning: In file included from...
../CMSIS/core_cm3.h(1204): error: unknown type name 'inline'
 1204 | static __INLINE void __enable_irq()               { __ASM volatile ("cpsie i"); }
      |        ^
../CMSIS/core_cm3.h(751): note: expanded from macro '__INLINE'
  751 |   #define __INLINE         inline                                     /*!< inline keyword for GNU Compiler       */
      |                            ^
../CMSIS/core_cm3.h(1205): error: unknown type name 'inline'
 1205 | static __INLINE void __disable_irq()              { __ASM volatile ("cpsid i"); }
      |        ^
../CMSIS/core_cm3.h(751): note: expanded from macro '__INLINE'
  751 |   #define __INLINE         inline                                     /*!< inline keyword for GNU Compiler       */
      |                            ^
../CMSIS/core_cm3.h(1207): error: unknown type name 'inline'
 1207 | static __INLINE void __enable_fault_irq()         { __ASM volatile ("cpsie f"); }
      |        ^
../CMSIS/core_cm3.h(751): note: expanded from macro '__INLINE'
  751 |   #define __INLINE         inline                                     /*!< inline keyword for GNU Compiler       */
      |                            ^
../CMSIS/core_cm3.h(1208): error: unknown type name 'inline'
 1208 | static __INLINE void __disable_fault_irq()        { __ASM volatile ("cpsid f"); }
      |        ^
../CMSIS/core_cm3.h(751): note: expanded from macro '__INLINE'
  751 |   #define __INLINE         inline                                     /*!< inline keyword for GNU Compiler       */
      |                            ^
../CMSIS/core_cm3.h(1210): error: unknown type name 'inline'
 1210 | static __INLINE void __NOP()                      { __ASM volatile ("nop"); }
      |        ^
../CMSIS/core_cm3.h(751): note: expanded from macro '__INLINE'
  751 |   #define __INLINE         inline                                     /*!< inline keyword for GNU Compiler       */
      |                            ^
../CMSIS/core_cm3.h(1211): error: unknown type name 'inline'
 1211 | static __INLINE void __WFI()                      { __ASM volatile ("wfi"); }
      |        ^
../CMSIS/core_cm3.h(751): note: expanded from macro '__INLINE'
  751 |   #define __INLINE         inline                                     /*!< inline keyword for GNU Compiler       */
      |                            ^
../CMSIS/core_cm3.h(1212): error: unknown type name 'inline'
 1212 | static __INLINE void __WFE()                      { __ASM volatile ("wfe"); }
      |        ^
../CMSIS/core_cm3.h(751): note: expanded from macro '__INLINE'
  751 |   #define __INLINE         inline                                     /*!< inline keyword for GNU Compiler       */
      |                            ^
../CMSIS/core_cm3.h(1213): error: unknown type name 'inline'
 1213 | static __INLINE void __SEV()                      { __ASM volatile ("sev"); }
      |        ^
../CMSIS/core_cm3.h(751): note: expanded from macro '__INLINE'
  751 |   #define __INLINE         inline                                     /*!< inline keyword for GNU Compiler       */
      |                            ^
../CMSIS/core_cm3.h(1214): error: unknown type name 'inline'
 1214 | static __INLINE void __ISB()                      { __ASM volatile ("isb"); }
      |        ^
../CMSIS/core_cm3.h(751): note: expanded from macro '__INLINE'
  751 |   #define __INLINE         inline                                     /*!< inline keyword for GNU Compiler       */
      |                            ^
../CMSIS/core_cm3.h(1215): error: unknown type name 'inline'
 1215 | static __INLINE void __DSB()                      { __ASM volatile ("dsb"); }
      |        ^
../CMSIS/core_cm3.h(751): note: expanded from macro '__INLINE'
  751 |   #define __INLINE         inline                                     /*!< inline keyword for GNU Compiler       */
      |                            ^
../CMSIS/core_cm3.h(1216): error: unknown type name 'inline'
 1216 | static __INLINE void __DMB()                      { __ASM volatile ("dmb"); }
      |        ^
../CMSIS/core_cm3.h(751): note: expanded from macro '__INLINE'
  751 |   #define __INLINE         inline                                     /*!< inline keyword for GNU Compiler       */
      |                            ^
../CMSIS/core_cm3.h(1217): error: unknown type name 'inline'
 1217 | static __INLINE void __CLREX()                    { __ASM volatile ("clrex"); }
      |        ^
../CMSIS/core_cm3.h(751): note: expanded from macro '__INLINE'
  751 |   #define __INLINE         inline                                     /*!< inline keyword for GNU Compiler       */
      |                            ^
../CMSIS/core_cm3.h(1468): error: unknown type name 'inline'
 1468 | static __INLINE void NVIC_SetPriorityGrouping(uint32_t PriorityGroup)
      |        ^
../CMSIS/core_cm3.h(751): note: expanded from macro '__INLINE'
  751 |   #define __INLINE         inline                                     /*!< inline keyword for GNU Compiler       */
      |                            ^
../CMSIS/core_cm3.h(1489): error: unknown type name 'inline'
 1489 | static __INLINE uint32_t NVIC_GetPriorityGrouping(void)
      |        ^
../CMSIS/core_cm3.h(751): note: expanded from macro '__INLINE'
  751 |   #define __INLINE         inline                                     /*!< inline keyword for GNU Compiler       */
      |                            ^
../CMSIS/core_cm3.h(1489): error: expected ';' after top level declarator
 1489 | static __INLINE uint32_t NVIC_GetPriorityGrouping(void)
      |                         ^
      |                         ;
../CMSIS/core_cm3.h(1502): error: unknown type name 'inline'
 1502 | static __INLINE void NVIC_EnableIRQ(IRQn_Type IRQn)
      |        ^
../CMSIS/core_cm3.h(751): note: expanded from macro '__INLINE'
  751 |   #define __INLINE         inline                                     /*!< inline keyword for GNU Compiler       */
      |                            ^
../CMSIS/core_cm3.h(1515): error: unknown type name 'inline'
 1515 | static __INLINE void NVIC_DisableIRQ(IRQn_Type IRQn)
      |        ^
../CMSIS/core_cm3.h(751): note: expanded from macro '__INLINE'
  751 |   #define __INLINE         inline                                     /*!< inline keyword for GNU Compiler       */
      |                            ^
../CMSIS/core_cm3.h(1529): error: unknown type name 'inline'
 1529 | static __INLINE uint32_t NVIC_GetPendingIRQ(IRQn_Type IRQn)
      |        ^
../CMSIS/core_cm3.h(751): note: expanded from macro '__INLINE'
  751 |   #define __INLINE         inline                                     /*!< inline keyword for GNU Compiler       */
      |                            ^
../CMSIS/core_cm3.h(1529): error: expected ';' after top level declarator
 1529 | static __INLINE uint32_t NVIC_GetPendingIRQ(IRQn_Type IRQn)
      |                         ^
      |                         ;
fatal error: too many errors emitted, stopping now [-ferror-limit=]
20 errors generated.
compiling stm32f10x_iwdg.c...
../Libraries/src/stm32f10x_pwr.c(22): warning: In file included from...
../Libraries/inc\stm32f10x_pwr.h(31): warning: In file included from...
../CMSIS\stm32f10x.h(481): warning: In file included from...
../CMSIS/core_cm3.h(1204): error: unknown type name 'inline'
 1204 | static __INLINE void __enable_irq()               { __ASM volatile ("cpsie i"); }
      |        ^
../CMSIS/core_cm3.h(751): note: expanded from macro '__INLINE'
  751 |   #define __INLINE         inline                                     /*!< inline keyword for GNU Compiler       */
      |                            ^
../CMSIS/core_cm3.h(1205): error: unknown type name 'inline'
 1205 | static __INLINE void __disable_irq()              { __ASM volatile ("cpsid i"); }
      |        ^
../CMSIS/core_cm3.h(751): note: expanded from macro '__INLINE'
  751 |   #define __INLINE         inline                                     /*!< inline keyword for GNU Compiler       */
      |                            ^
../CMSIS/core_cm3.h(1207): error: unknown type name 'inline'
 1207 | static __INLINE void __enable_fault_irq()         { __ASM volatile ("cpsie f"); }
      |        ^
../CMSIS/core_cm3.h(751): note: expanded from macro '__INLINE'
  751 |   #define __INLINE         inline                                     /*!< inline keyword for GNU Compiler       */
      |                            ^
../CMSIS/core_cm3.h(1208): error: unknown type name 'inline'
 1208 | static __INLINE void __disable_fault_irq()        { __ASM volatile ("cpsid f"); }
      |        ^
../CMSIS/core_cm3.h(751): note: expanded from macro '__INLINE'
  751 |   #define __INLINE         inline                                     /*!< inline keyword for GNU Compiler       */
      |                            ^
../CMSIS/core_cm3.h(1210): error: unknown type name 'inline'
 1210 | static __INLINE void __NOP()                      { __ASM volatile ("nop"); }
      |        ^
../CMSIS/core_cm3.h(751): note: expanded from macro '__INLINE'
  751 |   #define __INLINE         inline                                     /*!< inline keyword for GNU Compiler       */
      |                            ^
../CMSIS/core_cm3.h(1211): error: unknown type name 'inline'
 1211 | static __INLINE void __WFI()                      { __ASM volatile ("wfi"); }
      |        ^
../CMSIS/core_cm3.h(751): note: expanded from macro '__INLINE'
  751 |   #define __INLINE         inline                                     /*!< inline keyword for GNU Compiler       */
      |                            ^
../CMSIS/core_cm3.h(1212): error: unknown type name 'inline'
 1212 | static __INLINE void __WFE()                      { __ASM volatile ("wfe"); }
      |        ^
../CMSIS/core_cm3.h(751): note: expanded from macro '__INLINE'
  751 |   #define __INLINE         inline                                     /*!< inline keyword for GNU Compiler       */
      |                            ^
../CMSIS/core_cm3.h(1213): error: unknown type name 'inline'
 1213 | static __INLINE void __SEV()                      { __ASM volatile ("sev"); }
      |        ^
../CMSIS/core_cm3.h(751): note: expanded from macro '__INLINE'
  751 |   #define __INLINE         inline                                     /*!< inline keyword for GNU Compiler       */
      |                            ^
../CMSIS/core_cm3.h(1214): error: unknown type name 'inline'
 1214 | static __INLINE void __ISB()                      { __ASM volatile ("isb"); }
      |        ^
../CMSIS/core_cm3.h(751): note: expanded from macro '__INLINE'
  751 |   #define __INLINE         inline                                     /*!< inline keyword for GNU Compiler       */
      |                            ^
../CMSIS/core_cm3.h(1215): error: unknown type name 'inline'
 1215 | static __INLINE void __DSB()                      { __ASM volatile ("dsb"); }
      |        ^
../CMSIS/core_cm3.h(751): note: expanded from macro '__INLINE'
  751 |   #define __INLINE         inline                                     /*!< inline keyword for GNU Compiler       */
      |                            ^
../CMSIS/core_cm3.h(1216): error: unknown type name 'inline'
 1216 | static __INLINE void __DMB()                      { __ASM volatile ("dmb"); }
      |        ^
../CMSIS/core_cm3.h(751): note: expanded from macro '__INLINE'
  751 |   #define __INLINE         inline                                     /*!< inline keyword for GNU Compiler       */
      |                            ^
../CMSIS/core_cm3.h(1217): error: unknown type name 'inline'
 1217 | static __INLINE void __CLREX()                    { __ASM volatile ("clrex"); }
      |        ^
../CMSIS/core_cm3.h(751): note: expanded from macro '__INLINE'
  751 |   #define __INLINE         inline                                     /*!< inline keyword for GNU Compiler       */
      |                            ^
../CMSIS/core_cm3.h(1468): error: unknown type name 'inline'
 1468 | static __INLINE void NVIC_SetPriorityGrouping(uint32_t PriorityGroup)
      |        ^
../CMSIS/core_cm3.h(751): note: expanded from macro '__INLINE'
  751 |   #define __INLINE         inline                                     /*!< inline keyword for GNU Compiler       */
      |                            ^
../CMSIS/core_cm3.h(1489): error: unknown type name 'inline'
 1489 | static __INLINE uint32_t NVIC_GetPriorityGrouping(void)
      |        ^
../CMSIS/core_cm3.h(751): note: expanded from macro '__INLINE'
  751 |   #define __INLINE         inline                                     /*!< inline keyword for GNU Compiler       */
      |                            ^
../CMSIS/core_cm3.h(1489): error: expected ';' after top level declarator
 1489 | static __INLINE uint32_t NVIC_GetPriorityGrouping(void)
      |                         ^
      |                         ;
../CMSIS/core_cm3.h(1502): error: unknown type name 'inline'
 1502 | static __INLINE void NVIC_EnableIRQ(IRQn_Type IRQn)
      |        ^
../CMSIS/core_cm3.h(751): note: expanded from macro '__INLINE'
  751 |   #define __INLINE         inline                                     /*!< inline keyword for GNU Compiler       */
      |                            ^
../CMSIS/core_cm3.h(1515): error: unknown type name 'inline'
 1515 | static __INLINE void NVIC_DisableIRQ(IRQn_Type IRQn)
      |        ^
../CMSIS/core_cm3.h(751): note: expanded from macro '__INLINE'
  751 |   #define __INLINE         inline                                     /*!< inline keyword for GNU Compiler       */
      |                            ^
../CMSIS/core_cm3.h(1529): error: unknown type name 'inline'
 1529 | static __INLINE uint32_t NVIC_GetPendingIRQ(IRQn_Type IRQn)
      |        ^
../CMSIS/core_cm3.h(751): note: expanded from macro '__INLINE'
  751 |   #define __INLINE         inline                                     /*!< inline keyword for GNU Compiler       */
      |                            ^
../CMSIS/core_cm3.h(1529): error: expected ';' after top level declarator
 1529 | static __INLINE uint32_t NVIC_GetPendingIRQ(IRQn_Type IRQn)
      |                         ^
      |                         ;
fatal error: too many errors emitted, stopping now [-ferror-limit=]
20 errors generated.
compiling stm32f10x_pwr.c...
../Libraries/src/stm32f10x_rcc.c(22): warning: In file included from...
../Libraries/inc\stm32f10x_rcc.h(31): warning: In file included from...
../CMSIS\stm32f10x.h(481): warning: In file included from...
../CMSIS/core_cm3.h(1204): error: unknown type name 'inline'
 1204 | static __INLINE void __enable_irq()               { __ASM volatile ("cpsie i"); }
      |        ^
../CMSIS/core_cm3.h(751): note: expanded from macro '__INLINE'
  751 |   #define __INLINE         inline                                     /*!< inline keyword for GNU Compiler       */
      |                            ^
../CMSIS/core_cm3.h(1205): error: unknown type name 'inline'
 1205 | static __INLINE void __disable_irq()              { __ASM volatile ("cpsid i"); }
      |        ^
../CMSIS/core_cm3.h(751): note: expanded from macro '__INLINE'
  751 |   #define __INLINE         inline                                     /*!< inline keyword for GNU Compiler       */
      |                            ^
../CMSIS/core_cm3.h(1207): error: unknown type name 'inline'
 1207 | static __INLINE void __enable_fault_irq()         { __ASM volatile ("cpsie f"); }
      |        ^
../CMSIS/core_cm3.h(751): note: expanded from macro '__INLINE'
  751 |   #define __INLINE         inline                                     /*!< inline keyword for GNU Compiler       */
      |                            ^
../CMSIS/core_cm3.h(1208): error: unknown type name 'inline'
 1208 | static __INLINE void __disable_fault_irq()        { __ASM volatile ("cpsid f"); }
      |        ^
../CMSIS/core_cm3.h(751): note: expanded from macro '__INLINE'
  751 |   #define __INLINE         inline                                     /*!< inline keyword for GNU Compiler       */
      |                            ^
../CMSIS/core_cm3.h(1210): error: unknown type name 'inline'
 1210 | static __INLINE void __NOP()                      { __ASM volatile ("nop"); }
      |        ^
../CMSIS/core_cm3.h(751): note: expanded from macro '__INLINE'
  751 |   #define __INLINE         inline                                     /*!< inline keyword for GNU Compiler       */
      |                            ^
../CMSIS/core_cm3.h(1211): error: unknown type name 'inline'
 1211 | static __INLINE void __WFI()                      { __ASM volatile ("wfi"); }
      |        ^
../CMSIS/core_cm3.h(751): note: expanded from macro '__INLINE'
  751 |   #define __INLINE         inline                                     /*!< inline keyword for GNU Compiler       */
      |                            ^
../CMSIS/core_cm3.h(1212): error: unknown type name 'inline'
 1212 | static __INLINE void __WFE()                      { __ASM volatile ("wfe"); }
      |        ^
../CMSIS/core_cm3.h(751): note: expanded from macro '__INLINE'
  751 |   #define __INLINE         inline                                     /*!< inline keyword for GNU Compiler       */
      |                            ^
../CMSIS/core_cm3.h(1213): error: unknown type name 'inline'
 1213 | static __INLINE void __SEV()                      { __ASM volatile ("sev"); }
      |        ^
../CMSIS/core_cm3.h(751): note: expanded from macro '__INLINE'
  751 |   #define __INLINE         inline                                     /*!< inline keyword for GNU Compiler       */
      |                            ^
../CMSIS/core_cm3.h(1214): error: unknown type name 'inline'
 1214 | static __INLINE void __ISB()                      { __ASM volatile ("isb"); }
      |        ^
../CMSIS/core_cm3.h(751): note: expanded from macro '__INLINE'
  751 |   #define __INLINE         inline                                     /*!< inline keyword for GNU Compiler       */
      |                            ^
../CMSIS/core_cm3.h(1215): error: unknown type name 'inline'
 1215 | static __INLINE void __DSB()                      { __ASM volatile ("dsb"); }
      |        ^
../CMSIS/core_cm3.h(751): note: expanded from macro '__INLINE'
  751 |   #define __INLINE         inline                                     /*!< inline keyword for GNU Compiler       */
      |                            ^
../CMSIS/core_cm3.h(1216): error: unknown type name 'inline'
 1216 | static __INLINE void __DMB()                      { __ASM volatile ("dmb"); }
      |        ^
../CMSIS/core_cm3.h(751): note: expanded from macro '__INLINE'
  751 |   #define __INLINE         inline                                     /*!< inline keyword for GNU Compiler       */
      |                            ^
../CMSIS/core_cm3.h(1217): error: unknown type name 'inline'
 1217 | static __INLINE void __CLREX()                    { __ASM volatile ("clrex"); }
      |        ^
../CMSIS/core_cm3.h(751): note: expanded from macro '__INLINE'
  751 |   #define __INLINE         inline                                     /*!< inline keyword for GNU Compiler       */
      |                            ^
../CMSIS/core_cm3.h(1468): error: unknown type name 'inline'
 1468 | static __INLINE void NVIC_SetPriorityGrouping(uint32_t PriorityGroup)
      |        ^
../CMSIS/core_cm3.h(751): note: expanded from macro '__INLINE'
  751 |   #define __INLINE         inline                                     /*!< inline keyword for GNU Compiler       */
      |                            ^
../CMSIS/core_cm3.h(1489): error: unknown type name 'inline'
 1489 | static __INLINE uint32_t NVIC_GetPriorityGrouping(void)
      |        ^
../CMSIS/core_cm3.h(751): note: expanded from macro '__INLINE'
  751 |   #define __INLINE         inline                                     /*!< inline keyword for GNU Compiler       */
      |                            ^
../CMSIS/core_cm3.h(1489): error: expected ';' after top level declarator
 1489 | static __INLINE uint32_t NVIC_GetPriorityGrouping(void)
      |                         ^
      |                         ;
../CMSIS/core_cm3.h(1502): error: unknown type name 'inline'
 1502 | static __INLINE void NVIC_EnableIRQ(IRQn_Type IRQn)
      |        ^
../CMSIS/core_cm3.h(751): note: expanded from macro '__INLINE'
  751 |   #define __INLINE         inline                                     /*!< inline keyword for GNU Compiler       */
      |                            ^
../CMSIS/core_cm3.h(1515): error: unknown type name 'inline'
 1515 | static __INLINE void NVIC_DisableIRQ(IRQn_Type IRQn)
      |        ^
../CMSIS/core_cm3.h(751): note: expanded from macro '__INLINE'
  751 |   #define __INLINE         inline                                     /*!< inline keyword for GNU Compiler       */
      |                            ^
../CMSIS/core_cm3.h(1529): error: unknown type name 'inline'
 1529 | static __INLINE uint32_t NVIC_GetPendingIRQ(IRQn_Type IRQn)
      |        ^
../CMSIS/core_cm3.h(751): note: expanded from macro '__INLINE'
  751 |   #define __INLINE         inline                                     /*!< inline keyword for GNU Compiler       */
      |                            ^
../CMSIS/core_cm3.h(1529): error: expected ';' after top level declarator
 1529 | static __INLINE uint32_t NVIC_GetPendingIRQ(IRQn_Type IRQn)
      |                         ^
      |                         ;
fatal error: too many errors emitted, stopping now [-ferror-limit=]
20 errors generated.
compiling stm32f10x_rcc.c...
../Libraries/src/stm32f10x_rtc.c(22): warning: In file included from...
../Libraries/inc\stm32f10x_rtc.h(31): warning: In file included from...
../CMSIS\stm32f10x.h(481): warning: In file included from...
../CMSIS/core_cm3.h(1204): error: unknown type name 'inline'
 1204 | static __INLINE void __enable_irq()               { __ASM volatile ("cpsie i"); }
      |        ^
../CMSIS/core_cm3.h(751): note: expanded from macro '__INLINE'
  751 |   #define __INLINE         inline                                     /*!< inline keyword for GNU Compiler       */
      |                            ^
../CMSIS/core_cm3.h(1205): error: unknown type name 'inline'
 1205 | static __INLINE void __disable_irq()              { __ASM volatile ("cpsid i"); }
      |        ^
../CMSIS/core_cm3.h(751): note: expanded from macro '__INLINE'
  751 |   #define __INLINE         inline                                     /*!< inline keyword for GNU Compiler       */
      |                            ^
../CMSIS/core_cm3.h(1207): error: unknown type name 'inline'
 1207 | static __INLINE void __enable_fault_irq()         { __ASM volatile ("cpsie f"); }
      |        ^
../CMSIS/core_cm3.h(751): note: expanded from macro '__INLINE'
  751 |   #define __INLINE         inline                                     /*!< inline keyword for GNU Compiler       */
      |                            ^
../CMSIS/core_cm3.h(1208): error: unknown type name 'inline'
 1208 | static __INLINE void __disable_fault_irq()        { __ASM volatile ("cpsid f"); }
      |        ^
../CMSIS/core_cm3.h(751): note: expanded from macro '__INLINE'
  751 |   #define __INLINE         inline                                     /*!< inline keyword for GNU Compiler       */
      |                            ^
../CMSIS/core_cm3.h(1210): error: unknown type name 'inline'
 1210 | static __INLINE void __NOP()                      { __ASM volatile ("nop"); }
      |        ^
../CMSIS/core_cm3.h(751): note: expanded from macro '__INLINE'
  751 |   #define __INLINE         inline                                     /*!< inline keyword for GNU Compiler       */
      |                            ^
../CMSIS/core_cm3.h(1211): error: unknown type name 'inline'
 1211 | static __INLINE void __WFI()                      { __ASM volatile ("wfi"); }
      |        ^
../CMSIS/core_cm3.h(751): note: expanded from macro '__INLINE'
  751 |   #define __INLINE         inline                                     /*!< inline keyword for GNU Compiler       */
      |                            ^
../CMSIS/core_cm3.h(1212): error: unknown type name 'inline'
 1212 | static __INLINE void __WFE()                      { __ASM volatile ("wfe"); }
      |        ^
../CMSIS/core_cm3.h(751): note: expanded from macro '__INLINE'
  751 |   #define __INLINE         inline                                     /*!< inline keyword for GNU Compiler       */
      |                            ^
../CMSIS/core_cm3.h(1213): error: unknown type name 'inline'
 1213 | static __INLINE void __SEV()                      { __ASM volatile ("sev"); }
      |        ^
../CMSIS/core_cm3.h(751): note: expanded from macro '__INLINE'
  751 |   #define __INLINE         inline                                     /*!< inline keyword for GNU Compiler       */
      |                            ^
../CMSIS/core_cm3.h(1214): error: unknown type name 'inline'
 1214 | static __INLINE void __ISB()                      { __ASM volatile ("isb"); }
      |        ^
../CMSIS/core_cm3.h(751): note: expanded from macro '__INLINE'
  751 |   #define __INLINE         inline                                     /*!< inline keyword for GNU Compiler       */
      |                            ^
../CMSIS/core_cm3.h(1215): error: unknown type name 'inline'
 1215 | static __INLINE void __DSB()                      { __ASM volatile ("dsb"); }
      |        ^
../CMSIS/core_cm3.h(751): note: expanded from macro '__INLINE'
  751 |   #define __INLINE         inline                                     /*!< inline keyword for GNU Compiler       */
      |                            ^
../CMSIS/core_cm3.h(1216): error: unknown type name 'inline'
 1216 | static __INLINE void __DMB()                      { __ASM volatile ("dmb"); }
      |        ^
../CMSIS/core_cm3.h(751): note: expanded from macro '__INLINE'
  751 |   #define __INLINE         inline                                     /*!< inline keyword for GNU Compiler       */
      |                            ^
../CMSIS/core_cm3.h(1217): error: unknown type name 'inline'
 1217 | static __INLINE void __CLREX()                    { __ASM volatile ("clrex"); }
      |        ^
../CMSIS/core_cm3.h(751): note: expanded from macro '__INLINE'
  751 |   #define __INLINE         inline                                     /*!< inline keyword for GNU Compiler       */
      |                            ^
../CMSIS/core_cm3.h(1468): error: unknown type name 'inline'
 1468 | static __INLINE void NVIC_SetPriorityGrouping(uint32_t PriorityGroup)
      |        ^
../CMSIS/core_cm3.h(751): note: expanded from macro '__INLINE'
  751 |   #define __INLINE         inline                                     /*!< inline keyword for GNU Compiler       */
      |                            ^
../CMSIS/core_cm3.h(1489): error: unknown type name 'inline'
 1489 | static __INLINE uint32_t NVIC_GetPriorityGrouping(void)
      |        ^
../CMSIS/core_cm3.h(751): note: expanded from macro '__INLINE'
  751 |   #define __INLINE         inline                                     /*!< inline keyword for GNU Compiler       */
      |                            ^
../CMSIS/core_cm3.h(1489): error: expected ';' after top level declarator
 1489 | static __INLINE uint32_t NVIC_GetPriorityGrouping(void)
      |                         ^
      |                         ;
../CMSIS/core_cm3.h(1502): error: unknown type name 'inline'
 1502 | static __INLINE void NVIC_EnableIRQ(IRQn_Type IRQn)
      |        ^
../CMSIS/core_cm3.h(751): note: expanded from macro '__INLINE'
  751 |   #define __INLINE         inline                                     /*!< inline keyword for GNU Compiler       */
      |                            ^
../CMSIS/core_cm3.h(1515): error: unknown type name 'inline'
 1515 | static __INLINE void NVIC_DisableIRQ(IRQn_Type IRQn)
      |        ^
../CMSIS/core_cm3.h(751): note: expanded from macro '__INLINE'
  751 |   #define __INLINE         inline                                     /*!< inline keyword for GNU Compiler       */
      |                            ^
../CMSIS/core_cm3.h(1529): error: unknown type name 'inline'
 1529 | static __INLINE uint32_t NVIC_GetPendingIRQ(IRQn_Type IRQn)
      |        ^
../CMSIS/core_cm3.h(751): note: expanded from macro '__INLINE'
  751 |   #define __INLINE         inline                                     /*!< inline keyword for GNU Compiler       */
      |                            ^
../CMSIS/core_cm3.h(1529): error: expected ';' after top level declarator
 1529 | static __INLINE uint32_t NVIC_GetPendingIRQ(IRQn_Type IRQn)
      |                         ^
      |                         ;
fatal error: too many errors emitted, stopping now [-ferror-limit=]
20 errors generated.
compiling stm32f10x_rtc.c...
../Libraries/src/stm32f10x_sdio.c(22): warning: In file included from...
../Libraries/inc\stm32f10x_sdio.h(31): warning: In file included from...
../CMSIS\stm32f10x.h(481): warning: In file included from...
../CMSIS/core_cm3.h(1204): error: unknown type name 'inline'
 1204 | static __INLINE void __enable_irq()               { __ASM volatile ("cpsie i"); }
      |        ^
../CMSIS/core_cm3.h(751): note: expanded from macro '__INLINE'
  751 |   #define __INLINE         inline                                     /*!< inline keyword for GNU Compiler       */
      |                            ^
../CMSIS/core_cm3.h(1205): error: unknown type name 'inline'
 1205 | static __INLINE void __disable_irq()              { __ASM volatile ("cpsid i"); }
      |        ^
../CMSIS/core_cm3.h(751): note: expanded from macro '__INLINE'
  751 |   #define __INLINE         inline                                     /*!< inline keyword for GNU Compiler       */
      |                            ^
../CMSIS/core_cm3.h(1207): error: unknown type name 'inline'
 1207 | static __INLINE void __enable_fault_irq()         { __ASM volatile ("cpsie f"); }
      |        ^
../CMSIS/core_cm3.h(751): note: expanded from macro '__INLINE'
  751 |   #define __INLINE         inline                                     /*!< inline keyword for GNU Compiler       */
      |                            ^
../CMSIS/core_cm3.h(1208): error: unknown type name 'inline'
 1208 | static __INLINE void __disable_fault_irq()        { __ASM volatile ("cpsid f"); }
      |        ^
../CMSIS/core_cm3.h(751): note: expanded from macro '__INLINE'
  751 |   #define __INLINE         inline                                     /*!< inline keyword for GNU Compiler       */
      |                            ^
../CMSIS/core_cm3.h(1210): error: unknown type name 'inline'
 1210 | static __INLINE void __NOP()                      { __ASM volatile ("nop"); }
      |        ^
../CMSIS/core_cm3.h(751): note: expanded from macro '__INLINE'
  751 |   #define __INLINE         inline                                     /*!< inline keyword for GNU Compiler       */
      |                            ^
../CMSIS/core_cm3.h(1211): error: unknown type name 'inline'
 1211 | static __INLINE void __WFI()                      { __ASM volatile ("wfi"); }
      |        ^
../CMSIS/core_cm3.h(751): note: expanded from macro '__INLINE'
  751 |   #define __INLINE         inline                                     /*!< inline keyword for GNU Compiler       */
      |                            ^
../CMSIS/core_cm3.h(1212): error: unknown type name 'inline'
 1212 | static __INLINE void __WFE()                      { __ASM volatile ("wfe"); }
      |        ^
../CMSIS/core_cm3.h(751): note: expanded from macro '__INLINE'
  751 |   #define __INLINE         inline                                     /*!< inline keyword for GNU Compiler       */
      |                            ^
../CMSIS/core_cm3.h(1213): error: unknown type name 'inline'
 1213 | static __INLINE void __SEV()                      { __ASM volatile ("sev"); }
      |        ^
../CMSIS/core_cm3.h(751): note: expanded from macro '__INLINE'
  751 |   #define __INLINE         inline                                     /*!< inline keyword for GNU Compiler       */
      |                            ^
../CMSIS/core_cm3.h(1214): error: unknown type name 'inline'
 1214 | static __INLINE void __ISB()                      { __ASM volatile ("isb"); }
      |        ^
../CMSIS/core_cm3.h(751): note: expanded from macro '__INLINE'
  751 |   #define __INLINE         inline                                     /*!< inline keyword for GNU Compiler       */
      |                            ^
../CMSIS/core_cm3.h(1215): error: unknown type name 'inline'
 1215 | static __INLINE void __DSB()                      { __ASM volatile ("dsb"); }
      |        ^
../CMSIS/core_cm3.h(751): note: expanded from macro '__INLINE'
  751 |   #define __INLINE         inline                                     /*!< inline keyword for GNU Compiler       */
      |                            ^
../CMSIS/core_cm3.h(1216): error: unknown type name 'inline'
 1216 | static __INLINE void __DMB()                      { __ASM volatile ("dmb"); }
      |        ^
../CMSIS/core_cm3.h(751): note: expanded from macro '__INLINE'
  751 |   #define __INLINE         inline                                     /*!< inline keyword for GNU Compiler       */
      |                            ^
../CMSIS/core_cm3.h(1217): error: unknown type name 'inline'
 1217 | static __INLINE void __CLREX()                    { __ASM volatile ("clrex"); }
      |        ^
../CMSIS/core_cm3.h(751): note: expanded from macro '__INLINE'
  751 |   #define __INLINE         inline                                     /*!< inline keyword for GNU Compiler       */
      |                            ^
../CMSIS/core_cm3.h(1468): error: unknown type name 'inline'
 1468 | static __INLINE void NVIC_SetPriorityGrouping(uint32_t PriorityGroup)
      |        ^
../CMSIS/core_cm3.h(751): note: expanded from macro '__INLINE'
  751 |   #define __INLINE         inline                                     /*!< inline keyword for GNU Compiler       */
      |                            ^
../CMSIS/core_cm3.h(1489): error: unknown type name 'inline'
 1489 | static __INLINE uint32_t NVIC_GetPriorityGrouping(void)
      |        ^
../CMSIS/core_cm3.h(751): note: expanded from macro '__INLINE'
  751 |   #define __INLINE         inline                                     /*!< inline keyword for GNU Compiler       */
      |                            ^
../CMSIS/core_cm3.h(1489): error: expected ';' after top level declarator
 1489 | static __INLINE uint32_t NVIC_GetPriorityGrouping(void)
      |                         ^
      |                         ;
../CMSIS/core_cm3.h(1502): error: unknown type name 'inline'
 1502 | static __INLINE void NVIC_EnableIRQ(IRQn_Type IRQn)
      |        ^
../CMSIS/core_cm3.h(751): note: expanded from macro '__INLINE'
  751 |   #define __INLINE         inline                                     /*!< inline keyword for GNU Compiler       */
      |                            ^
../CMSIS/core_cm3.h(1515): error: unknown type name 'inline'
 1515 | static __INLINE void NVIC_DisableIRQ(IRQn_Type IRQn)
      |        ^
../CMSIS/core_cm3.h(751): note: expanded from macro '__INLINE'
  751 |   #define __INLINE         inline                                     /*!< inline keyword for GNU Compiler       */
      |                            ^
../CMSIS/core_cm3.h(1529): error: unknown type name 'inline'
 1529 | static __INLINE uint32_t NVIC_GetPendingIRQ(IRQn_Type IRQn)
      |        ^
../CMSIS/core_cm3.h(751): note: expanded from macro '__INLINE'
  751 |   #define __INLINE         inline                                     /*!< inline keyword for GNU Compiler       */
      |                            ^
../CMSIS/core_cm3.h(1529): error: expected ';' after top level declarator
 1529 | static __INLINE uint32_t NVIC_GetPendingIRQ(IRQn_Type IRQn)
      |                         ^
      |                         ;
fatal error: too many errors emitted, stopping now [-ferror-limit=]
20 errors generated.
compiling stm32f10x_sdio.c...
../Libraries/src/stm32f10x_spi.c(22): warning: In file included from...
../Libraries/inc\stm32f10x_spi.h(31): warning: In file included from...
../CMSIS\stm32f10x.h(481): warning: In file included from...
../CMSIS/core_cm3.h(1204): error: unknown type name 'inline'
 1204 | static __INLINE void __enable_irq()               { __ASM volatile ("cpsie i"); }
      |        ^
../CMSIS/core_cm3.h(751): note: expanded from macro '__INLINE'
  751 |   #define __INLINE         inline                                     /*!< inline keyword for GNU Compiler       */
      |                            ^
../CMSIS/core_cm3.h(1205): error: unknown type name 'inline'
 1205 | static __INLINE void __disable_irq()              { __ASM volatile ("cpsid i"); }
      |        ^
../CMSIS/core_cm3.h(751): note: expanded from macro '__INLINE'
  751 |   #define __INLINE         inline                                     /*!< inline keyword for GNU Compiler       */
      |                            ^
../CMSIS/core_cm3.h(1207): error: unknown type name 'inline'
 1207 | static __INLINE void __enable_fault_irq()         { __ASM volatile ("cpsie f"); }
      |        ^
../CMSIS/core_cm3.h(751): note: expanded from macro '__INLINE'
  751 |   #define __INLINE         inline                                     /*!< inline keyword for GNU Compiler       */
      |                            ^
../CMSIS/core_cm3.h(1208): error: unknown type name 'inline'
 1208 | static __INLINE void __disable_fault_irq()        { __ASM volatile ("cpsid f"); }
      |        ^
../CMSIS/core_cm3.h(751): note: expanded from macro '__INLINE'
  751 |   #define __INLINE         inline                                     /*!< inline keyword for GNU Compiler       */
      |                            ^
../CMSIS/core_cm3.h(1210): error: unknown type name 'inline'
 1210 | static __INLINE void __NOP()                      { __ASM volatile ("nop"); }
      |        ^
../CMSIS/core_cm3.h(751): note: expanded from macro '__INLINE'
  751 |   #define __INLINE         inline                                     /*!< inline keyword for GNU Compiler       */
      |                            ^
../CMSIS/core_cm3.h(1211): error: unknown type name 'inline'
 1211 | static __INLINE void __WFI()                      { __ASM volatile ("wfi"); }
      |        ^
../CMSIS/core_cm3.h(751): note: expanded from macro '__INLINE'
  751 |   #define __INLINE         inline                                     /*!< inline keyword for GNU Compiler       */
      |                            ^
../CMSIS/core_cm3.h(1212): error: unknown type name 'inline'
 1212 | static __INLINE void __WFE()                      { __ASM volatile ("wfe"); }
      |        ^
../CMSIS/core_cm3.h(751): note: expanded from macro '__INLINE'
  751 |   #define __INLINE         inline                                     /*!< inline keyword for GNU Compiler       */
      |                            ^
../CMSIS/core_cm3.h(1213): error: unknown type name 'inline'
 1213 | static __INLINE void __SEV()                      { __ASM volatile ("sev"); }
      |        ^
../CMSIS/core_cm3.h(751): note: expanded from macro '__INLINE'
  751 |   #define __INLINE         inline                                     /*!< inline keyword for GNU Compiler       */
      |                            ^
../CMSIS/core_cm3.h(1214): error: unknown type name 'inline'
 1214 | static __INLINE void __ISB()                      { __ASM volatile ("isb"); }
      |        ^
../CMSIS/core_cm3.h(751): note: expanded from macro '__INLINE'
  751 |   #define __INLINE         inline                                     /*!< inline keyword for GNU Compiler       */
      |                            ^
../CMSIS/core_cm3.h(1215): error: unknown type name 'inline'
 1215 | static __INLINE void __DSB()                      { __ASM volatile ("dsb"); }
      |        ^
../CMSIS/core_cm3.h(751): note: expanded from macro '__INLINE'
  751 |   #define __INLINE         inline                                     /*!< inline keyword for GNU Compiler       */
      |                            ^
../CMSIS/core_cm3.h(1216): error: unknown type name 'inline'
 1216 | static __INLINE void __DMB()                      { __ASM volatile ("dmb"); }
      |        ^
../CMSIS/core_cm3.h(751): note: expanded from macro '__INLINE'
  751 |   #define __INLINE         inline                                     /*!< inline keyword for GNU Compiler       */
      |                            ^
../CMSIS/core_cm3.h(1217): error: unknown type name 'inline'
 1217 | static __INLINE void __CLREX()                    { __ASM volatile ("clrex"); }
      |        ^
../CMSIS/core_cm3.h(751): note: expanded from macro '__INLINE'
  751 |   #define __INLINE         inline                                     /*!< inline keyword for GNU Compiler       */
      |                            ^
../CMSIS/core_cm3.h(1468): error: unknown type name 'inline'
 1468 | static __INLINE void NVIC_SetPriorityGrouping(uint32_t PriorityGroup)
      |        ^
../CMSIS/core_cm3.h(751): note: expanded from macro '__INLINE'
  751 |   #define __INLINE         inline                                     /*!< inline keyword for GNU Compiler       */
      |                            ^
../CMSIS/core_cm3.h(1489): error: unknown type name 'inline'
 1489 | static __INLINE uint32_t NVIC_GetPriorityGrouping(void)
      |        ^
../CMSIS/core_cm3.h(751): note: expanded from macro '__INLINE'
  751 |   #define __INLINE         inline                                     /*!< inline keyword for GNU Compiler       */
      |                            ^
../CMSIS/core_cm3.h(1489): error: expected ';' after top level declarator
 1489 | static __INLINE uint32_t NVIC_GetPriorityGrouping(void)
      |                         ^
      |                         ;
../CMSIS/core_cm3.h(1502): error: unknown type name 'inline'
 1502 | static __INLINE void NVIC_EnableIRQ(IRQn_Type IRQn)
      |        ^
../CMSIS/core_cm3.h(751): note: expanded from macro '__INLINE'
  751 |   #define __INLINE         inline                                     /*!< inline keyword for GNU Compiler       */
      |                            ^
../CMSIS/core_cm3.h(1515): error: unknown type name 'inline'
 1515 | static __INLINE void NVIC_DisableIRQ(IRQn_Type IRQn)
      |        ^
../CMSIS/core_cm3.h(751): note: expanded from macro '__INLINE'
  751 |   #define __INLINE         inline                                     /*!< inline keyword for GNU Compiler       */
      |                            ^
../CMSIS/core_cm3.h(1529): error: unknown type name 'inline'
 1529 | static __INLINE uint32_t NVIC_GetPendingIRQ(IRQn_Type IRQn)
      |        ^
../CMSIS/core_cm3.h(751): note: expanded from macro '__INLINE'
  751 |   #define __INLINE         inline                                     /*!< inline keyword for GNU Compiler       */
      |                            ^
../CMSIS/core_cm3.h(1529): error: expected ';' after top level declarator
 1529 | static __INLINE uint32_t NVIC_GetPendingIRQ(IRQn_Type IRQn)
      |                         ^
      |                         ;
fatal error: too many errors emitted, stopping now [-ferror-limit=]
20 errors generated.
compiling stm32f10x_spi.c...
../Libraries/src/stm32f10x_tim.c(22): warning: In file included from...
../Libraries/inc\stm32f10x_tim.h(31): warning: In file included from...
../CMSIS\stm32f10x.h(481): warning: In file included from...
../CMSIS/core_cm3.h(1204): error: unknown type name 'inline'
 1204 | static __INLINE void __enable_irq()               { __ASM volatile ("cpsie i"); }
      |        ^
../CMSIS/core_cm3.h(751): note: expanded from macro '__INLINE'
  751 |   #define __INLINE         inline                                     /*!< inline keyword for GNU Compiler       */
      |                            ^
../CMSIS/core_cm3.h(1205): error: unknown type name 'inline'
 1205 | static __INLINE void __disable_irq()              { __ASM volatile ("cpsid i"); }
      |        ^
../CMSIS/core_cm3.h(751): note: expanded from macro '__INLINE'
  751 |   #define __INLINE         inline                                     /*!< inline keyword for GNU Compiler       */
      |                            ^
../CMSIS/core_cm3.h(1207): error: unknown type name 'inline'
 1207 | static __INLINE void __enable_fault_irq()         { __ASM volatile ("cpsie f"); }
      |        ^
../CMSIS/core_cm3.h(751): note: expanded from macro '__INLINE'
  751 |   #define __INLINE         inline                                     /*!< inline keyword for GNU Compiler       */
      |                            ^
../CMSIS/core_cm3.h(1208): error: unknown type name 'inline'
 1208 | static __INLINE void __disable_fault_irq()        { __ASM volatile ("cpsid f"); }
      |        ^
../CMSIS/core_cm3.h(751): note: expanded from macro '__INLINE'
  751 |   #define __INLINE         inline                                     /*!< inline keyword for GNU Compiler       */
      |                            ^
../CMSIS/core_cm3.h(1210): error: unknown type name 'inline'
 1210 | static __INLINE void __NOP()                      { __ASM volatile ("nop"); }
      |        ^
../CMSIS/core_cm3.h(751): note: expanded from macro '__INLINE'
  751 |   #define __INLINE         inline                                     /*!< inline keyword for GNU Compiler       */
      |                            ^
../CMSIS/core_cm3.h(1211): error: unknown type name 'inline'
 1211 | static __INLINE void __WFI()                      { __ASM volatile ("wfi"); }
      |        ^
../CMSIS/core_cm3.h(751): note: expanded from macro '__INLINE'
  751 |   #define __INLINE         inline                                     /*!< inline keyword for GNU Compiler       */
      |                            ^
../CMSIS/core_cm3.h(1212): error: unknown type name 'inline'
 1212 | static __INLINE void __WFE()                      { __ASM volatile ("wfe"); }
      |        ^
../CMSIS/core_cm3.h(751): note: expanded from macro '__INLINE'
  751 |   #define __INLINE         inline                                     /*!< inline keyword for GNU Compiler       */
      |                            ^
../CMSIS/core_cm3.h(1213): error: unknown type name 'inline'
 1213 | static __INLINE void __SEV()                      { __ASM volatile ("sev"); }
      |        ^
../CMSIS/core_cm3.h(751): note: expanded from macro '__INLINE'
  751 |   #define __INLINE         inline                                     /*!< inline keyword for GNU Compiler       */
      |                            ^
../CMSIS/core_cm3.h(1214): error: unknown type name 'inline'
 1214 | static __INLINE void __ISB()                      { __ASM volatile ("isb"); }
      |        ^
../CMSIS/core_cm3.h(751): note: expanded from macro '__INLINE'
  751 |   #define __INLINE         inline                                     /*!< inline keyword for GNU Compiler       */
      |                            ^
../CMSIS/core_cm3.h(1215): error: unknown type name 'inline'
 1215 | static __INLINE void __DSB()                      { __ASM volatile ("dsb"); }
      |        ^
../CMSIS/core_cm3.h(751): note: expanded from macro '__INLINE'
  751 |   #define __INLINE         inline                                     /*!< inline keyword for GNU Compiler       */
      |                            ^
../CMSIS/core_cm3.h(1216): error: unknown type name 'inline'
 1216 | static __INLINE void __DMB()                      { __ASM volatile ("dmb"); }
      |        ^
../CMSIS/core_cm3.h(751): note: expanded from macro '__INLINE'
  751 |   #define __INLINE         inline                                     /*!< inline keyword for GNU Compiler       */
      |                            ^
../CMSIS/core_cm3.h(1217): error: unknown type name 'inline'
 1217 | static __INLINE void __CLREX()                    { __ASM volatile ("clrex"); }
      |        ^
../CMSIS/core_cm3.h(751): note: expanded from macro '__INLINE'
  751 |   #define __INLINE         inline                                     /*!< inline keyword for GNU Compiler       */
      |                            ^
../CMSIS/core_cm3.h(1468): error: unknown type name 'inline'
 1468 | static __INLINE void NVIC_SetPriorityGrouping(uint32_t PriorityGroup)
      |        ^
../CMSIS/core_cm3.h(751): note: expanded from macro '__INLINE'
  751 |   #define __INLINE         inline                                     /*!< inline keyword for GNU Compiler       */
      |                            ^
../CMSIS/core_cm3.h(1489): error: unknown type name 'inline'
 1489 | static __INLINE uint32_t NVIC_GetPriorityGrouping(void)
      |        ^
../CMSIS/core_cm3.h(751): note: expanded from macro '__INLINE'
  751 |   #define __INLINE         inline                                     /*!< inline keyword for GNU Compiler       */
      |                            ^
../CMSIS/core_cm3.h(1489): error: expected ';' after top level declarator
 1489 | static __INLINE uint32_t NVIC_GetPriorityGrouping(void)
      |                         ^
      |                         ;
../CMSIS/core_cm3.h(1502): error: unknown type name 'inline'
 1502 | static __INLINE void NVIC_EnableIRQ(IRQn_Type IRQn)
      |        ^
../CMSIS/core_cm3.h(751): note: expanded from macro '__INLINE'
  751 |   #define __INLINE         inline                                     /*!< inline keyword for GNU Compiler       */
      |                            ^
../CMSIS/core_cm3.h(1515): error: unknown type name 'inline'
 1515 | static __INLINE void NVIC_DisableIRQ(IRQn_Type IRQn)
      |        ^
../CMSIS/core_cm3.h(751): note: expanded from macro '__INLINE'
  751 |   #define __INLINE         inline                                     /*!< inline keyword for GNU Compiler       */
      |                            ^
../CMSIS/core_cm3.h(1529): error: unknown type name 'inline'
 1529 | static __INLINE uint32_t NVIC_GetPendingIRQ(IRQn_Type IRQn)
      |        ^
../CMSIS/core_cm3.h(751): note: expanded from macro '__INLINE'
  751 |   #define __INLINE         inline                                     /*!< inline keyword for GNU Compiler       */
      |                            ^
../CMSIS/core_cm3.h(1529): error: expected ';' after top level declarator
 1529 | static __INLINE uint32_t NVIC_GetPendingIRQ(IRQn_Type IRQn)
      |                         ^
      |                         ;
fatal error: too many errors emitted, stopping now [-ferror-limit=]
20 errors generated.
compiling stm32f10x_tim.c...
../Libraries/src/stm32f10x_usart.c(22): warning: In file included from...
../Libraries/inc\stm32f10x_usart.h(31): warning: In file included from...
../CMSIS\stm32f10x.h(481): warning: In file included from...
../CMSIS/core_cm3.h(1204): error: unknown type name 'inline'
 1204 | static __INLINE void __enable_irq()               { __ASM volatile ("cpsie i"); }
      |        ^
../CMSIS/core_cm3.h(751): note: expanded from macro '__INLINE'
  751 |   #define __INLINE         inline                                     /*!< inline keyword for GNU Compiler       */
      |                            ^
../CMSIS/core_cm3.h(1205): error: unknown type name 'inline'
 1205 | static __INLINE void __disable_irq()              { __ASM volatile ("cpsid i"); }
      |        ^
../CMSIS/core_cm3.h(751): note: expanded from macro '__INLINE'
  751 |   #define __INLINE         inline                                     /*!< inline keyword for GNU Compiler       */
      |                            ^
../CMSIS/core_cm3.h(1207): error: unknown type name 'inline'
 1207 | static __INLINE void __enable_fault_irq()         { __ASM volatile ("cpsie f"); }
      |        ^
../CMSIS/core_cm3.h(751): note: expanded from macro '__INLINE'
  751 |   #define __INLINE         inline                                     /*!< inline keyword for GNU Compiler       */
      |                            ^
../CMSIS/core_cm3.h(1208): error: unknown type name 'inline'
 1208 | static __INLINE void __disable_fault_irq()        { __ASM volatile ("cpsid f"); }
      |        ^
../CMSIS/core_cm3.h(751): note: expanded from macro '__INLINE'
  751 |   #define __INLINE         inline                                     /*!< inline keyword for GNU Compiler       */
      |                            ^
../CMSIS/core_cm3.h(1210): error: unknown type name 'inline'
 1210 | static __INLINE void __NOP()                      { __ASM volatile ("nop"); }
      |        ^
../CMSIS/core_cm3.h(751): note: expanded from macro '__INLINE'
  751 |   #define __INLINE         inline                                     /*!< inline keyword for GNU Compiler       */
      |                            ^
../CMSIS/core_cm3.h(1211): error: unknown type name 'inline'
 1211 | static __INLINE void __WFI()                      { __ASM volatile ("wfi"); }
      |        ^
../CMSIS/core_cm3.h(751): note: expanded from macro '__INLINE'
  751 |   #define __INLINE         inline                                     /*!< inline keyword for GNU Compiler       */
      |                            ^
../CMSIS/core_cm3.h(1212): error: unknown type name 'inline'
 1212 | static __INLINE void __WFE()                      { __ASM volatile ("wfe"); }
      |        ^
../CMSIS/core_cm3.h(751): note: expanded from macro '__INLINE'
  751 |   #define __INLINE         inline                                     /*!< inline keyword for GNU Compiler       */
      |                            ^
../CMSIS/core_cm3.h(1213): error: unknown type name 'inline'
 1213 | static __INLINE void __SEV()                      { __ASM volatile ("sev"); }
      |        ^
../CMSIS/core_cm3.h(751): note: expanded from macro '__INLINE'
  751 |   #define __INLINE         inline                                     /*!< inline keyword for GNU Compiler       */
      |                            ^
../CMSIS/core_cm3.h(1214): error: unknown type name 'inline'
 1214 | static __INLINE void __ISB()                      { __ASM volatile ("isb"); }
      |        ^
../CMSIS/core_cm3.h(751): note: expanded from macro '__INLINE'
  751 |   #define __INLINE         inline                                     /*!< inline keyword for GNU Compiler       */
      |                            ^
../CMSIS/core_cm3.h(1215): error: unknown type name 'inline'
 1215 | static __INLINE void __DSB()                      { __ASM volatile ("dsb"); }
      |        ^
../CMSIS/core_cm3.h(751): note: expanded from macro '__INLINE'
  751 |   #define __INLINE         inline                                     /*!< inline keyword for GNU Compiler       */
      |                            ^
../CMSIS/core_cm3.h(1216): error: unknown type name 'inline'
 1216 | static __INLINE void __DMB()                      { __ASM volatile ("dmb"); }
      |        ^
../CMSIS/core_cm3.h(751): note: expanded from macro '__INLINE'
  751 |   #define __INLINE         inline                                     /*!< inline keyword for GNU Compiler       */
      |                            ^
../CMSIS/core_cm3.h(1217): error: unknown type name 'inline'
 1217 | static __INLINE void __CLREX()                    { __ASM volatile ("clrex"); }
      |        ^
../CMSIS/core_cm3.h(751): note: expanded from macro '__INLINE'
  751 |   #define __INLINE         inline                                     /*!< inline keyword for GNU Compiler       */
      |                            ^
../CMSIS/core_cm3.h(1468): error: unknown type name 'inline'
 1468 | static __INLINE void NVIC_SetPriorityGrouping(uint32_t PriorityGroup)
      |        ^
../CMSIS/core_cm3.h(751): note: expanded from macro '__INLINE'
  751 |   #define __INLINE         inline                                     /*!< inline keyword for GNU Compiler       */
      |                            ^
../CMSIS/core_cm3.h(1489): error: unknown type name 'inline'
 1489 | static __INLINE uint32_t NVIC_GetPriorityGrouping(void)
      |        ^
../CMSIS/core_cm3.h(751): note: expanded from macro '__INLINE'
  751 |   #define __INLINE         inline                                     /*!< inline keyword for GNU Compiler       */
      |                            ^
../CMSIS/core_cm3.h(1489): error: expected ';' after top level declarator
 1489 | static __INLINE uint32_t NVIC_GetPriorityGrouping(void)
      |                         ^
      |                         ;
../CMSIS/core_cm3.h(1502): error: unknown type name 'inline'
 1502 | static __INLINE void NVIC_EnableIRQ(IRQn_Type IRQn)
      |        ^
../CMSIS/core_cm3.h(751): note: expanded from macro '__INLINE'
  751 |   #define __INLINE         inline                                     /*!< inline keyword for GNU Compiler       */
      |                            ^
../CMSIS/core_cm3.h(1515): error: unknown type name 'inline'
 1515 | static __INLINE void NVIC_DisableIRQ(IRQn_Type IRQn)
      |        ^
../CMSIS/core_cm3.h(751): note: expanded from macro '__INLINE'
  751 |   #define __INLINE         inline                                     /*!< inline keyword for GNU Compiler       */
      |                            ^
../CMSIS/core_cm3.h(1529): error: unknown type name 'inline'
 1529 | static __INLINE uint32_t NVIC_GetPendingIRQ(IRQn_Type IRQn)
      |        ^
../CMSIS/core_cm3.h(751): note: expanded from macro '__INLINE'
  751 |   #define __INLINE         inline                                     /*!< inline keyword for GNU Compiler       */
      |                            ^
../CMSIS/core_cm3.h(1529): error: expected ';' after top level declarator
 1529 | static __INLINE uint32_t NVIC_GetPendingIRQ(IRQn_Type IRQn)
      |                         ^
      |                         ;
fatal error: too many errors emitted, stopping now [-ferror-limit=]
20 errors generated.
compiling stm32f10x_usart.c...
../Libraries/src/stm32f10x_wwdg.c(22): warning: In file included from...
../Libraries/inc\stm32f10x_wwdg.h(31): warning: In file included from...
../CMSIS\stm32f10x.h(481): warning: In file included from...
../CMSIS/core_cm3.h(1204): error: unknown type name 'inline'
 1204 | static __INLINE void __enable_irq()               { __ASM volatile ("cpsie i"); }
      |        ^
../CMSIS/core_cm3.h(751): note: expanded from macro '__INLINE'
  751 |   #define __INLINE         inline                                     /*!< inline keyword for GNU Compiler       */
      |                            ^
../CMSIS/core_cm3.h(1205): error: unknown type name 'inline'
 1205 | static __INLINE void __disable_irq()              { __ASM volatile ("cpsid i"); }
      |        ^
../CMSIS/core_cm3.h(751): note: expanded from macro '__INLINE'
  751 |   #define __INLINE         inline                                     /*!< inline keyword for GNU Compiler       */
      |                            ^
../CMSIS/core_cm3.h(1207): error: unknown type name 'inline'
 1207 | static __INLINE void __enable_fault_irq()         { __ASM volatile ("cpsie f"); }
      |        ^
../CMSIS/core_cm3.h(751): note: expanded from macro '__INLINE'
  751 |   #define __INLINE         inline                                     /*!< inline keyword for GNU Compiler       */
      |                            ^
../CMSIS/core_cm3.h(1208): error: unknown type name 'inline'
 1208 | static __INLINE void __disable_fault_irq()        { __ASM volatile ("cpsid f"); }
      |        ^
../CMSIS/core_cm3.h(751): note: expanded from macro '__INLINE'
  751 |   #define __INLINE         inline                                     /*!< inline keyword for GNU Compiler       */
      |                            ^
../CMSIS/core_cm3.h(1210): error: unknown type name 'inline'
 1210 | static __INLINE void __NOP()                      { __ASM volatile ("nop"); }
      |        ^
../CMSIS/core_cm3.h(751): note: expanded from macro '__INLINE'
  751 |   #define __INLINE         inline                                     /*!< inline keyword for GNU Compiler       */
      |                            ^
../CMSIS/core_cm3.h(1211): error: unknown type name 'inline'
 1211 | static __INLINE void __WFI()                      { __ASM volatile ("wfi"); }
      |        ^
../CMSIS/core_cm3.h(751): note: expanded from macro '__INLINE'
  751 |   #define __INLINE         inline                                     /*!< inline keyword for GNU Compiler       */
      |                            ^
../CMSIS/core_cm3.h(1212): error: unknown type name 'inline'
 1212 | static __INLINE void __WFE()                      { __ASM volatile ("wfe"); }
      |        ^
../CMSIS/core_cm3.h(751): note: expanded from macro '__INLINE'
  751 |   #define __INLINE         inline                                     /*!< inline keyword for GNU Compiler       */
      |                            ^
../CMSIS/core_cm3.h(1213): error: unknown type name 'inline'
 1213 | static __INLINE void __SEV()                      { __ASM volatile ("sev"); }
      |        ^
../CMSIS/core_cm3.h(751): note: expanded from macro '__INLINE'
  751 |   #define __INLINE         inline                                     /*!< inline keyword for GNU Compiler       */
      |                            ^
../CMSIS/core_cm3.h(1214): error: unknown type name 'inline'
 1214 | static __INLINE void __ISB()                      { __ASM volatile ("isb"); }
      |        ^
../CMSIS/core_cm3.h(751): note: expanded from macro '__INLINE'
  751 |   #define __INLINE         inline                                     /*!< inline keyword for GNU Compiler       */
      |                            ^
../CMSIS/core_cm3.h(1215): error: unknown type name 'inline'
 1215 | static __INLINE void __DSB()                      { __ASM volatile ("dsb"); }
      |        ^
../CMSIS/core_cm3.h(751): note: expanded from macro '__INLINE'
  751 |   #define __INLINE         inline                                     /*!< inline keyword for GNU Compiler       */
      |                            ^
../CMSIS/core_cm3.h(1216): error: unknown type name 'inline'
 1216 | static __INLINE void __DMB()                      { __ASM volatile ("dmb"); }
      |        ^
../CMSIS/core_cm3.h(751): note: expanded from macro '__INLINE'
  751 |   #define __INLINE         inline                                     /*!< inline keyword for GNU Compiler       */
      |                            ^
../CMSIS/core_cm3.h(1217): error: unknown type name 'inline'
 1217 | static __INLINE void __CLREX()                    { __ASM volatile ("clrex"); }
      |        ^
../CMSIS/core_cm3.h(751): note: expanded from macro '__INLINE'
  751 |   #define __INLINE         inline                                     /*!< inline keyword for GNU Compiler       */
      |                            ^
../CMSIS/core_cm3.h(1468): error: unknown type name 'inline'
 1468 | static __INLINE void NVIC_SetPriorityGrouping(uint32_t PriorityGroup)
      |        ^
../CMSIS/core_cm3.h(751): note: expanded from macro '__INLINE'
  751 |   #define __INLINE         inline                                     /*!< inline keyword for GNU Compiler       */
      |                            ^
../CMSIS/core_cm3.h(1489): error: unknown type name 'inline'
 1489 | static __INLINE uint32_t NVIC_GetPriorityGrouping(void)
      |        ^
../CMSIS/core_cm3.h(751): note: expanded from macro '__INLINE'
  751 |   #define __INLINE         inline                                     /*!< inline keyword for GNU Compiler       */
      |                            ^
../CMSIS/core_cm3.h(1489): error: expected ';' after top level declarator
 1489 | static __INLINE uint32_t NVIC_GetPriorityGrouping(void)
      |                         ^
      |                         ;
../CMSIS/core_cm3.h(1502): error: unknown type name 'inline'
 1502 | static __INLINE void NVIC_EnableIRQ(IRQn_Type IRQn)
      |        ^
../CMSIS/core_cm3.h(751): note: expanded from macro '__INLINE'
  751 |   #define __INLINE         inline                                     /*!< inline keyword for GNU Compiler       */
      |                            ^
../CMSIS/core_cm3.h(1515): error: unknown type name 'inline'
 1515 | static __INLINE void NVIC_DisableIRQ(IRQn_Type IRQn)
      |        ^
../CMSIS/core_cm3.h(751): note: expanded from macro '__INLINE'
  751 |   #define __INLINE         inline                                     /*!< inline keyword for GNU Compiler       */
      |                            ^
../CMSIS/core_cm3.h(1529): error: unknown type name 'inline'
 1529 | static __INLINE uint32_t NVIC_GetPendingIRQ(IRQn_Type IRQn)
      |        ^
../CMSIS/core_cm3.h(751): note: expanded from macro '__INLINE'
  751 |   #define __INLINE         inline                                     /*!< inline keyword for GNU Compiler       */
      |                            ^
../CMSIS/core_cm3.h(1529): error: expected ';' after top level declarator
 1529 | static __INLINE uint32_t NVIC_GetPendingIRQ(IRQn_Type IRQn)
      |                         ^
      |                         ;
fatal error: too many errors emitted, stopping now [-ferror-limit=]
20 errors generated.
compiling stm32f10x_wwdg.c...
main.c(11): warning: In file included from...
./stm32f10x.h(481): warning: In file included from...
../CMSIS\core_cm3.h(1204): error: unknown type name 'inline'
 1204 | static __INLINE void __enable_irq()               { __ASM volatile ("cpsie i"); }
      |        ^
../CMSIS\core_cm3.h(751): note: expanded from macro '__INLINE'
  751 |   #define __INLINE         inline                                     /*!< inline keyword for GNU Compiler       */
      |                            ^
../CMSIS\core_cm3.h(1205): error: unknown type name 'inline'
 1205 | static __INLINE void __disable_irq()              { __ASM volatile ("cpsid i"); }
      |        ^
../CMSIS\core_cm3.h(751): note: expanded from macro '__INLINE'
  751 |   #define __INLINE         inline                                     /*!< inline keyword for GNU Compiler       */
      |                            ^
../CMSIS\core_cm3.h(1207): error: unknown type name 'inline'
 1207 | static __INLINE void __enable_fault_irq()         { __ASM volatile ("cpsie f"); }
      |        ^
../CMSIS\core_cm3.h(751): note: expanded from macro '__INLINE'
  751 |   #define __INLINE         inline                                     /*!< inline keyword for GNU Compiler       */
      |                            ^
../CMSIS\core_cm3.h(1208): error: unknown type name 'inline'
 1208 | static __INLINE void __disable_fault_irq()        { __ASM volatile ("cpsid f"); }
      |        ^
../CMSIS\core_cm3.h(751): note: expanded from macro '__INLINE'
  751 |   #define __INLINE         inline                                     /*!< inline keyword for GNU Compiler       */
      |                            ^
../CMSIS\core_cm3.h(1210): error: unknown type name 'inline'
 1210 | static __INLINE void __NOP()                      { __ASM volatile ("nop"); }
      |        ^
../CMSIS\core_cm3.h(751): note: expanded from macro '__INLINE'
  751 |   #define __INLINE         inline                                     /*!< inline keyword for GNU Compiler       */
      |                            ^
../CMSIS\core_cm3.h(1211): error: unknown type name 'inline'
 1211 | static __INLINE void __WFI()                      { __ASM volatile ("wfi"); }
      |        ^
../CMSIS\core_cm3.h(751): note: expanded from macro '__INLINE'
  751 |   #define __INLINE         inline                                     /*!< inline keyword for GNU Compiler       */
      |                            ^
../CMSIS\core_cm3.h(1212): error: unknown type name 'inline'
 1212 | static __INLINE void __WFE()                      { __ASM volatile ("wfe"); }
      |        ^
../CMSIS\core_cm3.h(751): note: expanded from macro '__INLINE'
  751 |   #define __INLINE         inline                                     /*!< inline keyword for GNU Compiler       */
      |                            ^
../CMSIS\core_cm3.h(1213): error: unknown type name 'inline'
 1213 | static __INLINE void __SEV()                      { __ASM volatile ("sev"); }
      |        ^
../CMSIS\core_cm3.h(751): note: expanded from macro '__INLINE'
  751 |   #define __INLINE         inline                                     /*!< inline keyword for GNU Compiler       */
      |                            ^
../CMSIS\core_cm3.h(1214): error: unknown type name 'inline'
 1214 | static __INLINE void __ISB()                      { __ASM volatile ("isb"); }
      |        ^
../CMSIS\core_cm3.h(751): note: expanded from macro '__INLINE'
  751 |   #define __INLINE         inline                                     /*!< inline keyword for GNU Compiler       */
      |                            ^
../CMSIS\core_cm3.h(1215): error: unknown type name 'inline'
 1215 | static __INLINE void __DSB()                      { __ASM volatile ("dsb"); }
      |        ^
../CMSIS\core_cm3.h(751): note: expanded from macro '__INLINE'
  751 |   #define __INLINE         inline                                     /*!< inline keyword for GNU Compiler       */
      |                            ^
../CMSIS\core_cm3.h(1216): error: unknown type name 'inline'
 1216 | static __INLINE void __DMB()                      { __ASM volatile ("dmb"); }
      |        ^
../CMSIS\core_cm3.h(751): note: expanded from macro '__INLINE'
  751 |   #define __INLINE         inline                                     /*!< inline keyword for GNU Compiler       */
      |                            ^
../CMSIS\core_cm3.h(1217): error: unknown type name 'inline'
 1217 | static __INLINE void __CLREX()                    { __ASM volatile ("clrex"); }
      |        ^
../CMSIS\core_cm3.h(751): note: expanded from macro '__INLINE'
  751 |   #define __INLINE         inline                                     /*!< inline keyword for GNU Compiler       */
      |                            ^
../CMSIS\core_cm3.h(1468): error: unknown type name 'inline'
 1468 | static __INLINE void NVIC_SetPriorityGrouping(uint32_t PriorityGroup)
      |        ^
../CMSIS\core_cm3.h(751): note: expanded from macro '__INLINE'
  751 |   #define __INLINE         inline                                     /*!< inline keyword for GNU Compiler       */
      |                            ^
../CMSIS\core_cm3.h(1489): error: unknown type name 'inline'
 1489 | static __INLINE uint32_t NVIC_GetPriorityGrouping(void)
      |        ^
../CMSIS\core_cm3.h(751): note: expanded from macro '__INLINE'
  751 |   #define __INLINE         inline                                     /*!< inline keyword for GNU Compiler       */
      |                            ^
../CMSIS\core_cm3.h(1489): error: expected ';' after top level declarator
 1489 | static __INLINE uint32_t NVIC_GetPriorityGrouping(void)
      |                         ^
      |                         ;
../CMSIS\core_cm3.h(1502): error: unknown type name 'inline'
 1502 | static __INLINE void NVIC_EnableIRQ(IRQn_Type IRQn)
      |        ^
../CMSIS\core_cm3.h(751): note: expanded from macro '__INLINE'
  751 |   #define __INLINE         inline                                     /*!< inline keyword for GNU Compiler       */
      |                            ^
../CMSIS\core_cm3.h(1515): error: unknown type name 'inline'
 1515 | static __INLINE void NVIC_DisableIRQ(IRQn_Type IRQn)
      |        ^
../CMSIS\core_cm3.h(751): note: expanded from macro '__INLINE'
  751 |   #define __INLINE         inline                                     /*!< inline keyword for GNU Compiler       */
      |                            ^
../CMSIS\core_cm3.h(1529): error: unknown type name 'inline'
 1529 | static __INLINE uint32_t NVIC_GetPendingIRQ(IRQn_Type IRQn)
      |        ^
../CMSIS\core_cm3.h(751): note: expanded from macro '__INLINE'
  751 |   #define __INLINE         inline                                     /*!< inline keyword for GNU Compiler       */
      |                            ^
../CMSIS\core_cm3.h(1529): error: expected ';' after top level declarator
 1529 | static __INLINE uint32_t NVIC_GetPendingIRQ(IRQn_Type IRQn)
      |                         ^
      |                         ;
fatal error: too many errors emitted, stopping now [-ferror-limit=]
20 errors generated.
compiling main.c...
stm32f10x_it.c(24): warning: In file included from...
./stm32f10x_it.h(30): warning: In file included from...
./stm32f10x.h(481): warning: In file included from...
../CMSIS\core_cm3.h(1204): error: unknown type name 'inline'
 1204 | static __INLINE void __enable_irq()               { __ASM volatile ("cpsie i"); }
      |        ^
../CMSIS\core_cm3.h(751): note: expanded from macro '__INLINE'
  751 |   #define __INLINE         inline                                     /*!< inline keyword for GNU Compiler       */
      |                            ^
../CMSIS\core_cm3.h(1205): error: unknown type name 'inline'
 1205 | static __INLINE void __disable_irq()              { __ASM volatile ("cpsid i"); }
      |        ^
../CMSIS\core_cm3.h(751): note: expanded from macro '__INLINE'
  751 |   #define __INLINE         inline                                     /*!< inline keyword for GNU Compiler       */
      |                            ^
../CMSIS\core_cm3.h(1207): error: unknown type name 'inline'
 1207 | static __INLINE void __enable_fault_irq()         { __ASM volatile ("cpsie f"); }
      |        ^
../CMSIS\core_cm3.h(751): note: expanded from macro '__INLINE'
  751 |   #define __INLINE         inline                                     /*!< inline keyword for GNU Compiler       */
      |                            ^
../CMSIS\core_cm3.h(1208): error: unknown type name 'inline'
 1208 | static __INLINE void __disable_fault_irq()        { __ASM volatile ("cpsid f"); }
      |        ^
../CMSIS\core_cm3.h(751): note: expanded from macro '__INLINE'
  751 |   #define __INLINE         inline                                     /*!< inline keyword for GNU Compiler       */
      |                            ^
../CMSIS\core_cm3.h(1210): error: unknown type name 'inline'
 1210 | static __INLINE void __NOP()                      { __ASM volatile ("nop"); }
      |        ^
../CMSIS\core_cm3.h(751): note: expanded from macro '__INLINE'
  751 |   #define __INLINE         inline                                     /*!< inline keyword for GNU Compiler       */
      |                            ^
../CMSIS\core_cm3.h(1211): error: unknown type name 'inline'
 1211 | static __INLINE void __WFI()                      { __ASM volatile ("wfi"); }
      |        ^
../CMSIS\core_cm3.h(751): note: expanded from macro '__INLINE'
  751 |   #define __INLINE         inline                                     /*!< inline keyword for GNU Compiler       */
      |                            ^
../CMSIS\core_cm3.h(1212): error: unknown type name 'inline'
 1212 | static __INLINE void __WFE()                      { __ASM volatile ("wfe"); }
      |        ^
../CMSIS\core_cm3.h(751): note: expanded from macro '__INLINE'
  751 |   #define __INLINE         inline                                     /*!< inline keyword for GNU Compiler       */
      |                            ^
../CMSIS\core_cm3.h(1213): error: unknown type name 'inline'
 1213 | static __INLINE void __SEV()                      { __ASM volatile ("sev"); }
      |        ^
../CMSIS\core_cm3.h(751): note: expanded from macro '__INLINE'
  751 |   #define __INLINE         inline                                     /*!< inline keyword for GNU Compiler       */
      |                            ^
../CMSIS\core_cm3.h(1214): error: unknown type name 'inline'
 1214 | static __INLINE void __ISB()                      { __ASM volatile ("isb"); }
      |        ^
../CMSIS\core_cm3.h(751): note: expanded from macro '__INLINE'
  751 |   #define __INLINE         inline                                     /*!< inline keyword for GNU Compiler       */
      |                            ^
../CMSIS\core_cm3.h(1215): error: unknown type name 'inline'
 1215 | static __INLINE void __DSB()                      { __ASM volatile ("dsb"); }
      |        ^
../CMSIS\core_cm3.h(751): note: expanded from macro '__INLINE'
  751 |   #define __INLINE         inline                                     /*!< inline keyword for GNU Compiler       */
      |                            ^
../CMSIS\core_cm3.h(1216): error: unknown type name 'inline'
 1216 | static __INLINE void __DMB()                      { __ASM volatile ("dmb"); }
      |        ^
../CMSIS\core_cm3.h(751): note: expanded from macro '__INLINE'
  751 |   #define __INLINE         inline                                     /*!< inline keyword for GNU Compiler       */
      |                            ^
../CMSIS\core_cm3.h(1217): error: unknown type name 'inline'
 1217 | static __INLINE void __CLREX()                    { __ASM volatile ("clrex"); }
      |        ^
../CMSIS\core_cm3.h(751): note: expanded from macro '__INLINE'
  751 |   #define __INLINE         inline                                     /*!< inline keyword for GNU Compiler       */
      |                            ^
../CMSIS\core_cm3.h(1468): error: unknown type name 'inline'
 1468 | static __INLINE void NVIC_SetPriorityGrouping(uint32_t PriorityGroup)
      |        ^
../CMSIS\core_cm3.h(751): note: expanded from macro '__INLINE'
  751 |   #define __INLINE         inline                                     /*!< inline keyword for GNU Compiler       */
      |                            ^
../CMSIS\core_cm3.h(1489): error: unknown type name 'inline'
 1489 | static __INLINE uint32_t NVIC_GetPriorityGrouping(void)
      |        ^
../CMSIS\core_cm3.h(751): note: expanded from macro '__INLINE'
  751 |   #define __INLINE         inline                                     /*!< inline keyword for GNU Compiler       */
      |                            ^
../CMSIS\core_cm3.h(1489): error: expected ';' after top level declarator
 1489 | static __INLINE uint32_t NVIC_GetPriorityGrouping(void)
      |                         ^
      |                         ;
../CMSIS\core_cm3.h(1502): error: unknown type name 'inline'
 1502 | static __INLINE void NVIC_EnableIRQ(IRQn_Type IRQn)
      |        ^
../CMSIS\core_cm3.h(751): note: expanded from macro '__INLINE'
  751 |   #define __INLINE         inline                                     /*!< inline keyword for GNU Compiler       */
      |                            ^
../CMSIS\core_cm3.h(1515): error: unknown type name 'inline'
 1515 | static __INLINE void NVIC_DisableIRQ(IRQn_Type IRQn)
      |        ^
../CMSIS\core_cm3.h(751): note: expanded from macro '__INLINE'
  751 |   #define __INLINE         inline                                     /*!< inline keyword for GNU Compiler       */
      |                            ^
../CMSIS\core_cm3.h(1529): error: unknown type name 'inline'
 1529 | static __INLINE uint32_t NVIC_GetPendingIRQ(IRQn_Type IRQn)
      |        ^
../CMSIS\core_cm3.h(751): note: expanded from macro '__INLINE'
  751 |   #define __INLINE         inline                                     /*!< inline keyword for GNU Compiler       */
      |                            ^
../CMSIS\core_cm3.h(1529): error: expected ';' after top level declarator
 1529 | static __INLINE uint32_t NVIC_GetPendingIRQ(IRQn_Type IRQn)
      |                         ^
      |                         ;
fatal error: too many errors emitted, stopping now [-ferror-limit=]
20 errors generated.
compiling stm32f10x_it.c...
../System/delay.c(6): warning: In file included from...
../System/delay.h(3): warning: In file included from...
../System/sys.h(3): warning: In file included from...
../CMSIS\stm32f10x.h(481): warning: In file included from...
../CMSIS/core_cm3.h(1204): error: unknown type name 'inline'
 1204 | static __INLINE void __enable_irq()               { __ASM volatile ("cpsie i"); }
      |        ^
../CMSIS/core_cm3.h(751): note: expanded from macro '__INLINE'
  751 |   #define __INLINE         inline                                     /*!< inline keyword for GNU Compiler       */
      |                            ^
../CMSIS/core_cm3.h(1205): error: unknown type name 'inline'
 1205 | static __INLINE void __disable_irq()              { __ASM volatile ("cpsid i"); }
      |        ^
../CMSIS/core_cm3.h(751): note: expanded from macro '__INLINE'
  751 |   #define __INLINE         inline                                     /*!< inline keyword for GNU Compiler       */
      |                            ^
../CMSIS/core_cm3.h(1207): error: unknown type name 'inline'
 1207 | static __INLINE void __enable_fault_irq()         { __ASM volatile ("cpsie f"); }
      |        ^
../CMSIS/core_cm3.h(751): note: expanded from macro '__INLINE'
  751 |   #define __INLINE         inline                                     /*!< inline keyword for GNU Compiler       */
      |                            ^
../CMSIS/core_cm3.h(1208): error: unknown type name 'inline'
 1208 | static __INLINE void __disable_fault_irq()        { __ASM volatile ("cpsid f"); }
      |        ^
../CMSIS/core_cm3.h(751): note: expanded from macro '__INLINE'
  751 |   #define __INLINE         inline                                     /*!< inline keyword for GNU Compiler       */
      |                            ^
../CMSIS/core_cm3.h(1210): error: unknown type name 'inline'
 1210 | static __INLINE void __NOP()                      { __ASM volatile ("nop"); }
      |        ^
../CMSIS/core_cm3.h(751): note: expanded from macro '__INLINE'
  751 |   #define __INLINE         inline                                     /*!< inline keyword for GNU Compiler       */
      |                            ^
../CMSIS/core_cm3.h(1211): error: unknown type name 'inline'
 1211 | static __INLINE void __WFI()                      { __ASM volatile ("wfi"); }
      |        ^
../CMSIS/core_cm3.h(751): note: expanded from macro '__INLINE'
  751 |   #define __INLINE         inline                                     /*!< inline keyword for GNU Compiler       */
      |                            ^
../CMSIS/core_cm3.h(1212): error: unknown type name 'inline'
 1212 | static __INLINE void __WFE()                      { __ASM volatile ("wfe"); }
      |        ^
../CMSIS/core_cm3.h(751): note: expanded from macro '__INLINE'
  751 |   #define __INLINE         inline                                     /*!< inline keyword for GNU Compiler       */
      |                            ^
../CMSIS/core_cm3.h(1213): error: unknown type name 'inline'
 1213 | static __INLINE void __SEV()                      { __ASM volatile ("sev"); }
      |        ^
../CMSIS/core_cm3.h(751): note: expanded from macro '__INLINE'
  751 |   #define __INLINE         inline                                     /*!< inline keyword for GNU Compiler       */
      |                            ^
../CMSIS/core_cm3.h(1214): error: unknown type name 'inline'
 1214 | static __INLINE void __ISB()                      { __ASM volatile ("isb"); }
      |        ^
../CMSIS/core_cm3.h(751): note: expanded from macro '__INLINE'
  751 |   #define __INLINE         inline                                     /*!< inline keyword for GNU Compiler       */
      |                            ^
../CMSIS/core_cm3.h(1215): error: unknown type name 'inline'
 1215 | static __INLINE void __DSB()                      { __ASM volatile ("dsb"); }
      |        ^
../CMSIS/core_cm3.h(751): note: expanded from macro '__INLINE'
  751 |   #define __INLINE         inline                                     /*!< inline keyword for GNU Compiler       */
      |                            ^
../CMSIS/core_cm3.h(1216): error: unknown type name 'inline'
 1216 | static __INLINE void __DMB()                      { __ASM volatile ("dmb"); }
      |        ^
../CMSIS/core_cm3.h(751): note: expanded from macro '__INLINE'
  751 |   #define __INLINE         inline                                     /*!< inline keyword for GNU Compiler       */
      |                            ^
../CMSIS/core_cm3.h(1217): error: unknown type name 'inline'
 1217 | static __INLINE void __CLREX()                    { __ASM volatile ("clrex"); }
      |        ^
../CMSIS/core_cm3.h(751): note: expanded from macro '__INLINE'
  751 |   #define __INLINE         inline                                     /*!< inline keyword for GNU Compiler       */
      |                            ^
../CMSIS/core_cm3.h(1468): error: unknown type name 'inline'
 1468 | static __INLINE void NVIC_SetPriorityGrouping(uint32_t PriorityGroup)
      |        ^
../CMSIS/core_cm3.h(751): note: expanded from macro '__INLINE'
  751 |   #define __INLINE         inline                                     /*!< inline keyword for GNU Compiler       */
      |                            ^
../CMSIS/core_cm3.h(1489): error: unknown type name 'inline'
 1489 | static __INLINE uint32_t NVIC_GetPriorityGrouping(void)
      |        ^
../CMSIS/core_cm3.h(751): note: expanded from macro '__INLINE'
  751 |   #define __INLINE         inline                                     /*!< inline keyword for GNU Compiler       */
      |                            ^
../CMSIS/core_cm3.h(1489): error: expected ';' after top level declarator
 1489 | static __INLINE uint32_t NVIC_GetPriorityGrouping(void)
      |                         ^
      |                         ;
../CMSIS/core_cm3.h(1502): error: unknown type name 'inline'
 1502 | static __INLINE void NVIC_EnableIRQ(IRQn_Type IRQn)
      |        ^
../CMSIS/core_cm3.h(751): note: expanded from macro '__INLINE'
  751 |   #define __INLINE         inline                                     /*!< inline keyword for GNU Compiler       */
      |                            ^
../CMSIS/core_cm3.h(1515): error: unknown type name 'inline'
 1515 | static __INLINE void NVIC_DisableIRQ(IRQn_Type IRQn)
      |        ^
../CMSIS/core_cm3.h(751): note: expanded from macro '__INLINE'
  751 |   #define __INLINE         inline                                     /*!< inline keyword for GNU Compiler       */
      |                            ^
../CMSIS/core_cm3.h(1529): error: unknown type name 'inline'
 1529 | static __INLINE uint32_t NVIC_GetPendingIRQ(IRQn_Type IRQn)
      |        ^
../CMSIS/core_cm3.h(751): note: expanded from macro '__INLINE'
  751 |   #define __INLINE         inline                                     /*!< inline keyword for GNU Compiler       */
      |                            ^
../CMSIS/core_cm3.h(1529): error: expected ';' after top level declarator
 1529 | static __INLINE uint32_t NVIC_GetPendingIRQ(IRQn_Type IRQn)
      |                         ^
      |                         ;
fatal error: too many errors emitted, stopping now [-ferror-limit=]
20 errors generated.
compiling delay.c...
../System/sys.c(1): warning: In file included from...
../System/sys.h(3): warning: In file included from...
../CMSIS\stm32f10x.h(481): warning: In file included from...
../CMSIS/core_cm3.h(1204): error: unknown type name 'inline'
 1204 | static __INLINE void __enable_irq()               { __ASM volatile ("cpsie i"); }
      |        ^
../CMSIS/core_cm3.h(751): note: expanded from macro '__INLINE'
  751 |   #define __INLINE         inline                                     /*!< inline keyword for GNU Compiler       */
      |                            ^
../CMSIS/core_cm3.h(1205): error: unknown type name 'inline'
 1205 | static __INLINE void __disable_irq()              { __ASM volatile ("cpsid i"); }
      |        ^
../CMSIS/core_cm3.h(751): note: expanded from macro '__INLINE'
  751 |   #define __INLINE         inline                                     /*!< inline keyword for GNU Compiler       */
      |                            ^
../CMSIS/core_cm3.h(1207): error: unknown type name 'inline'
 1207 | static __INLINE void __enable_fault_irq()         { __ASM volatile ("cpsie f"); }
      |        ^
../CMSIS/core_cm3.h(751): note: expanded from macro '__INLINE'
  751 |   #define __INLINE         inline                                     /*!< inline keyword for GNU Compiler       */
      |                            ^
../CMSIS/core_cm3.h(1208): error: unknown type name 'inline'
 1208 | static __INLINE void __disable_fault_irq()        { __ASM volatile ("cpsid f"); }
      |        ^
../CMSIS/core_cm3.h(751): note: expanded from macro '__INLINE'
  751 |   #define __INLINE         inline                                     /*!< inline keyword for GNU Compiler       */
      |                            ^
../CMSIS/core_cm3.h(1210): error: unknown type name 'inline'
 1210 | static __INLINE void __NOP()                      { __ASM volatile ("nop"); }
      |        ^
../CMSIS/core_cm3.h(751): note: expanded from macro '__INLINE'
  751 |   #define __INLINE         inline                                     /*!< inline keyword for GNU Compiler       */
      |                            ^
../CMSIS/core_cm3.h(1211): error: unknown type name 'inline'
 1211 | static __INLINE void __WFI()                      { __ASM volatile ("wfi"); }
      |        ^
../CMSIS/core_cm3.h(751): note: expanded from macro '__INLINE'
  751 |   #define __INLINE         inline                                     /*!< inline keyword for GNU Compiler       */
      |                            ^
../CMSIS/core_cm3.h(1212): error: unknown type name 'inline'
 1212 | static __INLINE void __WFE()                      { __ASM volatile ("wfe"); }
      |        ^
../CMSIS/core_cm3.h(751): note: expanded from macro '__INLINE'
  751 |   #define __INLINE         inline                                     /*!< inline keyword for GNU Compiler       */
      |                            ^
../CMSIS/core_cm3.h(1213): error: unknown type name 'inline'
 1213 | static __INLINE void __SEV()                      { __ASM volatile ("sev"); }
      |        ^
../CMSIS/core_cm3.h(751): note: expanded from macro '__INLINE'
  751 |   #define __INLINE         inline                                     /*!< inline keyword for GNU Compiler       */
      |                            ^
../CMSIS/core_cm3.h(1214): error: unknown type name 'inline'
 1214 | static __INLINE void __ISB()                      { __ASM volatile ("isb"); }
      |        ^
../CMSIS/core_cm3.h(751): note: expanded from macro '__INLINE'
  751 |   #define __INLINE         inline                                     /*!< inline keyword for GNU Compiler       */
      |                            ^
../CMSIS/core_cm3.h(1215): error: unknown type name 'inline'
 1215 | static __INLINE void __DSB()                      { __ASM volatile ("dsb"); }
      |        ^
../CMSIS/core_cm3.h(751): note: expanded from macro '__INLINE'
  751 |   #define __INLINE         inline                                     /*!< inline keyword for GNU Compiler       */
      |                            ^
../CMSIS/core_cm3.h(1216): error: unknown type name 'inline'
 1216 | static __INLINE void __DMB()                      { __ASM volatile ("dmb"); }
      |        ^
../CMSIS/core_cm3.h(751): note: expanded from macro '__INLINE'
  751 |   #define __INLINE         inline                                     /*!< inline keyword for GNU Compiler       */
      |                            ^
../CMSIS/core_cm3.h(1217): error: unknown type name 'inline'
 1217 | static __INLINE void __CLREX()                    { __ASM volatile ("clrex"); }
      |        ^
../CMSIS/core_cm3.h(751): note: expanded from macro '__INLINE'
  751 |   #define __INLINE         inline                                     /*!< inline keyword for GNU Compiler       */
      |                            ^
../CMSIS/core_cm3.h(1468): error: unknown type name 'inline'
 1468 | static __INLINE void NVIC_SetPriorityGrouping(uint32_t PriorityGroup)
      |        ^
../CMSIS/core_cm3.h(751): note: expanded from macro '__INLINE'
  751 |   #define __INLINE         inline                                     /*!< inline keyword for GNU Compiler       */
      |                            ^
../CMSIS/core_cm3.h(1489): error: unknown type name 'inline'
 1489 | static __INLINE uint32_t NVIC_GetPriorityGrouping(void)
      |        ^
../CMSIS/core_cm3.h(751): note: expanded from macro '__INLINE'
  751 |   #define __INLINE         inline                                     /*!< inline keyword for GNU Compiler       */
      |                            ^
../CMSIS/core_cm3.h(1489): error: expected ';' after top level declarator
 1489 | static __INLINE uint32_t NVIC_GetPriorityGrouping(void)
      |                         ^
      |                         ;
../CMSIS/core_cm3.h(1502): error: unknown type name 'inline'
 1502 | static __INLINE void NVIC_EnableIRQ(IRQn_Type IRQn)
      |        ^
../CMSIS/core_cm3.h(751): note: expanded from macro '__INLINE'
  751 |   #define __INLINE         inline                                     /*!< inline keyword for GNU Compiler       */
      |                            ^
../CMSIS/core_cm3.h(1515): error: unknown type name 'inline'
 1515 | static __INLINE void NVIC_DisableIRQ(IRQn_Type IRQn)
      |        ^
../CMSIS/core_cm3.h(751): note: expanded from macro '__INLINE'
  751 |   #define __INLINE         inline                                     /*!< inline keyword for GNU Compiler       */
      |                            ^
../CMSIS/core_cm3.h(1529): error: unknown type name 'inline'
 1529 | static __INLINE uint32_t NVIC_GetPendingIRQ(IRQn_Type IRQn)
      |        ^
../CMSIS/core_cm3.h(751): note: expanded from macro '__INLINE'
  751 |   #define __INLINE         inline                                     /*!< inline keyword for GNU Compiler       */
      |                            ^
../CMSIS/core_cm3.h(1529): error: expected ';' after top level declarator
 1529 | static __INLINE uint32_t NVIC_GetPendingIRQ(IRQn_Type IRQn)
      |                         ^
      |                         ;
fatal error: too many errors emitted, stopping now [-ferror-limit=]
20 errors generated.
compiling sys.c...
../Hardware/oled.c(10): warning: In file included from...
../Hardware/oled.h(9): warning: In file included from...
../System\sys.h(3): warning: In file included from...
../CMSIS\stm32f10x.h(481): warning: In file included from...
../CMSIS/core_cm3.h(1204): error: unknown type name 'inline'
 1204 | static __INLINE void __enable_irq()               { __ASM volatile ("cpsie i"); }
      |        ^
../CMSIS/core_cm3.h(751): note: expanded from macro '__INLINE'
  751 |   #define __INLINE         inline                                     /*!< inline keyword for GNU Compiler       */
      |                            ^
../CMSIS/core_cm3.h(1205): error: unknown type name 'inline'
 1205 | static __INLINE void __disable_irq()              { __ASM volatile ("cpsid i"); }
      |        ^
../CMSIS/core_cm3.h(751): note: expanded from macro '__INLINE'
  751 |   #define __INLINE         inline                                     /*!< inline keyword for GNU Compiler       */
      |                            ^
../CMSIS/core_cm3.h(1207): error: unknown type name 'inline'
 1207 | static __INLINE void __enable_fault_irq()         { __ASM volatile ("cpsie f"); }
      |        ^
../CMSIS/core_cm3.h(751): note: expanded from macro '__INLINE'
  751 |   #define __INLINE         inline                                     /*!< inline keyword for GNU Compiler       */
      |                            ^
../CMSIS/core_cm3.h(1208): error: unknown type name 'inline'
 1208 | static __INLINE void __disable_fault_irq()        { __ASM volatile ("cpsid f"); }
      |        ^
../CMSIS/core_cm3.h(751): note: expanded from macro '__INLINE'
  751 |   #define __INLINE         inline                                     /*!< inline keyword for GNU Compiler       */
      |                            ^
../CMSIS/core_cm3.h(1210): error: unknown type name 'inline'
 1210 | static __INLINE void __NOP()                      { __ASM volatile ("nop"); }
      |        ^
../CMSIS/core_cm3.h(751): note: expanded from macro '__INLINE'
  751 |   #define __INLINE         inline                                     /*!< inline keyword for GNU Compiler       */
      |                            ^
../CMSIS/core_cm3.h(1211): error: unknown type name 'inline'
 1211 | static __INLINE void __WFI()                      { __ASM volatile ("wfi"); }
      |        ^
../CMSIS/core_cm3.h(751): note: expanded from macro '__INLINE'
  751 |   #define __INLINE         inline                                     /*!< inline keyword for GNU Compiler       */
      |                            ^
../CMSIS/core_cm3.h(1212): error: unknown type name 'inline'
 1212 | static __INLINE void __WFE()                      { __ASM volatile ("wfe"); }
      |        ^
../CMSIS/core_cm3.h(751): note: expanded from macro '__INLINE'
  751 |   #define __INLINE         inline                                     /*!< inline keyword for GNU Compiler       */
      |                            ^
../CMSIS/core_cm3.h(1213): error: unknown type name 'inline'
 1213 | static __INLINE void __SEV()                      { __ASM volatile ("sev"); }
      |        ^
../CMSIS/core_cm3.h(751): note: expanded from macro '__INLINE'
  751 |   #define __INLINE         inline                                     /*!< inline keyword for GNU Compiler       */
      |                            ^
../CMSIS/core_cm3.h(1214): error: unknown type name 'inline'
 1214 | static __INLINE void __ISB()                      { __ASM volatile ("isb"); }
      |        ^
../CMSIS/core_cm3.h(751): note: expanded from macro '__INLINE'
  751 |   #define __INLINE         inline                                     /*!< inline keyword for GNU Compiler       */
      |                            ^
../CMSIS/core_cm3.h(1215): error: unknown type name 'inline'
 1215 | static __INLINE void __DSB()                      { __ASM volatile ("dsb"); }
      |        ^
../CMSIS/core_cm3.h(751): note: expanded from macro '__INLINE'
  751 |   #define __INLINE         inline                                     /*!< inline keyword for GNU Compiler       */
      |                            ^
../CMSIS/core_cm3.h(1216): error: unknown type name 'inline'
 1216 | static __INLINE void __DMB()                      { __ASM volatile ("dmb"); }
      |        ^
../CMSIS/core_cm3.h(751): note: expanded from macro '__INLINE'
  751 |   #define __INLINE         inline                                     /*!< inline keyword for GNU Compiler       */
      |                            ^
../CMSIS/core_cm3.h(1217): error: unknown type name 'inline'
 1217 | static __INLINE void __CLREX()                    { __ASM volatile ("clrex"); }
      |        ^
../CMSIS/core_cm3.h(751): note: expanded from macro '__INLINE'
  751 |   #define __INLINE         inline                                     /*!< inline keyword for GNU Compiler       */
      |                            ^
../CMSIS/core_cm3.h(1468): error: unknown type name 'inline'
 1468 | static __INLINE void NVIC_SetPriorityGrouping(uint32_t PriorityGroup)
      |        ^
../CMSIS/core_cm3.h(751): note: expanded from macro '__INLINE'
  751 |   #define __INLINE         inline                                     /*!< inline keyword for GNU Compiler       */
      |                            ^
../CMSIS/core_cm3.h(1489): error: unknown type name 'inline'
 1489 | static __INLINE uint32_t NVIC_GetPriorityGrouping(void)
      |        ^
../CMSIS/core_cm3.h(751): note: expanded from macro '__INLINE'
  751 |   #define __INLINE         inline                                     /*!< inline keyword for GNU Compiler       */
      |                            ^
../CMSIS/core_cm3.h(1489): error: expected ';' after top level declarator
 1489 | static __INLINE uint32_t NVIC_GetPriorityGrouping(void)
      |                         ^
      |                         ;
../CMSIS/core_cm3.h(1502): error: unknown type name 'inline'
 1502 | static __INLINE void NVIC_EnableIRQ(IRQn_Type IRQn)
      |        ^
../CMSIS/core_cm3.h(751): note: expanded from macro '__INLINE'
  751 |   #define __INLINE         inline                                     /*!< inline keyword for GNU Compiler       */
      |                            ^
../CMSIS/core_cm3.h(1515): error: unknown type name 'inline'
 1515 | static __INLINE void NVIC_DisableIRQ(IRQn_Type IRQn)
      |        ^
../CMSIS/core_cm3.h(751): note: expanded from macro '__INLINE'
  751 |   #define __INLINE         inline                                     /*!< inline keyword for GNU Compiler       */
      |                            ^
../CMSIS/core_cm3.h(1529): error: unknown type name 'inline'
 1529 | static __INLINE uint32_t NVIC_GetPendingIRQ(IRQn_Type IRQn)
      |        ^
../CMSIS/core_cm3.h(751): note: expanded from macro '__INLINE'
  751 |   #define __INLINE         inline                                     /*!< inline keyword for GNU Compiler       */
      |                            ^
../CMSIS/core_cm3.h(1529): error: expected ';' after top level declarator
 1529 | static __INLINE uint32_t NVIC_GetPendingIRQ(IRQn_Type IRQn)
      |                         ^
      |                         ;
fatal error: too many errors emitted, stopping now [-ferror-limit=]
20 errors generated.
compiling oled.c...
".\Objects\program.axf" - 551 Error(s), 0 Warning(s).

<h2>Software Packages used:</h2>

Package Vendor: Keil
                https://www.keil.com/pack/Keil.STM32F1xx_DFP.2.4.1.pack
                Keil::STM32F1xx_DFP@2.4.1
                STMicroelectronics STM32F1 Series Device Support, Drivers and Examples

<h2>Collection of Component include folders:</h2>
  C:/Users/yhjugy/AppData/Local/Arm/Packs/Keil/STM32F1xx_DFP/2.4.1/Device/Include

<h2>Collection of Component Files used:</h2>
Target not created.
Build Time Elapsed:  00:00:07
</pre>
</body>
</html>
